2022-05-28 18:02:08.610 INFO  [acme.Launcher@main] Starting Launcher using Java 1.8.0_281 on MacBook-Pro.local with PID 11289 (/Users/miguel/Downloads/Doc Locales/Miguelito/Universidad/3º Curso/DP2/Workspace-22.7/Frameworks/Acme-Framework-22.7/target/classes started by miguel in /Users/miguel/Downloads/Doc Locales/Miguelito/Universidad/3º Curso/DP2/Workspace-22.7/Projects/Acme-Toolkits) 
2022-05-28 18:02:08.611 DEBUG [acme.Launcher@main] Running with Spring Boot v2.4.2, Spring v5.3.3 
2022-05-28 18:02:08.613 INFO  [acme.Launcher@main] The following profiles are active: development,default 
2022-05-28 18:02:11.022 DEBUG [org.apache.jasper.servlet.JasperInitializer@main] Initializing Jasper for context [application] 
2022-05-28 18:02:17.213 DEBUG [org.apache.jasper.servlet.JspServlet@main] Scratch dir for the JSP engine is: [/private/var/folders/nd/x9m_7s254vn11c4v2h295x500000gn/T/tomcat.8080.234274228260772185/work/Tomcat/localhost/acme-toolkits-22.7] 
2022-05-28 18:02:17.213 DEBUG [org.apache.jasper.servlet.JspServlet@main] IMPORTANT: Do not modify the generated servlets 
2022-05-28 18:02:17.223 INFO  [acme.Launcher@main] Started Launcher in 9.102 seconds (JVM running for 9.633) 
2022-05-28 18:02:17.228 DEBUG [acme.Launcher@main] Found classpath entry '/Users/miguel/Downloads/Doc%20Locales/Miguelito/Universidad/3%c2%ba%20Curso/DP2/Workspace-22.7/Projects/Acme-Toolkits/target/test-classes/' 
2022-05-28 18:02:17.228 DEBUG [acme.Launcher@main] Found classpath entry '/Users/miguel/Downloads/Doc%20Locales/Miguelito/Universidad/3%c2%ba%20Curso/DP2/Workspace-22.7/Projects/Acme-Toolkits/target/classes/' 
2022-05-28 18:02:17.229 DEBUG [acme.Launcher@main] Found classpath entry '/Users/miguel/Downloads/Doc%20Locales/Miguelito/Universidad/3%c2%ba%20Curso/DP2/Workspace-22.7/Frameworks/Acme-Framework-22.7/target/classes/' 
2022-05-28 18:02:17.229 DEBUG [acme.Launcher@main] Found classpath entry '/Users/miguel/Downloads/Doc%20Locales/Miguelito/Universidad/3%c2%ba%20Curso/DP2/Workspace-22.7/Frameworks/Acme-Framework-22.7/target/test-classes/' 
2022-05-28 18:02:17.229 DEBUG [acme.Launcher@main] Found classpath entry '/Users/miguel/.m2/repository/org/springframework/boot/spring-boot-starter-tomcat/2.4.2/spring-boot-starter-tomcat-2.4.2.jar' 
2022-05-28 18:02:17.229 DEBUG [acme.Launcher@main] Found classpath entry '/Users/miguel/.m2/repository/jakarta/annotation/jakarta.annotation-api/1.3.5/jakarta.annotation-api-1.3.5.jar' 
2022-05-28 18:02:17.229 DEBUG [acme.Launcher@main] Found classpath entry '/Users/miguel/.m2/repository/org/apache/tomcat/embed/tomcat-embed-core/9.0.41/tomcat-embed-core-9.0.41.jar' 
2022-05-28 18:02:17.230 DEBUG [acme.Launcher@main] Found classpath entry '/Users/miguel/.m2/repository/org/glassfish/jakarta.el/3.0.3/jakarta.el-3.0.3.jar' 
2022-05-28 18:02:17.230 DEBUG [acme.Launcher@main] Found classpath entry '/Users/miguel/.m2/repository/org/apache/tomcat/embed/tomcat-embed-websocket/9.0.41/tomcat-embed-websocket-9.0.41.jar' 
2022-05-28 18:02:17.230 DEBUG [acme.Launcher@main] Found classpath entry '/Users/miguel/.m2/repository/org/apache/tomcat/embed/tomcat-embed-jasper/9.0.41/tomcat-embed-jasper-9.0.41.jar' 
2022-05-28 18:02:17.230 DEBUG [acme.Launcher@main] Found classpath entry '/Users/miguel/.m2/repository/org/apache/tomcat/embed/tomcat-embed-el/9.0.41/tomcat-embed-el-9.0.41.jar' 
2022-05-28 18:02:17.230 DEBUG [acme.Launcher@main] Found classpath entry '/Users/miguel/.m2/repository/org/eclipse/jdt/ecj/3.18.0/ecj-3.18.0.jar' 
2022-05-28 18:02:17.230 DEBUG [acme.Launcher@main] Found classpath entry '/Users/miguel/.m2/repository/javax/servlet/jstl/1.2/jstl-1.2.jar' 
2022-05-28 18:02:17.231 DEBUG [acme.Launcher@main] Found classpath entry '/Users/miguel/.m2/repository/org/springframework/boot/spring-boot-starter-security/2.4.2/spring-boot-starter-security-2.4.2.jar' 
2022-05-28 18:02:17.231 DEBUG [acme.Launcher@main] Found classpath entry '/Users/miguel/.m2/repository/org/springframework/boot/spring-boot-starter/2.4.2/spring-boot-starter-2.4.2.jar' 
2022-05-28 18:02:17.231 DEBUG [acme.Launcher@main] Found classpath entry '/Users/miguel/.m2/repository/org/springframework/boot/spring-boot/2.4.2/spring-boot-2.4.2.jar' 
2022-05-28 18:02:17.231 DEBUG [acme.Launcher@main] Found classpath entry '/Users/miguel/.m2/repository/org/springframework/boot/spring-boot-autoconfigure/2.4.2/spring-boot-autoconfigure-2.4.2.jar' 
2022-05-28 18:02:17.231 DEBUG [acme.Launcher@main] Found classpath entry '/Users/miguel/.m2/repository/org/springframework/boot/spring-boot-starter-logging/2.4.2/spring-boot-starter-logging-2.4.2.jar' 
2022-05-28 18:02:17.232 DEBUG [acme.Launcher@main] Found classpath entry '/Users/miguel/.m2/repository/ch/qos/logback/logback-classic/1.2.3/logback-classic-1.2.3.jar' 
2022-05-28 18:02:17.232 DEBUG [acme.Launcher@main] Found classpath entry '/Users/miguel/.m2/repository/ch/qos/logback/logback-core/1.2.3/logback-core-1.2.3.jar' 
2022-05-28 18:02:17.232 DEBUG [acme.Launcher@main] Found classpath entry '/Users/miguel/.m2/repository/org/apache/logging/log4j/log4j-to-slf4j/2.13.3/log4j-to-slf4j-2.13.3.jar' 
2022-05-28 18:02:17.232 DEBUG [acme.Launcher@main] Found classpath entry '/Users/miguel/.m2/repository/org/apache/logging/log4j/log4j-api/2.13.3/log4j-api-2.13.3.jar' 
2022-05-28 18:02:17.232 DEBUG [acme.Launcher@main] Found classpath entry '/Users/miguel/.m2/repository/org/slf4j/jul-to-slf4j/1.7.30/jul-to-slf4j-1.7.30.jar' 
2022-05-28 18:02:17.232 DEBUG [acme.Launcher@main] Found classpath entry '/Users/miguel/.m2/repository/org/yaml/snakeyaml/1.27/snakeyaml-1.27.jar' 
2022-05-28 18:02:17.232 DEBUG [acme.Launcher@main] Found classpath entry '/Users/miguel/.m2/repository/org/springframework/spring-aop/5.3.3/spring-aop-5.3.3.jar' 
2022-05-28 18:02:17.233 DEBUG [acme.Launcher@main] Found classpath entry '/Users/miguel/.m2/repository/org/springframework/security/spring-security-web/5.4.2/spring-security-web-5.4.2.jar' 
2022-05-28 18:02:17.233 DEBUG [acme.Launcher@main] Found classpath entry '/Users/miguel/.m2/repository/org/springframework/security/spring-security-core/5.4.2/spring-security-core-5.4.2.jar' 
2022-05-28 18:02:17.233 DEBUG [acme.Launcher@main] Found classpath entry '/Users/miguel/.m2/repository/org/springframework/spring-beans/5.3.3/spring-beans-5.3.3.jar' 
2022-05-28 18:02:17.233 DEBUG [acme.Launcher@main] Found classpath entry '/Users/miguel/.m2/repository/org/springframework/spring-context/5.3.3/spring-context-5.3.3.jar' 
2022-05-28 18:02:17.233 DEBUG [acme.Launcher@main] Found classpath entry '/Users/miguel/.m2/repository/org/springframework/spring-core/5.3.3/spring-core-5.3.3.jar' 
2022-05-28 18:02:17.233 DEBUG [acme.Launcher@main] Found classpath entry '/Users/miguel/.m2/repository/org/springframework/spring-jcl/5.3.3/spring-jcl-5.3.3.jar' 
2022-05-28 18:02:17.233 DEBUG [acme.Launcher@main] Found classpath entry '/Users/miguel/.m2/repository/org/springframework/spring-expression/5.3.3/spring-expression-5.3.3.jar' 
2022-05-28 18:02:17.233 DEBUG [acme.Launcher@main] Found classpath entry '/Users/miguel/.m2/repository/org/springframework/spring-web/5.3.3/spring-web-5.3.3.jar' 
2022-05-28 18:02:17.234 DEBUG [acme.Launcher@main] Found classpath entry '/Users/miguel/.m2/repository/org/springframework/security/spring-security-config/5.4.2/spring-security-config-5.4.2.jar' 
2022-05-28 18:02:17.234 DEBUG [acme.Launcher@main] Found classpath entry '/Users/miguel/.m2/repository/org/springframework/security/spring-security-taglibs/5.4.2/spring-security-taglibs-5.4.2.jar' 
2022-05-28 18:02:17.234 DEBUG [acme.Launcher@main] Found classpath entry '/Users/miguel/.m2/repository/org/springframework/security/spring-security-acl/5.4.2/spring-security-acl-5.4.2.jar' 
2022-05-28 18:02:17.234 DEBUG [acme.Launcher@main] Found classpath entry '/Users/miguel/.m2/repository/org/springframework/spring-jdbc/5.3.3/spring-jdbc-5.3.3.jar' 
2022-05-28 18:02:17.234 DEBUG [acme.Launcher@main] Found classpath entry '/Users/miguel/.m2/repository/org/springframework/spring-tx/5.3.3/spring-tx-5.3.3.jar' 
2022-05-28 18:02:17.234 DEBUG [acme.Launcher@main] Found classpath entry '/Users/miguel/.m2/repository/org/springframework/boot/spring-boot-starter-web/2.4.2/spring-boot-starter-web-2.4.2.jar' 
2022-05-28 18:02:17.234 DEBUG [acme.Launcher@main] Found classpath entry '/Users/miguel/.m2/repository/org/springframework/boot/spring-boot-starter-json/2.4.2/spring-boot-starter-json-2.4.2.jar' 
2022-05-28 18:02:17.234 DEBUG [acme.Launcher@main] Found classpath entry '/Users/miguel/.m2/repository/com/fasterxml/jackson/core/jackson-databind/2.11.4/jackson-databind-2.11.4.jar' 
2022-05-28 18:02:17.235 DEBUG [acme.Launcher@main] Found classpath entry '/Users/miguel/.m2/repository/com/fasterxml/jackson/core/jackson-annotations/2.11.4/jackson-annotations-2.11.4.jar' 
2022-05-28 18:02:17.235 DEBUG [acme.Launcher@main] Found classpath entry '/Users/miguel/.m2/repository/com/fasterxml/jackson/core/jackson-core/2.11.4/jackson-core-2.11.4.jar' 
2022-05-28 18:02:17.235 DEBUG [acme.Launcher@main] Found classpath entry '/Users/miguel/.m2/repository/com/fasterxml/jackson/datatype/jackson-datatype-jdk8/2.11.4/jackson-datatype-jdk8-2.11.4.jar' 
2022-05-28 18:02:17.235 DEBUG [acme.Launcher@main] Found classpath entry '/Users/miguel/.m2/repository/com/fasterxml/jackson/datatype/jackson-datatype-jsr310/2.11.4/jackson-datatype-jsr310-2.11.4.jar' 
2022-05-28 18:02:17.235 DEBUG [acme.Launcher@main] Found classpath entry '/Users/miguel/.m2/repository/com/fasterxml/jackson/module/jackson-module-parameter-names/2.11.4/jackson-module-parameter-names-2.11.4.jar' 
2022-05-28 18:02:17.235 DEBUG [acme.Launcher@main] Found classpath entry '/Users/miguel/.m2/repository/org/springframework/spring-webmvc/5.3.3/spring-webmvc-5.3.3.jar' 
2022-05-28 18:02:17.235 DEBUG [acme.Launcher@main] Found classpath entry '/Users/miguel/.m2/repository/org/apache/tiles/tiles-jsp/3.0.8/tiles-jsp-3.0.8.jar' 
2022-05-28 18:02:17.235 DEBUG [acme.Launcher@main] Found classpath entry '/Users/miguel/.m2/repository/org/apache/tiles/tiles-servlet/3.0.8/tiles-servlet-3.0.8.jar' 
2022-05-28 18:02:17.235 DEBUG [acme.Launcher@main] Found classpath entry '/Users/miguel/.m2/repository/org/apache/tiles/tiles-core/3.0.8/tiles-core-3.0.8.jar' 
2022-05-28 18:02:17.236 DEBUG [acme.Launcher@main] Found classpath entry '/Users/miguel/.m2/repository/commons-digester/commons-digester/2.0/commons-digester-2.0.jar' 
2022-05-28 18:02:17.236 DEBUG [acme.Launcher@main] Found classpath entry '/Users/miguel/.m2/repository/org/slf4j/jcl-over-slf4j/1.7.30/jcl-over-slf4j-1.7.30.jar' 
2022-05-28 18:02:17.236 DEBUG [acme.Launcher@main] Found classpath entry '/Users/miguel/.m2/repository/org/apache/tiles/tiles-request-servlet/1.0.7/tiles-request-servlet-1.0.7.jar' 
2022-05-28 18:02:17.236 DEBUG [acme.Launcher@main] Found classpath entry '/Users/miguel/.m2/repository/org/apache/tiles/tiles-template/3.0.8/tiles-template-3.0.8.jar' 
2022-05-28 18:02:17.236 DEBUG [acme.Launcher@main] Found classpath entry '/Users/miguel/.m2/repository/org/apache/tiles/tiles-api/3.0.8/tiles-api-3.0.8.jar' 
2022-05-28 18:02:17.236 DEBUG [acme.Launcher@main] Found classpath entry '/Users/miguel/.m2/repository/org/apache/tiles/tiles-autotag-core-runtime/1.2/tiles-autotag-core-runtime-1.2.jar' 
2022-05-28 18:02:17.237 DEBUG [acme.Launcher@main] Found classpath entry '/Users/miguel/.m2/repository/org/slf4j/slf4j-api/1.7.30/slf4j-api-1.7.30.jar' 
2022-05-28 18:02:17.237 DEBUG [acme.Launcher@main] Found classpath entry '/Users/miguel/.m2/repository/org/apache/tiles/tiles-request-jsp/1.0.7/tiles-request-jsp-1.0.7.jar' 
2022-05-28 18:02:17.237 DEBUG [acme.Launcher@main] Found classpath entry '/Users/miguel/.m2/repository/org/apache/tiles/tiles-request-api/1.0.7/tiles-request-api-1.0.7.jar' 
2022-05-28 18:02:17.237 DEBUG [acme.Launcher@main] Found classpath entry '/Users/miguel/.m2/repository/org/springframework/boot/spring-boot-starter-data-jpa/2.4.2/spring-boot-starter-data-jpa-2.4.2.jar' 
2022-05-28 18:02:17.237 DEBUG [acme.Launcher@main] Found classpath entry '/Users/miguel/.m2/repository/org/springframework/boot/spring-boot-starter-aop/2.4.2/spring-boot-starter-aop-2.4.2.jar' 
2022-05-28 18:02:17.237 DEBUG [acme.Launcher@main] Found classpath entry '/Users/miguel/.m2/repository/org/aspectj/aspectjweaver/1.9.6/aspectjweaver-1.9.6.jar' 
2022-05-28 18:02:17.237 DEBUG [acme.Launcher@main] Found classpath entry '/Users/miguel/.m2/repository/org/springframework/boot/spring-boot-starter-jdbc/2.4.2/spring-boot-starter-jdbc-2.4.2.jar' 
2022-05-28 18:02:17.237 DEBUG [acme.Launcher@main] Found classpath entry '/Users/miguel/.m2/repository/jakarta/transaction/jakarta.transaction-api/1.3.3/jakarta.transaction-api-1.3.3.jar' 
2022-05-28 18:02:17.237 DEBUG [acme.Launcher@main] Found classpath entry '/Users/miguel/.m2/repository/jakarta/persistence/jakarta.persistence-api/2.2.3/jakarta.persistence-api-2.2.3.jar' 
2022-05-28 18:02:17.238 DEBUG [acme.Launcher@main] Found classpath entry '/Users/miguel/.m2/repository/org/hibernate/hibernate-core/5.4.27.Final/hibernate-core-5.4.27.Final.jar' 
2022-05-28 18:02:17.238 DEBUG [acme.Launcher@main] Found classpath entry '/Users/miguel/.m2/repository/org/jboss/logging/jboss-logging/3.4.1.Final/jboss-logging-3.4.1.Final.jar' 
2022-05-28 18:02:17.238 DEBUG [acme.Launcher@main] Found classpath entry '/Users/miguel/.m2/repository/org/javassist/javassist/3.27.0-GA/javassist-3.27.0-GA.jar' 
2022-05-28 18:02:17.238 DEBUG [acme.Launcher@main] Found classpath entry '/Users/miguel/.m2/repository/antlr/antlr/2.7.7/antlr-2.7.7.jar' 
2022-05-28 18:02:17.238 DEBUG [acme.Launcher@main] Found classpath entry '/Users/miguel/.m2/repository/org/jboss/jandex/2.1.3.Final/jandex-2.1.3.Final.jar' 
2022-05-28 18:02:17.238 DEBUG [acme.Launcher@main] Found classpath entry '/Users/miguel/.m2/repository/com/fasterxml/classmate/1.5.1/classmate-1.5.1.jar' 
2022-05-28 18:02:17.238 DEBUG [acme.Launcher@main] Found classpath entry '/Users/miguel/.m2/repository/org/dom4j/dom4j/2.1.3/dom4j-2.1.3.jar' 
2022-05-28 18:02:17.238 DEBUG [acme.Launcher@main] Found classpath entry '/Users/miguel/.m2/repository/org/hibernate/common/hibernate-commons-annotations/5.1.2.Final/hibernate-commons-annotations-5.1.2.Final.jar' 
2022-05-28 18:02:17.238 DEBUG [acme.Launcher@main] Found classpath entry '/Users/miguel/.m2/repository/org/glassfish/jaxb/jaxb-runtime/2.3.3/jaxb-runtime-2.3.3.jar' 
2022-05-28 18:02:17.238 DEBUG [acme.Launcher@main] Found classpath entry '/Users/miguel/.m2/repository/org/glassfish/jaxb/txw2/2.3.3/txw2-2.3.3.jar' 
2022-05-28 18:02:17.238 DEBUG [acme.Launcher@main] Found classpath entry '/Users/miguel/.m2/repository/com/sun/istack/istack-commons-runtime/3.0.11/istack-commons-runtime-3.0.11.jar' 
2022-05-28 18:02:17.239 DEBUG [acme.Launcher@main] Found classpath entry '/Users/miguel/.m2/repository/com/sun/activation/jakarta.activation/1.2.2/jakarta.activation-1.2.2.jar' 
2022-05-28 18:02:17.239 DEBUG [acme.Launcher@main] Found classpath entry '/Users/miguel/.m2/repository/org/springframework/data/spring-data-jpa/2.4.3/spring-data-jpa-2.4.3.jar' 
2022-05-28 18:02:17.239 DEBUG [acme.Launcher@main] Found classpath entry '/Users/miguel/.m2/repository/org/springframework/data/spring-data-commons/2.4.3/spring-data-commons-2.4.3.jar' 
2022-05-28 18:02:17.239 DEBUG [acme.Launcher@main] Found classpath entry '/Users/miguel/.m2/repository/org/springframework/spring-orm/5.3.3/spring-orm-5.3.3.jar' 
2022-05-28 18:02:17.239 DEBUG [acme.Launcher@main] Found classpath entry '/Users/miguel/.m2/repository/org/springframework/spring-aspects/5.3.3/spring-aspects-5.3.3.jar' 
2022-05-28 18:02:17.239 DEBUG [acme.Launcher@main] Found classpath entry '/Users/miguel/.m2/repository/org/springframework/boot/spring-boot-starter-validation/2.4.2/spring-boot-starter-validation-2.4.2.jar' 
2022-05-28 18:02:17.239 DEBUG [acme.Launcher@main] Found classpath entry '/Users/miguel/.m2/repository/org/hibernate/validator/hibernate-validator/6.1.7.Final/hibernate-validator-6.1.7.Final.jar' 
2022-05-28 18:02:17.240 DEBUG [acme.Launcher@main] Found classpath entry '/Users/miguel/.m2/repository/jakarta/validation/jakarta.validation-api/2.0.2/jakarta.validation-api-2.0.2.jar' 
2022-05-28 18:02:17.240 DEBUG [acme.Launcher@main] Found classpath entry '/Users/miguel/.m2/repository/mysql/mysql-connector-java/8.0.22/mysql-connector-java-8.0.22.jar' 
2022-05-28 18:02:17.240 DEBUG [acme.Launcher@main] Found classpath entry '/Users/miguel/.m2/repository/com/zaxxer/HikariCP/3.4.5/HikariCP-3.4.5.jar' 
2022-05-28 18:02:17.240 DEBUG [acme.Launcher@main] Found classpath entry '/Users/miguel/.m2/repository/org/springframework/boot/spring-boot-starter-test/2.4.2/spring-boot-starter-test-2.4.2.jar' 
2022-05-28 18:02:17.240 DEBUG [acme.Launcher@main] Found classpath entry '/Users/miguel/.m2/repository/org/springframework/boot/spring-boot-test/2.4.2/spring-boot-test-2.4.2.jar' 
2022-05-28 18:02:17.240 DEBUG [acme.Launcher@main] Found classpath entry '/Users/miguel/.m2/repository/org/springframework/boot/spring-boot-test-autoconfigure/2.4.2/spring-boot-test-autoconfigure-2.4.2.jar' 
2022-05-28 18:02:17.240 DEBUG [acme.Launcher@main] Found classpath entry '/Users/miguel/.m2/repository/com/jayway/jsonpath/json-path/2.4.0/json-path-2.4.0.jar' 
2022-05-28 18:02:17.240 DEBUG [acme.Launcher@main] Found classpath entry '/Users/miguel/.m2/repository/net/minidev/json-smart/2.3/json-smart-2.3.jar' 
2022-05-28 18:02:17.241 DEBUG [acme.Launcher@main] Found classpath entry '/Users/miguel/.m2/repository/net/minidev/accessors-smart/1.2/accessors-smart-1.2.jar' 
2022-05-28 18:02:17.241 DEBUG [acme.Launcher@main] Found classpath entry '/Users/miguel/.m2/repository/org/ow2/asm/asm/5.0.4/asm-5.0.4.jar' 
2022-05-28 18:02:17.241 DEBUG [acme.Launcher@main] Found classpath entry '/Users/miguel/.m2/repository/jakarta/xml/bind/jakarta.xml.bind-api/2.3.3/jakarta.xml.bind-api-2.3.3.jar' 
2022-05-28 18:02:17.241 DEBUG [acme.Launcher@main] Found classpath entry '/Users/miguel/.m2/repository/jakarta/activation/jakarta.activation-api/1.2.2/jakarta.activation-api-1.2.2.jar' 
2022-05-28 18:02:17.241 DEBUG [acme.Launcher@main] Found classpath entry '/Users/miguel/.m2/repository/org/assertj/assertj-core/3.18.1/assertj-core-3.18.1.jar' 
2022-05-28 18:02:17.241 DEBUG [acme.Launcher@main] Found classpath entry '/Users/miguel/.m2/repository/org/hamcrest/hamcrest/2.2/hamcrest-2.2.jar' 
2022-05-28 18:02:17.241 DEBUG [acme.Launcher@main] Found classpath entry '/Users/miguel/.m2/repository/org/junit/jupiter/junit-jupiter/5.7.0/junit-jupiter-5.7.0.jar' 
2022-05-28 18:02:17.241 DEBUG [acme.Launcher@main] Found classpath entry '/Users/miguel/.m2/repository/org/mockito/mockito-core/3.6.28/mockito-core-3.6.28.jar' 
2022-05-28 18:02:17.241 DEBUG [acme.Launcher@main] Found classpath entry '/Users/miguel/.m2/repository/net/bytebuddy/byte-buddy-agent/1.10.19/byte-buddy-agent-1.10.19.jar' 
2022-05-28 18:02:17.241 DEBUG [acme.Launcher@main] Found classpath entry '/Users/miguel/.m2/repository/org/objenesis/objenesis/3.1/objenesis-3.1.jar' 
2022-05-28 18:02:17.241 DEBUG [acme.Launcher@main] Found classpath entry '/Users/miguel/.m2/repository/org/mockito/mockito-junit-jupiter/3.6.28/mockito-junit-jupiter-3.6.28.jar' 
2022-05-28 18:02:17.241 DEBUG [acme.Launcher@main] Found classpath entry '/Users/miguel/.m2/repository/org/skyscreamer/jsonassert/1.5.0/jsonassert-1.5.0.jar' 
2022-05-28 18:02:17.241 DEBUG [acme.Launcher@main] Found classpath entry '/Users/miguel/.m2/repository/com/vaadin/external/google/android-json/0.0.20131108.vaadin1/android-json-0.0.20131108.vaadin1.jar' 
2022-05-28 18:02:17.242 DEBUG [acme.Launcher@main] Found classpath entry '/Users/miguel/.m2/repository/org/springframework/spring-test/5.3.3/spring-test-5.3.3.jar' 
2022-05-28 18:02:17.242 DEBUG [acme.Launcher@main] Found classpath entry '/Users/miguel/.m2/repository/org/xmlunit/xmlunit-core/2.7.0/xmlunit-core-2.7.0.jar' 
2022-05-28 18:02:17.242 DEBUG [acme.Launcher@main] Found classpath entry '/Users/miguel/.m2/repository/org/junit/jupiter/junit-jupiter-engine/5.7.0/junit-jupiter-engine-5.7.0.jar' 
2022-05-28 18:02:17.242 DEBUG [acme.Launcher@main] Found classpath entry '/Users/miguel/.m2/repository/org/apiguardian/apiguardian-api/1.1.0/apiguardian-api-1.1.0.jar' 
2022-05-28 18:02:17.242 DEBUG [acme.Launcher@main] Found classpath entry '/Users/miguel/.m2/repository/org/junit/platform/junit-platform-engine/1.7.0/junit-platform-engine-1.7.0.jar' 
2022-05-28 18:02:17.242 DEBUG [acme.Launcher@main] Found classpath entry '/Users/miguel/.m2/repository/org/junit/jupiter/junit-jupiter-api/5.7.0/junit-jupiter-api-5.7.0.jar' 
2022-05-28 18:02:17.242 DEBUG [acme.Launcher@main] Found classpath entry '/Users/miguel/.m2/repository/org/opentest4j/opentest4j/1.2.0/opentest4j-1.2.0.jar' 
2022-05-28 18:02:17.242 DEBUG [acme.Launcher@main] Found classpath entry '/Users/miguel/.m2/repository/org/junit/platform/junit-platform-commons/1.7.0/junit-platform-commons-1.7.0.jar' 
2022-05-28 18:02:17.242 DEBUG [acme.Launcher@main] Found classpath entry '/Users/miguel/.m2/repository/org/junit/jupiter/junit-jupiter-params/5.7.0/junit-jupiter-params-5.7.0.jar' 
2022-05-28 18:02:17.243 DEBUG [acme.Launcher@main] Found classpath entry '/Users/miguel/.m2/repository/org/junit/platform/junit-platform-launcher/1.7.0/junit-platform-launcher-1.7.0.jar' 
2022-05-28 18:02:17.243 DEBUG [acme.Launcher@main] Found classpath entry '/Users/miguel/.m2/repository/org/seleniumhq/selenium/selenium-java/3.141.59/selenium-java-3.141.59.jar' 
2022-05-28 18:02:17.243 DEBUG [acme.Launcher@main] Found classpath entry '/Users/miguel/.m2/repository/org/seleniumhq/selenium/selenium-api/3.141.59/selenium-api-3.141.59.jar' 
2022-05-28 18:02:17.243 DEBUG [acme.Launcher@main] Found classpath entry '/Users/miguel/.m2/repository/org/seleniumhq/selenium/selenium-chrome-driver/3.141.59/selenium-chrome-driver-3.141.59.jar' 
2022-05-28 18:02:17.243 DEBUG [acme.Launcher@main] Found classpath entry '/Users/miguel/.m2/repository/org/seleniumhq/selenium/selenium-edge-driver/3.141.59/selenium-edge-driver-3.141.59.jar' 
2022-05-28 18:02:17.243 DEBUG [acme.Launcher@main] Found classpath entry '/Users/miguel/.m2/repository/org/seleniumhq/selenium/selenium-firefox-driver/3.141.59/selenium-firefox-driver-3.141.59.jar' 
2022-05-28 18:02:17.243 DEBUG [acme.Launcher@main] Found classpath entry '/Users/miguel/.m2/repository/org/seleniumhq/selenium/selenium-ie-driver/3.141.59/selenium-ie-driver-3.141.59.jar' 
2022-05-28 18:02:17.244 DEBUG [acme.Launcher@main] Found classpath entry '/Users/miguel/.m2/repository/org/seleniumhq/selenium/selenium-opera-driver/3.141.59/selenium-opera-driver-3.141.59.jar' 
2022-05-28 18:02:17.244 DEBUG [acme.Launcher@main] Found classpath entry '/Users/miguel/.m2/repository/org/seleniumhq/selenium/selenium-remote-driver/3.141.59/selenium-remote-driver-3.141.59.jar' 
2022-05-28 18:02:17.244 DEBUG [acme.Launcher@main] Found classpath entry '/Users/miguel/.m2/repository/org/seleniumhq/selenium/selenium-safari-driver/3.141.59/selenium-safari-driver-3.141.59.jar' 
2022-05-28 18:02:17.244 DEBUG [acme.Launcher@main] Found classpath entry '/Users/miguel/.m2/repository/org/seleniumhq/selenium/selenium-support/3.141.59/selenium-support-3.141.59.jar' 
2022-05-28 18:02:17.244 DEBUG [acme.Launcher@main] Found classpath entry '/Users/miguel/.m2/repository/net/bytebuddy/byte-buddy/1.10.19/byte-buddy-1.10.19.jar' 
2022-05-28 18:02:17.244 DEBUG [acme.Launcher@main] Found classpath entry '/Users/miguel/.m2/repository/org/apache/commons/commons-exec/1.3/commons-exec-1.3.jar' 
2022-05-28 18:02:17.244 DEBUG [acme.Launcher@main] Found classpath entry '/Users/miguel/.m2/repository/com/google/guava/guava/25.0-jre/guava-25.0-jre.jar' 
2022-05-28 18:02:17.244 DEBUG [acme.Launcher@main] Found classpath entry '/Users/miguel/.m2/repository/com/google/code/findbugs/jsr305/1.3.9/jsr305-1.3.9.jar' 
2022-05-28 18:02:17.245 DEBUG [acme.Launcher@main] Found classpath entry '/Users/miguel/.m2/repository/org/checkerframework/checker-compat-qual/2.0.0/checker-compat-qual-2.0.0.jar' 
2022-05-28 18:02:17.245 DEBUG [acme.Launcher@main] Found classpath entry '/Users/miguel/.m2/repository/com/google/errorprone/error_prone_annotations/2.1.3/error_prone_annotations-2.1.3.jar' 
2022-05-28 18:02:17.245 DEBUG [acme.Launcher@main] Found classpath entry '/Users/miguel/.m2/repository/com/google/j2objc/j2objc-annotations/1.1/j2objc-annotations-1.1.jar' 
2022-05-28 18:02:17.245 DEBUG [acme.Launcher@main] Found classpath entry '/Users/miguel/.m2/repository/org/codehaus/mojo/animal-sniffer-annotations/1.14/animal-sniffer-annotations-1.14.jar' 
2022-05-28 18:02:17.245 DEBUG [acme.Launcher@main] Found classpath entry '/Users/miguel/.m2/repository/com/squareup/okhttp3/okhttp/3.14.9/okhttp-3.14.9.jar' 
2022-05-28 18:02:17.245 DEBUG [acme.Launcher@main] Found classpath entry '/Users/miguel/.m2/repository/com/squareup/okio/okio/1.14.0/okio-1.14.0.jar' 
2022-05-28 18:02:17.246 DEBUG [acme.Launcher@main] Found classpath entry '/Users/miguel/.m2/repository/org/apache/commons/commons-lang3/3.11/commons-lang3-3.11.jar' 
2022-05-28 18:02:17.246 DEBUG [acme.Launcher@main] Found classpath entry '/Users/miguel/.m2/repository/org/apache/commons/commons-text/1.8/commons-text-1.8.jar' 
2022-05-28 18:02:17.246 DEBUG [acme.Launcher@main] Found classpath entry '/Users/miguel/.m2/repository/commons-io/commons-io/2.6/commons-io-2.6.jar' 
2022-05-28 18:02:17.246 DEBUG [acme.Launcher@main] Found classpath entry '/Users/miguel/.m2/repository/commons-cli/commons-cli/1.4/commons-cli-1.4.jar' 
2022-05-28 18:02:17.246 DEBUG [acme.Launcher@main] Found classpath entry '/Users/miguel/.m2/repository/org/projectlombok/lombok/1.18.16/lombok-1.18.16.jar' 
2022-05-28 18:02:17.246 DEBUG [acme.Launcher@main] Found classpath entry '/Users/miguel/.m2/repository/com/opencsv/opencsv/5.4/opencsv-5.4.jar' 
2022-05-28 18:02:17.246 DEBUG [acme.Launcher@main] Found classpath entry '/Users/miguel/.m2/repository/commons-beanutils/commons-beanutils/1.9.4/commons-beanutils-1.9.4.jar' 
2022-05-28 18:02:17.246 DEBUG [acme.Launcher@main] Found classpath entry '/Users/miguel/.m2/repository/commons-logging/commons-logging/1.2/commons-logging-1.2.jar' 
2022-05-28 18:02:17.246 DEBUG [acme.Launcher@main] Found classpath entry '/Users/miguel/.m2/repository/commons-collections/commons-collections/3.2.2/commons-collections-3.2.2.jar' 
2022-05-28 18:02:17.247 DEBUG [acme.Launcher@main] Found classpath entry '/Users/miguel/.m2/repository/org/apache/commons/commons-collections4/4.4/commons-collections4-4.4.jar' 
2022-05-28 18:02:17.247 DEBUG [acme.Launcher@main] Found classpath entry '/Users/miguel/Downloads/Doc%20Locales/Miguelito/Universidad/3%c2%ba%20Curso/DP2/Workspace-22.7/Projects/Acme-Toolkits/libs/Spam.jar' 
2022-05-28 18:02:17.314 DEBUG [acme.Launcher@main] Found entity class 'acme.entities.Announcement 
2022-05-28 18:02:17.314 DEBUG [acme.Launcher@main] Found entity class 'acme.entities.Chimpum 
2022-05-28 18:02:17.314 DEBUG [acme.Launcher@main] Found entity class 'acme.entities.Chirp 
2022-05-28 18:02:17.314 DEBUG [acme.Launcher@main] Found entity class 'acme.entities.Item 
2022-05-28 18:02:17.314 DEBUG [acme.Launcher@main] Found entity class 'acme.entities.ItemQuantity 
2022-05-28 18:02:17.314 DEBUG [acme.Launcher@main] Found entity class 'acme.entities.MoneyExchangeCache 
2022-05-28 18:02:17.315 DEBUG [acme.Launcher@main] Found entity class 'acme.entities.Patronage 
2022-05-28 18:02:17.315 DEBUG [acme.Launcher@main] Found entity class 'acme.entities.PatronageReport 
2022-05-28 18:02:17.315 DEBUG [acme.Launcher@main] Found entity class 'acme.entities.SystemConfiguration 
2022-05-28 18:02:17.315 DEBUG [acme.Launcher@main] Found entity class 'acme.entities.Toolkit 
2022-05-28 18:02:17.315 DEBUG [acme.Launcher@main] Found entity class 'acme.roles.Inventor 
2022-05-28 18:02:17.315 DEBUG [acme.Launcher@main] Found entity class 'acme.roles.Patron 
2022-05-28 18:02:17.315 DEBUG [acme.Launcher@main] Found entity class 'acme.framework.entities.UserAccount 
2022-05-28 18:02:17.315 DEBUG [acme.Launcher@main] Found entity class 'acme.framework.roles.Administrator 
2022-05-28 18:02:17.315 DEBUG [acme.Launcher@main] Found entity class 'acme.framework.roles.Anonymous 
2022-05-28 18:02:17.316 DEBUG [acme.Launcher@main] Found entity class 'acme.framework.roles.Any 
2022-05-28 18:02:17.316 DEBUG [acme.Launcher@main] Found entity class 'acme.framework.roles.Authenticated 
2022-05-28 18:02:17.319 INFO  [acme.Launcher@main] Running application (Standalone) 
2022-05-28 18:02:28.807 DEBUG [acme.framework.components.tiles.DynamicTilesView@http-nio-8080-exec-6] View name 'fragments/welcome', model {} 
2022-05-28 18:02:28.828 DEBUG [org.apache.tiles.definition.dao.BaseLocaleUrlDefinitionDAO@http-nio-8080-exec-6] File Resource file:/Users/miguel/Downloads/Doc%20Locales/Miguelito/Universidad/3º%20Curso/DP2/Workspace-22.7/Projects/Acme-Toolkits/target/classes/WEB-INF/views/master/tiles_en.xml at file:/Users/miguel/Downloads/Doc%20Locales/Miguelito/Universidad/3º%20Curso/DP2/Workspace-22.7/Projects/Acme-Toolkits/target/classes/WEB-INF/views/master/tiles_en.xml not found, continue 
2022-05-28 18:02:28.833 DEBUG [org.apache.jasper.servlet.JspServlet@http-nio-8080-exec-6] JspEngine --> /WEB-INF/views/master/page.jsp 
2022-05-28 18:02:28.834 DEBUG [org.apache.jasper.servlet.JspServlet@http-nio-8080-exec-6] ServletPath: /WEB-INF/views/master/page.jsp 
2022-05-28 18:02:28.834 DEBUG [org.apache.jasper.servlet.JspServlet@http-nio-8080-exec-6] PathInfo: null 
2022-05-28 18:02:28.835 DEBUG [org.apache.jasper.servlet.JspServlet@http-nio-8080-exec-6] RealPath: /Users/miguel/Downloads/Doc Locales/Miguelito/Universidad/3º Curso/DP2/Workspace-22.7/Projects/Acme-Toolkits/target/classes/WEB-INF/views/master/page.jsp 
2022-05-28 18:02:28.835 DEBUG [org.apache.jasper.servlet.JspServlet@http-nio-8080-exec-6] RequestURI: /acme-toolkits-22.7/WEB-INF/views/master/page.jsp 
2022-05-28 18:02:28.836 DEBUG [org.apache.jasper.servlet.JspServlet@http-nio-8080-exec-6] QueryString: null 
2022-05-28 18:02:31.513 DEBUG [acme.framework.configuration.ExtendedMessageSource@http-nio-8080-exec-6] Loading properties [/Users/miguel/Downloads/Doc Locales/Miguelito/Universidad/3º Curso/DP2/Workspace-22.7/Projects/Acme-Toolkits/target/classes/WEB-INF/views/administrator/administrator-dashboard/messages-en.i18n] with encoding 'utf-8' 
2022-05-28 18:02:31.514 DEBUG [acme.framework.configuration.ExtendedMessageSource@http-nio-8080-exec-6] Loading properties [/Users/miguel/Downloads/Doc Locales/Miguelito/Universidad/3º Curso/DP2/Workspace-22.7/Projects/Acme-Toolkits/target/classes/WEB-INF/views/administrator/announcement/messages-en.i18n] with encoding 'utf-8' 
2022-05-28 18:02:31.515 DEBUG [acme.framework.configuration.ExtendedMessageSource@http-nio-8080-exec-6] Loading properties [/Users/miguel/Downloads/Doc Locales/Miguelito/Universidad/3º Curso/DP2/Workspace-22.7/Projects/Acme-Toolkits/target/classes/WEB-INF/views/administrator/system-configuration/messsages-en.i18n] with encoding 'utf-8' 
2022-05-28 18:02:31.516 DEBUG [acme.framework.configuration.ExtendedMessageSource@http-nio-8080-exec-6] Loading properties [/Users/miguel/Downloads/Doc Locales/Miguelito/Universidad/3º Curso/DP2/Workspace-22.7/Projects/Acme-Toolkits/target/classes/WEB-INF/views/administrator/user-account/messages-en.i18n] with encoding 'utf-8' 
2022-05-28 18:02:31.516 DEBUG [acme.framework.configuration.ExtendedMessageSource@http-nio-8080-exec-6] Loading properties [/Users/miguel/Downloads/Doc Locales/Miguelito/Universidad/3º Curso/DP2/Workspace-22.7/Projects/Acme-Toolkits/target/classes/WEB-INF/views/anonymous/user-account/messages-en.i18n] with encoding 'utf-8' 
2022-05-28 18:02:31.517 DEBUG [acme.framework.configuration.ExtendedMessageSource@http-nio-8080-exec-6] Loading properties [/Users/miguel/Downloads/Doc Locales/Miguelito/Universidad/3º Curso/DP2/Workspace-22.7/Projects/Acme-Toolkits/target/classes/WEB-INF/views/any/chirp/messages-en.i18n] with encoding 'utf-8' 
2022-05-28 18:02:31.518 DEBUG [acme.framework.configuration.ExtendedMessageSource@http-nio-8080-exec-6] Loading properties [/Users/miguel/Downloads/Doc Locales/Miguelito/Universidad/3º Curso/DP2/Workspace-22.7/Projects/Acme-Toolkits/target/classes/WEB-INF/views/any/item/messsages-en.i18n] with encoding 'utf-8' 
2022-05-28 18:02:31.518 DEBUG [acme.framework.configuration.ExtendedMessageSource@http-nio-8080-exec-6] Loading properties [/Users/miguel/Downloads/Doc Locales/Miguelito/Universidad/3º Curso/DP2/Workspace-22.7/Projects/Acme-Toolkits/target/classes/WEB-INF/views/any/toolkit/messages-en.i18n] with encoding 'utf-8' 
2022-05-28 18:02:31.518 DEBUG [acme.framework.configuration.ExtendedMessageSource@http-nio-8080-exec-6] Loading properties [/Users/miguel/Downloads/Doc Locales/Miguelito/Universidad/3º Curso/DP2/Workspace-22.7/Projects/Acme-Toolkits/target/classes/WEB-INF/views/any/user-account/messsages-en.i18n] with encoding 'utf-8' 
2022-05-28 18:02:31.519 DEBUG [acme.framework.configuration.ExtendedMessageSource@http-nio-8080-exec-6] Loading properties [/Users/miguel/Downloads/Doc Locales/Miguelito/Universidad/3º Curso/DP2/Workspace-22.7/Projects/Acme-Toolkits/target/classes/WEB-INF/views/authenticated/announcement/messages-en.i18n] with encoding 'utf-8' 
2022-05-28 18:02:31.520 DEBUG [acme.framework.configuration.ExtendedMessageSource@http-nio-8080-exec-6] Loading properties [/Users/miguel/Downloads/Doc Locales/Miguelito/Universidad/3º Curso/DP2/Workspace-22.7/Projects/Acme-Toolkits/target/classes/WEB-INF/views/authenticated/inventor/messsages-en.i18n] with encoding 'utf-8' 
2022-05-28 18:02:31.520 DEBUG [acme.framework.configuration.ExtendedMessageSource@http-nio-8080-exec-6] Loading properties [/Users/miguel/Downloads/Doc Locales/Miguelito/Universidad/3º Curso/DP2/Workspace-22.7/Projects/Acme-Toolkits/target/classes/WEB-INF/views/authenticated/money-exchange/messages-en.i18n] with encoding 'utf-8' 
2022-05-28 18:02:31.520 DEBUG [acme.framework.configuration.ExtendedMessageSource@http-nio-8080-exec-6] Loading properties [/Users/miguel/Downloads/Doc Locales/Miguelito/Universidad/3º Curso/DP2/Workspace-22.7/Projects/Acme-Toolkits/target/classes/WEB-INF/views/authenticated/patron/messsages-en.i18n] with encoding 'utf-8' 
2022-05-28 18:02:31.521 DEBUG [acme.framework.configuration.ExtendedMessageSource@http-nio-8080-exec-6] Loading properties [/Users/miguel/Downloads/Doc Locales/Miguelito/Universidad/3º Curso/DP2/Workspace-22.7/Projects/Acme-Toolkits/target/classes/WEB-INF/views/authenticated/system-configuration/messages-en.i18n] with encoding 'utf-8' 
2022-05-28 18:02:31.521 DEBUG [acme.framework.configuration.ExtendedMessageSource@http-nio-8080-exec-6] Loading properties [/Users/miguel/Downloads/Doc Locales/Miguelito/Universidad/3º Curso/DP2/Workspace-22.7/Projects/Acme-Toolkits/target/classes/WEB-INF/views/authenticated/user-account/messages-en.i18n] with encoding 'utf-8' 
2022-05-28 18:02:31.522 DEBUG [acme.framework.configuration.ExtendedMessageSource@http-nio-8080-exec-6] Loading properties [/Users/miguel/Downloads/Doc Locales/Miguelito/Universidad/3º Curso/DP2/Workspace-22.7/Projects/Acme-Toolkits/target/classes/WEB-INF/views/fragments/banner-en.i18n] with encoding 'utf-8' 
2022-05-28 18:02:31.522 DEBUG [acme.framework.configuration.ExtendedMessageSource@http-nio-8080-exec-6] Loading properties [/Users/miguel/Downloads/Doc Locales/Miguelito/Universidad/3º Curso/DP2/Workspace-22.7/Projects/Acme-Toolkits/target/classes/WEB-INF/views/fragments/company-en.i18n] with encoding 'utf-8' 
2022-05-28 18:02:31.523 DEBUG [acme.framework.configuration.ExtendedMessageSource@http-nio-8080-exec-6] Loading properties [/Users/miguel/Downloads/Doc Locales/Miguelito/Universidad/3º Curso/DP2/Workspace-22.7/Projects/Acme-Toolkits/target/classes/WEB-INF/views/fragments/footer-en.i18n] with encoding 'utf-8' 
2022-05-28 18:02:31.523 DEBUG [acme.framework.configuration.ExtendedMessageSource@http-nio-8080-exec-6] Loading properties [/Users/miguel/Downloads/Doc Locales/Miguelito/Universidad/3º Curso/DP2/Workspace-22.7/Projects/Acme-Toolkits/target/classes/WEB-INF/views/fragments/license-en.i18n] with encoding 'utf-8' 
2022-05-28 18:02:31.524 DEBUG [acme.framework.configuration.ExtendedMessageSource@http-nio-8080-exec-6] Loading properties [/Users/miguel/Downloads/Doc Locales/Miguelito/Universidad/3º Curso/DP2/Workspace-22.7/Projects/Acme-Toolkits/target/classes/WEB-INF/views/fragments/menu-en.i18n] with encoding 'utf-8' 
2022-05-28 18:02:31.524 DEBUG [acme.framework.configuration.ExtendedMessageSource@http-nio-8080-exec-6] Loading properties [/Users/miguel/Downloads/Doc Locales/Miguelito/Universidad/3º Curso/DP2/Workspace-22.7/Projects/Acme-Toolkits/target/classes/WEB-INF/views/fragments/messsages-en.i18n] with encoding 'utf-8' 
2022-05-28 18:02:31.524 DEBUG [acme.framework.configuration.ExtendedMessageSource@http-nio-8080-exec-6] Loading properties [/Users/miguel/Downloads/Doc Locales/Miguelito/Universidad/3º Curso/DP2/Workspace-22.7/Projects/Acme-Toolkits/target/classes/WEB-INF/views/fragments/title-en.i18n] with encoding 'utf-8' 
2022-05-28 18:02:31.525 DEBUG [acme.framework.configuration.ExtendedMessageSource@http-nio-8080-exec-6] Loading properties [/Users/miguel/Downloads/Doc Locales/Miguelito/Universidad/3º Curso/DP2/Workspace-22.7/Projects/Acme-Toolkits/target/classes/WEB-INF/views/fragments/welcome-en.i18n] with encoding 'utf-8' 
2022-05-28 18:02:31.525 DEBUG [acme.framework.configuration.ExtendedMessageSource@http-nio-8080-exec-6] Loading properties [/Users/miguel/Downloads/Doc Locales/Miguelito/Universidad/3º Curso/DP2/Workspace-22.7/Projects/Acme-Toolkits/target/classes/WEB-INF/views/inventor/item/messages-en.i18n] with encoding 'utf-8' 
2022-05-28 18:02:31.526 DEBUG [acme.framework.configuration.ExtendedMessageSource@http-nio-8080-exec-6] Loading properties [/Users/miguel/Downloads/Doc Locales/Miguelito/Universidad/3º Curso/DP2/Workspace-22.7/Projects/Acme-Toolkits/target/classes/WEB-INF/views/inventor/item-quantity/messages-en.i18n] with encoding 'utf-8' 
2022-05-28 18:02:31.527 DEBUG [acme.framework.configuration.ExtendedMessageSource@http-nio-8080-exec-6] Loading properties [/Users/miguel/Downloads/Doc Locales/Miguelito/Universidad/3º Curso/DP2/Workspace-22.7/Projects/Acme-Toolkits/target/classes/WEB-INF/views/inventor/patronage/messages-en.i18n] with encoding 'utf-8' 
2022-05-28 18:02:31.527 DEBUG [acme.framework.configuration.ExtendedMessageSource@http-nio-8080-exec-6] Loading properties [/Users/miguel/Downloads/Doc Locales/Miguelito/Universidad/3º Curso/DP2/Workspace-22.7/Projects/Acme-Toolkits/target/classes/WEB-INF/views/inventor/patronage-report/messsages-en.i18n] with encoding 'utf-8' 
2022-05-28 18:02:31.528 DEBUG [acme.framework.configuration.ExtendedMessageSource@http-nio-8080-exec-6] Loading properties [/Users/miguel/Downloads/Doc Locales/Miguelito/Universidad/3º Curso/DP2/Workspace-22.7/Projects/Acme-Toolkits/target/classes/WEB-INF/views/inventor/toolkit/messages-en.i18n] with encoding 'utf-8' 
2022-05-28 18:02:31.528 DEBUG [acme.framework.configuration.ExtendedMessageSource@http-nio-8080-exec-6] Loading properties [/Users/miguel/Downloads/Doc Locales/Miguelito/Universidad/3º Curso/DP2/Workspace-22.7/Projects/Acme-Toolkits/target/classes/WEB-INF/views/master/defaults-en.i18n] with encoding 'utf-8' 
2022-05-28 18:02:31.529 DEBUG [acme.framework.configuration.ExtendedMessageSource@http-nio-8080-exec-6] Loading properties [/Users/miguel/Downloads/Doc Locales/Miguelito/Universidad/3º Curso/DP2/Workspace-22.7/Projects/Acme-Toolkits/target/classes/WEB-INF/views/master/master-en.i18n] with encoding 'utf-8' 
2022-05-28 18:02:31.530 DEBUG [acme.framework.configuration.ExtendedMessageSource@http-nio-8080-exec-6] Loading properties [/Users/miguel/Downloads/Doc Locales/Miguelito/Universidad/3º Curso/DP2/Workspace-22.7/Projects/Acme-Toolkits/target/classes/WEB-INF/views/master/throwables-en.i18n] with encoding 'utf-8' 
2022-05-28 18:02:31.530 DEBUG [acme.framework.configuration.ExtendedMessageSource@http-nio-8080-exec-6] Loading properties [/Users/miguel/Downloads/Doc Locales/Miguelito/Universidad/3º Curso/DP2/Workspace-22.7/Projects/Acme-Toolkits/target/classes/WEB-INF/views/master/validation-en.i18n] with encoding 'utf-8' 
2022-05-28 18:02:31.531 DEBUG [acme.framework.configuration.ExtendedMessageSource@http-nio-8080-exec-6] Loading properties [/Users/miguel/Downloads/Doc Locales/Miguelito/Universidad/3º Curso/DP2/Workspace-22.7/Projects/Acme-Toolkits/target/classes/WEB-INF/views/patron/patron-dashboard/messages-en.i18n] with encoding 'utf-8' 
2022-05-28 18:02:31.531 DEBUG [acme.framework.configuration.ExtendedMessageSource@http-nio-8080-exec-6] Loading properties [/Users/miguel/Downloads/Doc Locales/Miguelito/Universidad/3º Curso/DP2/Workspace-22.7/Projects/Acme-Toolkits/target/classes/WEB-INF/views/patron/patronage/messages-en.i18n] with encoding 'utf-8' 
2022-05-28 18:02:31.531 DEBUG [acme.framework.configuration.ExtendedMessageSource@http-nio-8080-exec-6] Loading properties [/Users/miguel/Downloads/Doc Locales/Miguelito/Universidad/3º Curso/DP2/Workspace-22.7/Projects/Acme-Toolkits/target/classes/WEB-INF/views/patron/patronage-report/messages-en.i18n] with encoding 'utf-8' 
2022-05-28 18:02:31.614 DEBUG [org.apache.jasper.servlet.JspServlet@http-nio-8080-exec-6] JspEngine --> /WEB-INF/views/fragments/welcome.jsp 
2022-05-28 18:02:31.614 DEBUG [org.apache.jasper.servlet.JspServlet@http-nio-8080-exec-6] ServletPath: /WEB-INF/views/master/page.jsp 
2022-05-28 18:02:31.615 DEBUG [org.apache.jasper.servlet.JspServlet@http-nio-8080-exec-6] PathInfo: null 
2022-05-28 18:02:31.615 DEBUG [org.apache.jasper.servlet.JspServlet@http-nio-8080-exec-6] RealPath: /Users/miguel/Downloads/Doc Locales/Miguelito/Universidad/3º Curso/DP2/Workspace-22.7/Projects/Acme-Toolkits/target/classes/WEB-INF/views/fragments/welcome.jsp 
2022-05-28 18:02:31.616 DEBUG [org.apache.jasper.servlet.JspServlet@http-nio-8080-exec-6] RequestURI: /acme-toolkits-22.7/WEB-INF/views/master/page.jsp 
2022-05-28 18:02:31.616 DEBUG [org.apache.jasper.servlet.JspServlet@http-nio-8080-exec-6] QueryString: null 
2022-05-28 18:02:31.802 DEBUG [org.hibernate.SQL@http-nio-8080-exec-6] select useraccoun0_.id as id1_0_, useraccoun0_.version as version2_0_, useraccoun0_.enabled as enabled1_17_, useraccoun0_.identity as identity2_17_, useraccoun0_.password as password3_17_, useraccoun0_.username as username4_17_ from user_account useraccoun0_ where useraccoun0_.username=? 
2022-05-28 18:02:31.822 TRACE [org.hibernate.type.descriptor.sql.BasicBinder@http-nio-8080-exec-6] binding parameter [1] as [VARCHAR] - [anonymous] 
2022-05-28 18:02:31.868 DEBUG [org.hibernate.SQL@http-nio-8080-exec-6] select roles0_.user_account_id as user_acc1_18_0_, roles0_.id as id1_18_0_, roles0_.id as id1_0_1_, roles0_.version as version2_0_1_, roles0_.user_account_id as user_acc1_18_1_, roles0_.company as company1_8_1_, roles0_.more_info as more_inf2_8_1_, roles0_.statement as statemen3_8_1_, roles0_.company as company1_12_1_, roles0_.more_info as more_inf2_12_1_, roles0_.statement as statemen3_12_1_, roles0_.clazz_ as clazz_1_ from ( select id, version, user_account_id, company, more_info, statement, 12 as clazz_ from inventor union all select id, version, user_account_id, company, more_info, statement, 13 as clazz_ from patron union all select id, version, user_account_id, null as company, null as more_info, null as statement, 15 as clazz_ from administrator union all select id, version, user_account_id, null as company, null as more_info, null as statement, 16 as clazz_ from anonymous union all select id, version, user_account_id, null as company, null as more_info, null as statement, 17 as clazz_ from any union all select id, version, user_account_id, null as company, null as more_info, null as statement, 18 as clazz_ from authenticated ) roles0_ where roles0_.user_account_id=? 
2022-05-28 18:02:31.869 TRACE [org.hibernate.type.descriptor.sql.BasicBinder@http-nio-8080-exec-6] binding parameter [1] as [INTEGER] - [10] 
2022-05-28 18:02:33.457 DEBUG [acme.framework.components.tiles.DynamicTilesView@http-nio-8080-exec-2] View name 'master/sign-in', model {username=, password=, remember=false} 
2022-05-28 18:02:33.457 DEBUG [org.apache.jasper.servlet.JspServlet@http-nio-8080-exec-2] JspEngine --> /WEB-INF/views/master/page.jsp 
2022-05-28 18:02:33.458 DEBUG [org.apache.jasper.servlet.JspServlet@http-nio-8080-exec-2] ServletPath: /WEB-INF/views/master/page.jsp 
2022-05-28 18:02:33.458 DEBUG [org.apache.jasper.servlet.JspServlet@http-nio-8080-exec-2] PathInfo: null 
2022-05-28 18:02:33.458 DEBUG [org.apache.jasper.servlet.JspServlet@http-nio-8080-exec-2] RealPath: /Users/miguel/Downloads/Doc Locales/Miguelito/Universidad/3º Curso/DP2/Workspace-22.7/Projects/Acme-Toolkits/target/classes/WEB-INF/views/master/page.jsp 
2022-05-28 18:02:33.459 DEBUG [org.apache.jasper.servlet.JspServlet@http-nio-8080-exec-2] RequestURI: /acme-toolkits-22.7/WEB-INF/views/master/page.jsp 
2022-05-28 18:02:33.459 DEBUG [org.apache.jasper.servlet.JspServlet@http-nio-8080-exec-2] QueryString: null 
2022-05-28 18:02:33.507 DEBUG [org.apache.jasper.servlet.JspServlet@http-nio-8080-exec-2] JspEngine --> /WEB-INF/views/master/sign-in.jsp 
2022-05-28 18:02:33.507 DEBUG [org.apache.jasper.servlet.JspServlet@http-nio-8080-exec-2] ServletPath: /WEB-INF/views/master/page.jsp 
2022-05-28 18:02:33.507 DEBUG [org.apache.jasper.servlet.JspServlet@http-nio-8080-exec-2] PathInfo: null 
2022-05-28 18:02:33.508 DEBUG [org.apache.jasper.servlet.JspServlet@http-nio-8080-exec-2] RealPath: /Users/miguel/Downloads/Doc Locales/Miguelito/Universidad/3º Curso/DP2/Workspace-22.7/Projects/Acme-Toolkits/target/classes/WEB-INF/views/master/sign-in.jsp 
2022-05-28 18:02:33.508 DEBUG [org.apache.jasper.servlet.JspServlet@http-nio-8080-exec-2] RequestURI: /acme-toolkits-22.7/WEB-INF/views/master/page.jsp 
2022-05-28 18:02:33.508 DEBUG [org.apache.jasper.servlet.JspServlet@http-nio-8080-exec-2] QueryString: null 
2022-05-28 18:02:34.436 DEBUG [org.hibernate.SQL@http-nio-8080-exec-2] select useraccoun0_.id as id1_0_, useraccoun0_.version as version2_0_, useraccoun0_.enabled as enabled1_17_, useraccoun0_.identity as identity2_17_, useraccoun0_.password as password3_17_, useraccoun0_.username as username4_17_ from user_account useraccoun0_ where useraccoun0_.username=? 
2022-05-28 18:02:34.437 TRACE [org.hibernate.type.descriptor.sql.BasicBinder@http-nio-8080-exec-2] binding parameter [1] as [VARCHAR] - [anonymous] 
2022-05-28 18:02:34.438 DEBUG [org.hibernate.SQL@http-nio-8080-exec-2] select roles0_.user_account_id as user_acc1_18_0_, roles0_.id as id1_18_0_, roles0_.id as id1_0_1_, roles0_.version as version2_0_1_, roles0_.user_account_id as user_acc1_18_1_, roles0_.company as company1_8_1_, roles0_.more_info as more_inf2_8_1_, roles0_.statement as statemen3_8_1_, roles0_.company as company1_12_1_, roles0_.more_info as more_inf2_12_1_, roles0_.statement as statemen3_12_1_, roles0_.clazz_ as clazz_1_ from ( select id, version, user_account_id, company, more_info, statement, 12 as clazz_ from inventor union all select id, version, user_account_id, company, more_info, statement, 13 as clazz_ from patron union all select id, version, user_account_id, null as company, null as more_info, null as statement, 15 as clazz_ from administrator union all select id, version, user_account_id, null as company, null as more_info, null as statement, 16 as clazz_ from anonymous union all select id, version, user_account_id, null as company, null as more_info, null as statement, 17 as clazz_ from any union all select id, version, user_account_id, null as company, null as more_info, null as statement, 18 as clazz_ from authenticated ) roles0_ where roles0_.user_account_id=? 
2022-05-28 18:02:34.439 TRACE [org.hibernate.type.descriptor.sql.BasicBinder@http-nio-8080-exec-2] binding parameter [1] as [INTEGER] - [10] 
2022-05-28 18:02:50.848 DEBUG [org.hibernate.SQL@http-nio-8080-exec-9] select useraccoun0_.id as id1_0_, useraccoun0_.version as version2_0_, useraccoun0_.enabled as enabled1_17_, useraccoun0_.identity as identity2_17_, useraccoun0_.password as password3_17_, useraccoun0_.username as username4_17_ from user_account useraccoun0_ where useraccoun0_.username=? 
2022-05-28 18:02:50.849 TRACE [org.hibernate.type.descriptor.sql.BasicBinder@http-nio-8080-exec-9] binding parameter [1] as [VARCHAR] - [administrator] 
2022-05-28 18:02:50.851 DEBUG [org.hibernate.SQL@http-nio-8080-exec-9] select roles0_.user_account_id as user_acc1_18_0_, roles0_.id as id1_18_0_, roles0_.id as id1_0_1_, roles0_.version as version2_0_1_, roles0_.user_account_id as user_acc1_18_1_, roles0_.company as company1_8_1_, roles0_.more_info as more_inf2_8_1_, roles0_.statement as statemen3_8_1_, roles0_.company as company1_12_1_, roles0_.more_info as more_inf2_12_1_, roles0_.statement as statemen3_12_1_, roles0_.clazz_ as clazz_1_ from ( select id, version, user_account_id, company, more_info, statement, 12 as clazz_ from inventor union all select id, version, user_account_id, company, more_info, statement, 13 as clazz_ from patron union all select id, version, user_account_id, null as company, null as more_info, null as statement, 15 as clazz_ from administrator union all select id, version, user_account_id, null as company, null as more_info, null as statement, 16 as clazz_ from anonymous union all select id, version, user_account_id, null as company, null as more_info, null as statement, 17 as clazz_ from any union all select id, version, user_account_id, null as company, null as more_info, null as statement, 18 as clazz_ from authenticated ) roles0_ where roles0_.user_account_id=? 
2022-05-28 18:02:50.851 TRACE [org.hibernate.type.descriptor.sql.BasicBinder@http-nio-8080-exec-9] binding parameter [1] as [INTEGER] - [11] 
2022-05-28 18:02:50.874 DEBUG [acme.framework.components.tiles.DynamicTilesView@http-nio-8080-exec-1] View name 'fragments/welcome', model {} 
2022-05-28 18:02:50.875 DEBUG [org.apache.jasper.servlet.JspServlet@http-nio-8080-exec-1] JspEngine --> /WEB-INF/views/master/page.jsp 
2022-05-28 18:02:50.875 DEBUG [org.apache.jasper.servlet.JspServlet@http-nio-8080-exec-1] ServletPath: /WEB-INF/views/master/page.jsp 
2022-05-28 18:02:50.876 DEBUG [org.apache.jasper.servlet.JspServlet@http-nio-8080-exec-1] PathInfo: null 
2022-05-28 18:02:50.877 DEBUG [org.apache.jasper.servlet.JspServlet@http-nio-8080-exec-1] RealPath: /Users/miguel/Downloads/Doc Locales/Miguelito/Universidad/3º Curso/DP2/Workspace-22.7/Projects/Acme-Toolkits/target/classes/WEB-INF/views/master/page.jsp 
2022-05-28 18:02:50.877 DEBUG [org.apache.jasper.servlet.JspServlet@http-nio-8080-exec-1] RequestURI: /acme-toolkits-22.7/WEB-INF/views/master/page.jsp 
2022-05-28 18:02:50.877 DEBUG [org.apache.jasper.servlet.JspServlet@http-nio-8080-exec-1] QueryString: null 
2022-05-28 18:02:50.962 DEBUG [org.apache.jasper.servlet.JspServlet@http-nio-8080-exec-1] JspEngine --> /WEB-INF/views/fragments/welcome.jsp 
2022-05-28 18:02:50.963 DEBUG [org.apache.jasper.servlet.JspServlet@http-nio-8080-exec-1] ServletPath: /WEB-INF/views/master/page.jsp 
2022-05-28 18:02:50.963 DEBUG [org.apache.jasper.servlet.JspServlet@http-nio-8080-exec-1] PathInfo: null 
2022-05-28 18:02:50.963 DEBUG [org.apache.jasper.servlet.JspServlet@http-nio-8080-exec-1] RealPath: /Users/miguel/Downloads/Doc Locales/Miguelito/Universidad/3º Curso/DP2/Workspace-22.7/Projects/Acme-Toolkits/target/classes/WEB-INF/views/fragments/welcome.jsp 
2022-05-28 18:02:50.964 DEBUG [org.apache.jasper.servlet.JspServlet@http-nio-8080-exec-1] RequestURI: /acme-toolkits-22.7/WEB-INF/views/master/page.jsp 
2022-05-28 18:02:50.964 DEBUG [org.apache.jasper.servlet.JspServlet@http-nio-8080-exec-1] QueryString: null 
2022-05-28 18:02:52.849 DEBUG [acme.framework.controllers.AbstractController@http-nio-8080-exec-1] DISPATCHING GET /acme-toolkits-22.7/administrator/system-configuration/show 
2022-05-28 18:02:52.850 DEBUG [acme.framework.controllers.AbstractController@http-nio-8080-exec-1] Command: show 
2022-05-28 18:02:52.850 DEBUG [acme.framework.controllers.AbstractController@http-nio-8080-exec-1] Model:   {} 
2022-05-28 18:02:52.850 DEBUG [acme.framework.controllers.AbstractController@http-nio-8080-exec-1] Locale:  en 
2022-05-28 18:02:52.850 DEBUG [acme.framework.controllers.AbstractController@http-nio-8080-exec-1] Starting transaction c6def5b1-dc0f-4882-b74c-0b88443be378 
2022-05-28 18:02:52.858 DEBUG [org.hibernate.SQL@http-nio-8080-exec-1] select systemconf0_.id as id1_0_, systemconf0_.version as version2_0_, systemconf0_.accepted_currencies as accepted1_15_, systemconf0_.strong_spam as strong_s2_15_, systemconf0_.strong_threshold as strong_t3_15_, systemconf0_.system_currency as system_c4_15_, systemconf0_.weak_spam as weak_spa5_15_, systemconf0_.weak_threshold as weak_thr6_15_ from system_configuration systemconf0_ 
2022-05-28 18:02:52.875 DEBUG [acme.framework.controllers.AbstractController@http-nio-8080-exec-1] Committing transaction c6def5b1-dc0f-4882-b74c-0b88443be378 
2022-05-28 18:02:52.877 DEBUG [acme.framework.controllers.AbstractController@http-nio-8080-exec-1] Starting transaction 9f745442-c224-44c3-9412-8b24c86fc97e 
2022-05-28 18:02:52.877 DEBUG [acme.framework.controllers.AbstractController@http-nio-8080-exec-1] Committing transaction 9f745442-c224-44c3-9412-8b24c86fc97e 
2022-05-28 18:02:52.877 DEBUG [acme.framework.controllers.AbstractController@http-nio-8080-exec-1] SERVING GET /acme-toolkits-22.7/administrator/system-configuration/show 
2022-05-28 18:02:52.878 DEBUG [acme.framework.controllers.AbstractController@http-nio-8080-exec-1] Result: ModelAndView [view="administrator/system-configuration/form"; model={acceptedCurrencies=EUR;USD;GBP, systemCurrency=EUR, strongSpam=sex;hard core;sexo;extremo;viagra;cialis, strongThreshold=0.1, weakSpam=sexy;nigeria;you’ve won;has ganado;one million;un millon, id=151, version=0, weakThreshold=0.25, command=show, principal=acme.framework.entities.Principal@5a655e54}] 
2022-05-28 18:02:52.881 DEBUG [acme.framework.components.tiles.DynamicTilesView@http-nio-8080-exec-1] View name 'administrator/system-configuration/form', model {acceptedCurrencies=EUR;USD;GBP, systemCurrency=EUR, strongSpam=sex;hard core;sexo;extremo;viagra;cialis, strongThreshold=0.1, weakSpam=sexy;nigeria;you’ve won;has ganado;one million;un millon, id=151, version=0, weakThreshold=0.25, command=show, principal=acme.framework.entities.Principal@5a655e54, org.springframework.validation.BindingResult.principal=org.springframework.validation.BeanPropertyBindingResult: 0 errors} 
2022-05-28 18:02:52.882 DEBUG [org.apache.jasper.servlet.JspServlet@http-nio-8080-exec-1] JspEngine --> /WEB-INF/views/master/page.jsp 
2022-05-28 18:02:52.883 DEBUG [org.apache.jasper.servlet.JspServlet@http-nio-8080-exec-1] ServletPath: /WEB-INF/views/master/page.jsp 
2022-05-28 18:02:52.883 DEBUG [org.apache.jasper.servlet.JspServlet@http-nio-8080-exec-1] PathInfo: null 
2022-05-28 18:02:52.883 DEBUG [org.apache.jasper.servlet.JspServlet@http-nio-8080-exec-1] RealPath: /Users/miguel/Downloads/Doc Locales/Miguelito/Universidad/3º Curso/DP2/Workspace-22.7/Projects/Acme-Toolkits/target/classes/WEB-INF/views/master/page.jsp 
2022-05-28 18:02:52.883 DEBUG [org.apache.jasper.servlet.JspServlet@http-nio-8080-exec-1] RequestURI: /acme-toolkits-22.7/WEB-INF/views/master/page.jsp 
2022-05-28 18:02:52.884 DEBUG [org.apache.jasper.servlet.JspServlet@http-nio-8080-exec-1] QueryString: null 
2022-05-28 18:02:52.958 DEBUG [org.apache.jasper.servlet.JspServlet@http-nio-8080-exec-1] JspEngine --> /WEB-INF/views/administrator/system-configuration/form.jsp 
2022-05-28 18:02:52.959 DEBUG [org.apache.jasper.servlet.JspServlet@http-nio-8080-exec-1] ServletPath: /WEB-INF/views/master/page.jsp 
2022-05-28 18:02:52.959 DEBUG [org.apache.jasper.servlet.JspServlet@http-nio-8080-exec-1] PathInfo: null 
2022-05-28 18:02:52.959 DEBUG [org.apache.jasper.servlet.JspServlet@http-nio-8080-exec-1] RealPath: /Users/miguel/Downloads/Doc Locales/Miguelito/Universidad/3º Curso/DP2/Workspace-22.7/Projects/Acme-Toolkits/target/classes/WEB-INF/views/administrator/system-configuration/form.jsp 
2022-05-28 18:02:52.960 DEBUG [org.apache.jasper.servlet.JspServlet@http-nio-8080-exec-1] RequestURI: /acme-toolkits-22.7/WEB-INF/views/master/page.jsp 
2022-05-28 18:02:52.960 DEBUG [org.apache.jasper.servlet.JspServlet@http-nio-8080-exec-1] QueryString: null 
2022-05-28 18:02:56.313 DEBUG [acme.framework.controllers.AbstractController@http-nio-8080-exec-9] DISPATCHING GET /acme-toolkits-22.7/administrator/administrator-dashboard/show 
2022-05-28 18:02:56.313 DEBUG [acme.framework.controllers.AbstractController@http-nio-8080-exec-9] Command: show 
2022-05-28 18:02:56.313 DEBUG [acme.framework.controllers.AbstractController@http-nio-8080-exec-9] Model:   {} 
2022-05-28 18:02:56.313 DEBUG [acme.framework.controllers.AbstractController@http-nio-8080-exec-9] Locale:  en 
2022-05-28 18:02:56.314 DEBUG [acme.framework.controllers.AbstractController@http-nio-8080-exec-9] Starting transaction 7b7ec678-4e84-4e59-a391-fba21781c7be 
2022-05-28 18:02:56.315 DEBUG [org.hibernate.SQL@http-nio-8080-exec-9] select count(item0_.id) as col_0_0_ from item item0_ where item0_.type='COMPONENT' 
2022-05-28 18:02:56.319 DEBUG [org.hibernate.SQL@http-nio-8080-exec-9] select count(item0_.id) as col_0_0_ from item item0_ where item0_.type='TOOL' 
2022-05-28 18:02:56.321 DEBUG [org.hibernate.SQL@http-nio-8080-exec-9] select count(patronage0_.id) as col_0_0_ from patronage patronage0_ where patronage0_.status=1 
2022-05-28 18:02:56.323 DEBUG [org.hibernate.SQL@http-nio-8080-exec-9] select count(patronage0_.id) as col_0_0_ from patronage patronage0_ where patronage0_.status=2 
2022-05-28 18:02:56.325 DEBUG [org.hibernate.SQL@http-nio-8080-exec-9] select count(patronage0_.id) as col_0_0_ from patronage patronage0_ where patronage0_.status=0 
2022-05-28 18:02:56.326 DEBUG [org.hibernate.SQL@http-nio-8080-exec-9] select min(item0_.retail_price_amount) as col_0_0_, item0_.technology as col_1_0_, item0_.retail_price_currency as col_2_0_ from item item0_ where item0_.type='COMPONENT' group by item0_.retail_price_currency , item0_.technology 
2022-05-28 18:02:56.331 DEBUG [org.hibernate.SQL@http-nio-8080-exec-9] select max(item0_.retail_price_amount) as col_0_0_, item0_.technology as col_1_0_, item0_.retail_price_currency as col_2_0_ from item item0_ where item0_.type='COMPONENT' group by item0_.retail_price_currency , item0_.technology 
2022-05-28 18:02:56.333 DEBUG [org.hibernate.SQL@http-nio-8080-exec-9] select avg(item0_.retail_price_amount) as col_0_0_, item0_.technology as col_1_0_, item0_.retail_price_currency as col_2_0_ from item item0_ where item0_.type='COMPONENT' group by item0_.retail_price_currency , item0_.technology 
2022-05-28 18:02:56.335 DEBUG [org.hibernate.SQL@http-nio-8080-exec-9] select std(item0_.retail_price_amount) as col_0_0_, item0_.technology as col_1_0_, item0_.retail_price_currency as col_2_0_ from item item0_ where item0_.type='COMPONENT' group by item0_.retail_price_currency , item0_.technology 
2022-05-28 18:02:56.337 DEBUG [org.hibernate.SQL@http-nio-8080-exec-9] select min(item0_.retail_price_amount) as col_0_0_, item0_.retail_price_currency as col_1_0_ from item item0_ where item0_.type='TOOL' group by item0_.retail_price_currency 
2022-05-28 18:02:56.339 DEBUG [org.hibernate.SQL@http-nio-8080-exec-9] select max(item0_.retail_price_amount) as col_0_0_, item0_.retail_price_currency as col_1_0_ from item item0_ where item0_.type='TOOL' group by item0_.retail_price_currency 
2022-05-28 18:02:56.341 DEBUG [org.hibernate.SQL@http-nio-8080-exec-9] select avg(item0_.retail_price_amount) as col_0_0_, item0_.retail_price_currency as col_1_0_ from item item0_ where item0_.type='TOOL' group by item0_.retail_price_currency 
2022-05-28 18:02:56.342 DEBUG [org.hibernate.SQL@http-nio-8080-exec-9] select std(item0_.retail_price_amount) as col_0_0_, item0_.retail_price_currency as col_1_0_ from item item0_ where item0_.type='TOOL' group by item0_.retail_price_currency 
2022-05-28 18:02:56.344 DEBUG [org.hibernate.SQL@http-nio-8080-exec-9] select min(patronage0_.budget_amount) as col_0_0_ from patronage patronage0_ where patronage0_.status=1 
2022-05-28 18:02:56.345 DEBUG [org.hibernate.SQL@http-nio-8080-exec-9] select max(patronage0_.budget_amount) as col_0_0_ from patronage patronage0_ where patronage0_.status=1 
2022-05-28 18:02:56.346 DEBUG [org.hibernate.SQL@http-nio-8080-exec-9] select avg(patronage0_.budget_amount) as col_0_0_ from patronage patronage0_ where patronage0_.status=1 group by patronage0_.status 
2022-05-28 18:02:56.347 DEBUG [org.hibernate.SQL@http-nio-8080-exec-9] select std(patronage0_.budget_amount) as col_0_0_ from patronage patronage0_ where patronage0_.status=1 
2022-05-28 18:02:56.349 DEBUG [org.hibernate.SQL@http-nio-8080-exec-9] select min(patronage0_.budget_amount) as col_0_0_ from patronage patronage0_ where patronage0_.status=2 
2022-05-28 18:02:56.350 DEBUG [org.hibernate.SQL@http-nio-8080-exec-9] select max(patronage0_.budget_amount) as col_0_0_ from patronage patronage0_ where patronage0_.status=2 
2022-05-28 18:02:56.352 DEBUG [org.hibernate.SQL@http-nio-8080-exec-9] select avg(patronage0_.budget_amount) as col_0_0_ from patronage patronage0_ where patronage0_.status=2 group by patronage0_.status 
2022-05-28 18:02:56.353 DEBUG [org.hibernate.SQL@http-nio-8080-exec-9] select std(patronage0_.budget_amount) as col_0_0_ from patronage patronage0_ where patronage0_.status=2 
2022-05-28 18:02:56.355 DEBUG [org.hibernate.SQL@http-nio-8080-exec-9] select min(patronage0_.budget_amount) as col_0_0_ from patronage patronage0_ where patronage0_.status=0 
2022-05-28 18:02:56.356 DEBUG [org.hibernate.SQL@http-nio-8080-exec-9] select max(patronage0_.budget_amount) as col_0_0_ from patronage patronage0_ where patronage0_.status=0 
2022-05-28 18:02:56.357 DEBUG [org.hibernate.SQL@http-nio-8080-exec-9] select avg(patronage0_.budget_amount) as col_0_0_ from patronage patronage0_ where patronage0_.status=0 group by patronage0_.status 
2022-05-28 18:02:56.359 DEBUG [org.hibernate.SQL@http-nio-8080-exec-9] select std(patronage0_.budget_amount) as col_0_0_ from patronage patronage0_ where patronage0_.status=0 
2022-05-28 18:02:56.360 DEBUG [org.hibernate.SQL@http-nio-8080-exec-9] select min(chimpum0_.budget_amount) as col_0_0_, chimpum0_.budget_currency as col_1_0_ from chimpum chimpum0_ group by chimpum0_.budget_currency 
2022-05-28 18:02:56.362 DEBUG [org.hibernate.SQL@http-nio-8080-exec-9] select max(chimpum0_.budget_amount) as col_0_0_, chimpum0_.budget_currency as col_1_0_ from chimpum chimpum0_ group by chimpum0_.budget_currency 
2022-05-28 18:02:56.363 DEBUG [org.hibernate.SQL@http-nio-8080-exec-9] select avg(chimpum0_.budget_amount) as col_0_0_, chimpum0_.budget_currency as col_1_0_ from chimpum chimpum0_ group by chimpum0_.budget_currency 
2022-05-28 18:02:56.364 DEBUG [org.hibernate.SQL@http-nio-8080-exec-9] select std(chimpum0_.budget_amount) as col_0_0_, chimpum0_.budget_currency as col_1_0_ from chimpum chimpum0_ group by chimpum0_.budget_currency 
2022-05-28 18:02:56.366 DEBUG [org.hibernate.SQL@http-nio-8080-exec-9] select count(item0_.id) as col_0_0_ from item item0_ 
2022-05-28 18:02:56.367 DEBUG [org.hibernate.SQL@http-nio-8080-exec-9] select count(item0_.id) as col_0_0_ from item item0_ where item0_.chimpum_id is not null 
2022-05-28 18:02:56.372 DEBUG [acme.framework.controllers.AbstractController@http-nio-8080-exec-9] Committing transaction 7b7ec678-4e84-4e59-a391-fba21781c7be 
2022-05-28 18:02:56.373 DEBUG [acme.framework.controllers.AbstractController@http-nio-8080-exec-9] Starting transaction 60c378b7-4edf-4a2c-8898-59d3f9d99780 
2022-05-28 18:02:56.374 DEBUG [acme.framework.controllers.AbstractController@http-nio-8080-exec-9] Committing transaction 60c378b7-4edf-4a2c-8898-59d3f9d99780 
2022-05-28 18:02:56.374 DEBUG [acme.framework.controllers.AbstractController@http-nio-8080-exec-9] SERVING GET /acme-toolkits-22.7/administrator/administrator-dashboard/show 
2022-05-28 18:02:56.377 DEBUG [acme.framework.controllers.AbstractController@http-nio-8080-exec-9] Result: ModelAndView [view="administrator/administrator-dashboard/form"; model={averagePriceOfComponents=[5.0->h, EUR, 0.1->java, EUR, 5321.22->t, EUR, 0.0->tecnologia nuclear, EUR, 500000.0->tecnologia1.0, EUR, 0.01->tecnologia mecánica, GBP, 50.0->tapiz, USD, 20000.22->techonology, USD, 35.4->tecnologia eléctrica, USD, 0.55->tecnologia mecánica, USD, 532.22->tecnologia2.3, USD], maxPriceOfComponents=[5.0->h, EUR, 0.1->java, EUR, 5321.22->t, EUR, 0.0->tecnologia nuclear, EUR, 500000.0->tecnologia1.0, EUR, 0.01->tecnologia mecánica, GBP, 50.0->tapiz, USD, 20000.22->techonology, USD, 35.4->tecnologia eléctrica, USD, 1.0->tecnologia mecánica, USD, 532.22->tecnologia2.3, USD], maxAcceptedPatronages=1000.0, deviationPriceOfTools=[<<EUR 199478.01>>, <<GBP 0.00>>, <<USD 7409.89>>], deviationDeniedPatronages=0.0, minPriceOfTools=[<<EUR 0.00>>, <<GBP 0.01>>, <<USD 0.10>>], averageProposedPatronages=1000.0, minAcceptedPatronages=1000.0, minPriceOfComponents=[5.0->h, EUR, 0.1->java, EUR, 5321.22->t, EUR, 0.0->tecnologia nuclear, EUR, 500000.0->tecnologia1.0, EUR, 0.01->tecnologia mecánica, GBP, 50.0->tapiz, USD, 20000.22->techonology, USD, 35.4->tecnologia eléctrica, USD, 0.1->tecnologia mecánica, USD, 532.22->tecnologia2.3, USD], averageBudgetOfChimpums=[<<CAD 5.15>>, <<EUR 0.10>>, <<GBP 10.25>>, <<USD 3.53>>], numberOfProposedPatronages=1, deviationProposedPatronages=0.0, minBudgetOfChimpums=[<<CAD 0.30>>, <<EUR 0.10>>, <<GBP 0.50>>, <<USD 0.10>>], numberOfDeniedPatronages=2, averageDeniedPatronages=1000.0, minProposedPatronages=1000.0, numberOfAcceptedPatronages=3, deviationAcceptedPatronages=0.0, deviationBudgetOfChimpums=[<<CAD 4.85>>, <<EUR 0.00>>, <<GBP 9.75>>, <<USD 4.58>>], maxPriceOfTools=[<<EUR 500000.00>>, <<GBP 0.01>>, <<USD 20000.22>>], totalNumComponents=12, averageAcceptedPatronages=1000.0, maxDeniedPatronages=1000.0, ratioArtefactsWithChimpum=0.0, deviationPriceOfComponents=[0.0->h, EUR, 0.0->java, EUR, 0.0->t, EUR, 0.0->tecnologia nuclear, EUR, 0.0->tecnologia1.0, EUR, 0.0->tecnologia mecánica, GBP, 0.0->tapiz, USD, 0.0->techonology, USD, 0.0->tecnologia eléctrica, USD, 0.45000000000000007->tecnologia mecánica, USD, 0.0->tecnologia2.3, USD], minDeniedPatronages=1000.0, averagePriceOfTools=[<<EUR 101065.26>>, <<GBP 0.01>>, <<USD 3436.49>>], maxBudgetOfChimpums=[<<CAD 10.00>>, <<EUR 0.10>>, <<GBP 20.00>>, <<USD 10.00>>], totalNumTools=12, maxProposedPatronages=1000.0, command=show, principal=acme.framework.entities.Principal@5a655e54}] 
2022-05-28 18:02:56.380 DEBUG [acme.framework.components.tiles.DynamicTilesView@http-nio-8080-exec-9] View name 'administrator/administrator-dashboard/form', model {averagePriceOfComponents=[5.0->h, EUR, 0.1->java, EUR, 5321.22->t, EUR, 0.0->tecnologia nuclear, EUR, 500000.0->tecnologia1.0, EUR, 0.01->tecnologia mecánica, GBP, 50.0->tapiz, USD, 20000.22->techonology, USD, 35.4->tecnologia eléctrica, USD, 0.55->tecnologia mecánica, USD, 532.22->tecnologia2.3, USD], maxPriceOfComponents=[5.0->h, EUR, 0.1->java, EUR, 5321.22->t, EUR, 0.0->tecnologia nuclear, EUR, 500000.0->tecnologia1.0, EUR, 0.01->tecnologia mecánica, GBP, 50.0->tapiz, USD, 20000.22->techonology, USD, 35.4->tecnologia eléctrica, USD, 1.0->tecnologia mecánica, USD, 532.22->tecnologia2.3, USD], maxAcceptedPatronages=1000.0, deviationPriceOfTools=[<<EUR 199478.01>>, <<GBP 0.00>>, <<USD 7409.89>>], deviationDeniedPatronages=0.0, minPriceOfTools=[<<EUR 0.00>>, <<GBP 0.01>>, <<USD 0.10>>], averageProposedPatronages=1000.0, minAcceptedPatronages=1000.0, minPriceOfComponents=[5.0->h, EUR, 0.1->java, EUR, 5321.22->t, EUR, 0.0->tecnologia nuclear, EUR, 500000.0->tecnologia1.0, EUR, 0.01->tecnologia mecánica, GBP, 50.0->tapiz, USD, 20000.22->techonology, USD, 35.4->tecnologia eléctrica, USD, 0.1->tecnologia mecánica, USD, 532.22->tecnologia2.3, USD], averageBudgetOfChimpums=[<<CAD 5.15>>, <<EUR 0.10>>, <<GBP 10.25>>, <<USD 3.53>>], numberOfProposedPatronages=1, deviationProposedPatronages=0.0, minBudgetOfChimpums=[<<CAD 0.30>>, <<EUR 0.10>>, <<GBP 0.50>>, <<USD 0.10>>], numberOfDeniedPatronages=2, averageDeniedPatronages=1000.0, minProposedPatronages=1000.0, numberOfAcceptedPatronages=3, deviationAcceptedPatronages=0.0, deviationBudgetOfChimpums=[<<CAD 4.85>>, <<EUR 0.00>>, <<GBP 9.75>>, <<USD 4.58>>], maxPriceOfTools=[<<EUR 500000.00>>, <<GBP 0.01>>, <<USD 20000.22>>], totalNumComponents=12, averageAcceptedPatronages=1000.0, maxDeniedPatronages=1000.0, ratioArtefactsWithChimpum=0.0, deviationPriceOfComponents=[0.0->h, EUR, 0.0->java, EUR, 0.0->t, EUR, 0.0->tecnologia nuclear, EUR, 0.0->tecnologia1.0, EUR, 0.0->tecnologia mecánica, GBP, 0.0->tapiz, USD, 0.0->techonology, USD, 0.0->tecnologia eléctrica, USD, 0.45000000000000007->tecnologia mecánica, USD, 0.0->tecnologia2.3, USD], minDeniedPatronages=1000.0, averagePriceOfTools=[<<EUR 101065.26>>, <<GBP 0.01>>, <<USD 3436.49>>], maxBudgetOfChimpums=[<<CAD 10.00>>, <<EUR 0.10>>, <<GBP 20.00>>, <<USD 10.00>>], totalNumTools=12, maxProposedPatronages=1000.0, command=show, principal=acme.framework.entities.Principal@5a655e54, org.springframework.validation.BindingResult.principal=org.springframework.validation.BeanPropertyBindingResult: 0 errors} 
2022-05-28 18:02:56.381 DEBUG [org.apache.jasper.servlet.JspServlet@http-nio-8080-exec-9] JspEngine --> /WEB-INF/views/master/page.jsp 
2022-05-28 18:02:56.381 DEBUG [org.apache.jasper.servlet.JspServlet@http-nio-8080-exec-9] ServletPath: /WEB-INF/views/master/page.jsp 
2022-05-28 18:02:56.381 DEBUG [org.apache.jasper.servlet.JspServlet@http-nio-8080-exec-9] PathInfo: null 
2022-05-28 18:02:56.382 DEBUG [org.apache.jasper.servlet.JspServlet@http-nio-8080-exec-9] RealPath: /Users/miguel/Downloads/Doc Locales/Miguelito/Universidad/3º Curso/DP2/Workspace-22.7/Projects/Acme-Toolkits/target/classes/WEB-INF/views/master/page.jsp 
2022-05-28 18:02:56.382 DEBUG [org.apache.jasper.servlet.JspServlet@http-nio-8080-exec-9] RequestURI: /acme-toolkits-22.7/WEB-INF/views/master/page.jsp 
2022-05-28 18:02:56.382 DEBUG [org.apache.jasper.servlet.JspServlet@http-nio-8080-exec-9] QueryString: null 
2022-05-28 18:02:56.459 DEBUG [org.apache.jasper.servlet.JspServlet@http-nio-8080-exec-9] JspEngine --> /WEB-INF/views/administrator/administrator-dashboard/form.jsp 
2022-05-28 18:02:56.460 DEBUG [org.apache.jasper.servlet.JspServlet@http-nio-8080-exec-9] ServletPath: /WEB-INF/views/master/page.jsp 
2022-05-28 18:02:56.460 DEBUG [org.apache.jasper.servlet.JspServlet@http-nio-8080-exec-9] PathInfo: null 
2022-05-28 18:02:56.460 DEBUG [org.apache.jasper.servlet.JspServlet@http-nio-8080-exec-9] RealPath: /Users/miguel/Downloads/Doc Locales/Miguelito/Universidad/3º Curso/DP2/Workspace-22.7/Projects/Acme-Toolkits/target/classes/WEB-INF/views/administrator/administrator-dashboard/form.jsp 
2022-05-28 18:02:56.460 DEBUG [org.apache.jasper.servlet.JspServlet@http-nio-8080-exec-9] RequestURI: /acme-toolkits-22.7/WEB-INF/views/master/page.jsp 
2022-05-28 18:02:56.461 DEBUG [org.apache.jasper.servlet.JspServlet@http-nio-8080-exec-9] QueryString: null 
2022-05-28 18:16:47.320 INFO  [acme.framework.configuration.ShutdownConfiguration@SpringContextShutdownHook] The system is shutting down... 
