2022-05-28 19:16:58.733 INFO  [acme.Launcher@main] Starting Launcher using Java 1.8.0_281 on MacBook-Pro.local with PID 11516 (/Users/miguel/Downloads/Doc Locales/Miguelito/Universidad/3º Curso/DP2/Workspace-22.7/Frameworks/Acme-Framework-22.7/target/classes started by miguel in /Users/miguel/Downloads/Doc Locales/Miguelito/Universidad/3º Curso/DP2/Workspace-22.7/Projects/Acme-Toolkits) 
2022-05-28 19:16:58.733 DEBUG [acme.Launcher@main] Running with Spring Boot v2.4.2, Spring v5.3.3 
2022-05-28 19:16:58.734 INFO  [acme.Launcher@main] The following profiles are active: development,default 
2022-05-28 19:17:00.528 DEBUG [org.apache.jasper.servlet.JasperInitializer@main] Initializing Jasper for context [application] 
2022-05-28 19:17:04.561 DEBUG [org.apache.jasper.servlet.JspServlet@main] Scratch dir for the JSP engine is: [/private/var/folders/nd/x9m_7s254vn11c4v2h295x500000gn/T/tomcat.8080.305071009579334783/work/Tomcat/localhost/acme-toolkits-22.7] 
2022-05-28 19:17:04.562 DEBUG [org.apache.jasper.servlet.JspServlet@main] IMPORTANT: Do not modify the generated servlets 
2022-05-28 19:17:04.570 INFO  [acme.Launcher@main] Started Launcher in 6.306 seconds (JVM running for 6.758) 
2022-05-28 19:17:04.574 DEBUG [acme.Launcher@main] Found classpath entry '/Users/miguel/Downloads/Doc%20Locales/Miguelito/Universidad/3%c2%ba%20Curso/DP2/Workspace-22.7/Projects/Acme-Toolkits/target/test-classes/' 
2022-05-28 19:17:04.574 DEBUG [acme.Launcher@main] Found classpath entry '/Users/miguel/Downloads/Doc%20Locales/Miguelito/Universidad/3%c2%ba%20Curso/DP2/Workspace-22.7/Projects/Acme-Toolkits/target/classes/' 
2022-05-28 19:17:04.574 DEBUG [acme.Launcher@main] Found classpath entry '/Users/miguel/Downloads/Doc%20Locales/Miguelito/Universidad/3%c2%ba%20Curso/DP2/Workspace-22.7/Frameworks/Acme-Framework-22.7/target/classes/' 
2022-05-28 19:17:04.574 DEBUG [acme.Launcher@main] Found classpath entry '/Users/miguel/Downloads/Doc%20Locales/Miguelito/Universidad/3%c2%ba%20Curso/DP2/Workspace-22.7/Frameworks/Acme-Framework-22.7/target/test-classes/' 
2022-05-28 19:17:04.574 DEBUG [acme.Launcher@main] Found classpath entry '/Users/miguel/.m2/repository/org/springframework/boot/spring-boot-starter-tomcat/2.4.2/spring-boot-starter-tomcat-2.4.2.jar' 
2022-05-28 19:17:04.574 DEBUG [acme.Launcher@main] Found classpath entry '/Users/miguel/.m2/repository/jakarta/annotation/jakarta.annotation-api/1.3.5/jakarta.annotation-api-1.3.5.jar' 
2022-05-28 19:17:04.575 DEBUG [acme.Launcher@main] Found classpath entry '/Users/miguel/.m2/repository/org/apache/tomcat/embed/tomcat-embed-core/9.0.41/tomcat-embed-core-9.0.41.jar' 
2022-05-28 19:17:04.575 DEBUG [acme.Launcher@main] Found classpath entry '/Users/miguel/.m2/repository/org/glassfish/jakarta.el/3.0.3/jakarta.el-3.0.3.jar' 
2022-05-28 19:17:04.575 DEBUG [acme.Launcher@main] Found classpath entry '/Users/miguel/.m2/repository/org/apache/tomcat/embed/tomcat-embed-websocket/9.0.41/tomcat-embed-websocket-9.0.41.jar' 
2022-05-28 19:17:04.575 DEBUG [acme.Launcher@main] Found classpath entry '/Users/miguel/.m2/repository/org/apache/tomcat/embed/tomcat-embed-jasper/9.0.41/tomcat-embed-jasper-9.0.41.jar' 
2022-05-28 19:17:04.575 DEBUG [acme.Launcher@main] Found classpath entry '/Users/miguel/.m2/repository/org/apache/tomcat/embed/tomcat-embed-el/9.0.41/tomcat-embed-el-9.0.41.jar' 
2022-05-28 19:17:04.575 DEBUG [acme.Launcher@main] Found classpath entry '/Users/miguel/.m2/repository/org/eclipse/jdt/ecj/3.18.0/ecj-3.18.0.jar' 
2022-05-28 19:17:04.575 DEBUG [acme.Launcher@main] Found classpath entry '/Users/miguel/.m2/repository/javax/servlet/jstl/1.2/jstl-1.2.jar' 
2022-05-28 19:17:04.575 DEBUG [acme.Launcher@main] Found classpath entry '/Users/miguel/.m2/repository/org/springframework/boot/spring-boot-starter-security/2.4.2/spring-boot-starter-security-2.4.2.jar' 
2022-05-28 19:17:04.575 DEBUG [acme.Launcher@main] Found classpath entry '/Users/miguel/.m2/repository/org/springframework/boot/spring-boot-starter/2.4.2/spring-boot-starter-2.4.2.jar' 
2022-05-28 19:17:04.576 DEBUG [acme.Launcher@main] Found classpath entry '/Users/miguel/.m2/repository/org/springframework/boot/spring-boot/2.4.2/spring-boot-2.4.2.jar' 
2022-05-28 19:17:04.576 DEBUG [acme.Launcher@main] Found classpath entry '/Users/miguel/.m2/repository/org/springframework/boot/spring-boot-autoconfigure/2.4.2/spring-boot-autoconfigure-2.4.2.jar' 
2022-05-28 19:17:04.576 DEBUG [acme.Launcher@main] Found classpath entry '/Users/miguel/.m2/repository/org/springframework/boot/spring-boot-starter-logging/2.4.2/spring-boot-starter-logging-2.4.2.jar' 
2022-05-28 19:17:04.576 DEBUG [acme.Launcher@main] Found classpath entry '/Users/miguel/.m2/repository/ch/qos/logback/logback-classic/1.2.3/logback-classic-1.2.3.jar' 
2022-05-28 19:17:04.576 DEBUG [acme.Launcher@main] Found classpath entry '/Users/miguel/.m2/repository/ch/qos/logback/logback-core/1.2.3/logback-core-1.2.3.jar' 
2022-05-28 19:17:04.576 DEBUG [acme.Launcher@main] Found classpath entry '/Users/miguel/.m2/repository/org/apache/logging/log4j/log4j-to-slf4j/2.13.3/log4j-to-slf4j-2.13.3.jar' 
2022-05-28 19:17:04.576 DEBUG [acme.Launcher@main] Found classpath entry '/Users/miguel/.m2/repository/org/apache/logging/log4j/log4j-api/2.13.3/log4j-api-2.13.3.jar' 
2022-05-28 19:17:04.576 DEBUG [acme.Launcher@main] Found classpath entry '/Users/miguel/.m2/repository/org/slf4j/jul-to-slf4j/1.7.30/jul-to-slf4j-1.7.30.jar' 
2022-05-28 19:17:04.577 DEBUG [acme.Launcher@main] Found classpath entry '/Users/miguel/.m2/repository/org/yaml/snakeyaml/1.27/snakeyaml-1.27.jar' 
2022-05-28 19:17:04.577 DEBUG [acme.Launcher@main] Found classpath entry '/Users/miguel/.m2/repository/org/springframework/spring-aop/5.3.3/spring-aop-5.3.3.jar' 
2022-05-28 19:17:04.577 DEBUG [acme.Launcher@main] Found classpath entry '/Users/miguel/.m2/repository/org/springframework/security/spring-security-web/5.4.2/spring-security-web-5.4.2.jar' 
2022-05-28 19:17:04.577 DEBUG [acme.Launcher@main] Found classpath entry '/Users/miguel/.m2/repository/org/springframework/security/spring-security-core/5.4.2/spring-security-core-5.4.2.jar' 
2022-05-28 19:17:04.577 DEBUG [acme.Launcher@main] Found classpath entry '/Users/miguel/.m2/repository/org/springframework/spring-beans/5.3.3/spring-beans-5.3.3.jar' 
2022-05-28 19:17:04.577 DEBUG [acme.Launcher@main] Found classpath entry '/Users/miguel/.m2/repository/org/springframework/spring-context/5.3.3/spring-context-5.3.3.jar' 
2022-05-28 19:17:04.577 DEBUG [acme.Launcher@main] Found classpath entry '/Users/miguel/.m2/repository/org/springframework/spring-core/5.3.3/spring-core-5.3.3.jar' 
2022-05-28 19:17:04.577 DEBUG [acme.Launcher@main] Found classpath entry '/Users/miguel/.m2/repository/org/springframework/spring-jcl/5.3.3/spring-jcl-5.3.3.jar' 
2022-05-28 19:17:04.578 DEBUG [acme.Launcher@main] Found classpath entry '/Users/miguel/.m2/repository/org/springframework/spring-expression/5.3.3/spring-expression-5.3.3.jar' 
2022-05-28 19:17:04.578 DEBUG [acme.Launcher@main] Found classpath entry '/Users/miguel/.m2/repository/org/springframework/spring-web/5.3.3/spring-web-5.3.3.jar' 
2022-05-28 19:17:04.578 DEBUG [acme.Launcher@main] Found classpath entry '/Users/miguel/.m2/repository/org/springframework/security/spring-security-config/5.4.2/spring-security-config-5.4.2.jar' 
2022-05-28 19:17:04.578 DEBUG [acme.Launcher@main] Found classpath entry '/Users/miguel/.m2/repository/org/springframework/security/spring-security-taglibs/5.4.2/spring-security-taglibs-5.4.2.jar' 
2022-05-28 19:17:04.578 DEBUG [acme.Launcher@main] Found classpath entry '/Users/miguel/.m2/repository/org/springframework/security/spring-security-acl/5.4.2/spring-security-acl-5.4.2.jar' 
2022-05-28 19:17:04.578 DEBUG [acme.Launcher@main] Found classpath entry '/Users/miguel/.m2/repository/org/springframework/spring-jdbc/5.3.3/spring-jdbc-5.3.3.jar' 
2022-05-28 19:17:04.578 DEBUG [acme.Launcher@main] Found classpath entry '/Users/miguel/.m2/repository/org/springframework/spring-tx/5.3.3/spring-tx-5.3.3.jar' 
2022-05-28 19:17:04.578 DEBUG [acme.Launcher@main] Found classpath entry '/Users/miguel/.m2/repository/org/springframework/boot/spring-boot-starter-web/2.4.2/spring-boot-starter-web-2.4.2.jar' 
2022-05-28 19:17:04.578 DEBUG [acme.Launcher@main] Found classpath entry '/Users/miguel/.m2/repository/org/springframework/boot/spring-boot-starter-json/2.4.2/spring-boot-starter-json-2.4.2.jar' 
2022-05-28 19:17:04.579 DEBUG [acme.Launcher@main] Found classpath entry '/Users/miguel/.m2/repository/com/fasterxml/jackson/core/jackson-databind/2.11.4/jackson-databind-2.11.4.jar' 
2022-05-28 19:17:04.579 DEBUG [acme.Launcher@main] Found classpath entry '/Users/miguel/.m2/repository/com/fasterxml/jackson/core/jackson-annotations/2.11.4/jackson-annotations-2.11.4.jar' 
2022-05-28 19:17:04.579 DEBUG [acme.Launcher@main] Found classpath entry '/Users/miguel/.m2/repository/com/fasterxml/jackson/core/jackson-core/2.11.4/jackson-core-2.11.4.jar' 
2022-05-28 19:17:04.579 DEBUG [acme.Launcher@main] Found classpath entry '/Users/miguel/.m2/repository/com/fasterxml/jackson/datatype/jackson-datatype-jdk8/2.11.4/jackson-datatype-jdk8-2.11.4.jar' 
2022-05-28 19:17:04.579 DEBUG [acme.Launcher@main] Found classpath entry '/Users/miguel/.m2/repository/com/fasterxml/jackson/datatype/jackson-datatype-jsr310/2.11.4/jackson-datatype-jsr310-2.11.4.jar' 
2022-05-28 19:17:04.579 DEBUG [acme.Launcher@main] Found classpath entry '/Users/miguel/.m2/repository/com/fasterxml/jackson/module/jackson-module-parameter-names/2.11.4/jackson-module-parameter-names-2.11.4.jar' 
2022-05-28 19:17:04.579 DEBUG [acme.Launcher@main] Found classpath entry '/Users/miguel/.m2/repository/org/springframework/spring-webmvc/5.3.3/spring-webmvc-5.3.3.jar' 
2022-05-28 19:17:04.579 DEBUG [acme.Launcher@main] Found classpath entry '/Users/miguel/.m2/repository/org/apache/tiles/tiles-jsp/3.0.8/tiles-jsp-3.0.8.jar' 
2022-05-28 19:17:04.579 DEBUG [acme.Launcher@main] Found classpath entry '/Users/miguel/.m2/repository/org/apache/tiles/tiles-servlet/3.0.8/tiles-servlet-3.0.8.jar' 
2022-05-28 19:17:04.579 DEBUG [acme.Launcher@main] Found classpath entry '/Users/miguel/.m2/repository/org/apache/tiles/tiles-core/3.0.8/tiles-core-3.0.8.jar' 
2022-05-28 19:17:04.579 DEBUG [acme.Launcher@main] Found classpath entry '/Users/miguel/.m2/repository/commons-digester/commons-digester/2.0/commons-digester-2.0.jar' 
2022-05-28 19:17:04.579 DEBUG [acme.Launcher@main] Found classpath entry '/Users/miguel/.m2/repository/org/slf4j/jcl-over-slf4j/1.7.30/jcl-over-slf4j-1.7.30.jar' 
2022-05-28 19:17:04.580 DEBUG [acme.Launcher@main] Found classpath entry '/Users/miguel/.m2/repository/org/apache/tiles/tiles-request-servlet/1.0.7/tiles-request-servlet-1.0.7.jar' 
2022-05-28 19:17:04.580 DEBUG [acme.Launcher@main] Found classpath entry '/Users/miguel/.m2/repository/org/apache/tiles/tiles-template/3.0.8/tiles-template-3.0.8.jar' 
2022-05-28 19:17:04.580 DEBUG [acme.Launcher@main] Found classpath entry '/Users/miguel/.m2/repository/org/apache/tiles/tiles-api/3.0.8/tiles-api-3.0.8.jar' 
2022-05-28 19:17:04.580 DEBUG [acme.Launcher@main] Found classpath entry '/Users/miguel/.m2/repository/org/apache/tiles/tiles-autotag-core-runtime/1.2/tiles-autotag-core-runtime-1.2.jar' 
2022-05-28 19:17:04.580 DEBUG [acme.Launcher@main] Found classpath entry '/Users/miguel/.m2/repository/org/slf4j/slf4j-api/1.7.30/slf4j-api-1.7.30.jar' 
2022-05-28 19:17:04.580 DEBUG [acme.Launcher@main] Found classpath entry '/Users/miguel/.m2/repository/org/apache/tiles/tiles-request-jsp/1.0.7/tiles-request-jsp-1.0.7.jar' 
2022-05-28 19:17:04.580 DEBUG [acme.Launcher@main] Found classpath entry '/Users/miguel/.m2/repository/org/apache/tiles/tiles-request-api/1.0.7/tiles-request-api-1.0.7.jar' 
2022-05-28 19:17:04.580 DEBUG [acme.Launcher@main] Found classpath entry '/Users/miguel/.m2/repository/org/springframework/boot/spring-boot-starter-data-jpa/2.4.2/spring-boot-starter-data-jpa-2.4.2.jar' 
2022-05-28 19:17:04.580 DEBUG [acme.Launcher@main] Found classpath entry '/Users/miguel/.m2/repository/org/springframework/boot/spring-boot-starter-aop/2.4.2/spring-boot-starter-aop-2.4.2.jar' 
2022-05-28 19:17:04.580 DEBUG [acme.Launcher@main] Found classpath entry '/Users/miguel/.m2/repository/org/aspectj/aspectjweaver/1.9.6/aspectjweaver-1.9.6.jar' 
2022-05-28 19:17:04.580 DEBUG [acme.Launcher@main] Found classpath entry '/Users/miguel/.m2/repository/org/springframework/boot/spring-boot-starter-jdbc/2.4.2/spring-boot-starter-jdbc-2.4.2.jar' 
2022-05-28 19:17:04.581 DEBUG [acme.Launcher@main] Found classpath entry '/Users/miguel/.m2/repository/jakarta/transaction/jakarta.transaction-api/1.3.3/jakarta.transaction-api-1.3.3.jar' 
2022-05-28 19:17:04.581 DEBUG [acme.Launcher@main] Found classpath entry '/Users/miguel/.m2/repository/jakarta/persistence/jakarta.persistence-api/2.2.3/jakarta.persistence-api-2.2.3.jar' 
2022-05-28 19:17:04.581 DEBUG [acme.Launcher@main] Found classpath entry '/Users/miguel/.m2/repository/org/hibernate/hibernate-core/5.4.27.Final/hibernate-core-5.4.27.Final.jar' 
2022-05-28 19:17:04.581 DEBUG [acme.Launcher@main] Found classpath entry '/Users/miguel/.m2/repository/org/jboss/logging/jboss-logging/3.4.1.Final/jboss-logging-3.4.1.Final.jar' 
2022-05-28 19:17:04.581 DEBUG [acme.Launcher@main] Found classpath entry '/Users/miguel/.m2/repository/org/javassist/javassist/3.27.0-GA/javassist-3.27.0-GA.jar' 
2022-05-28 19:17:04.581 DEBUG [acme.Launcher@main] Found classpath entry '/Users/miguel/.m2/repository/antlr/antlr/2.7.7/antlr-2.7.7.jar' 
2022-05-28 19:17:04.581 DEBUG [acme.Launcher@main] Found classpath entry '/Users/miguel/.m2/repository/org/jboss/jandex/2.1.3.Final/jandex-2.1.3.Final.jar' 
2022-05-28 19:17:04.581 DEBUG [acme.Launcher@main] Found classpath entry '/Users/miguel/.m2/repository/com/fasterxml/classmate/1.5.1/classmate-1.5.1.jar' 
2022-05-28 19:17:04.581 DEBUG [acme.Launcher@main] Found classpath entry '/Users/miguel/.m2/repository/org/dom4j/dom4j/2.1.3/dom4j-2.1.3.jar' 
2022-05-28 19:17:04.582 DEBUG [acme.Launcher@main] Found classpath entry '/Users/miguel/.m2/repository/org/hibernate/common/hibernate-commons-annotations/5.1.2.Final/hibernate-commons-annotations-5.1.2.Final.jar' 
2022-05-28 19:17:04.582 DEBUG [acme.Launcher@main] Found classpath entry '/Users/miguel/.m2/repository/org/glassfish/jaxb/jaxb-runtime/2.3.3/jaxb-runtime-2.3.3.jar' 
2022-05-28 19:17:04.582 DEBUG [acme.Launcher@main] Found classpath entry '/Users/miguel/.m2/repository/org/glassfish/jaxb/txw2/2.3.3/txw2-2.3.3.jar' 
2022-05-28 19:17:04.582 DEBUG [acme.Launcher@main] Found classpath entry '/Users/miguel/.m2/repository/com/sun/istack/istack-commons-runtime/3.0.11/istack-commons-runtime-3.0.11.jar' 
2022-05-28 19:17:04.582 DEBUG [acme.Launcher@main] Found classpath entry '/Users/miguel/.m2/repository/com/sun/activation/jakarta.activation/1.2.2/jakarta.activation-1.2.2.jar' 
2022-05-28 19:17:04.582 DEBUG [acme.Launcher@main] Found classpath entry '/Users/miguel/.m2/repository/org/springframework/data/spring-data-jpa/2.4.3/spring-data-jpa-2.4.3.jar' 
2022-05-28 19:17:04.582 DEBUG [acme.Launcher@main] Found classpath entry '/Users/miguel/.m2/repository/org/springframework/data/spring-data-commons/2.4.3/spring-data-commons-2.4.3.jar' 
2022-05-28 19:17:04.582 DEBUG [acme.Launcher@main] Found classpath entry '/Users/miguel/.m2/repository/org/springframework/spring-orm/5.3.3/spring-orm-5.3.3.jar' 
2022-05-28 19:17:04.582 DEBUG [acme.Launcher@main] Found classpath entry '/Users/miguel/.m2/repository/org/springframework/spring-aspects/5.3.3/spring-aspects-5.3.3.jar' 
2022-05-28 19:17:04.583 DEBUG [acme.Launcher@main] Found classpath entry '/Users/miguel/.m2/repository/org/springframework/boot/spring-boot-starter-validation/2.4.2/spring-boot-starter-validation-2.4.2.jar' 
2022-05-28 19:17:04.583 DEBUG [acme.Launcher@main] Found classpath entry '/Users/miguel/.m2/repository/org/hibernate/validator/hibernate-validator/6.1.7.Final/hibernate-validator-6.1.7.Final.jar' 
2022-05-28 19:17:04.583 DEBUG [acme.Launcher@main] Found classpath entry '/Users/miguel/.m2/repository/jakarta/validation/jakarta.validation-api/2.0.2/jakarta.validation-api-2.0.2.jar' 
2022-05-28 19:17:04.583 DEBUG [acme.Launcher@main] Found classpath entry '/Users/miguel/.m2/repository/mysql/mysql-connector-java/8.0.22/mysql-connector-java-8.0.22.jar' 
2022-05-28 19:17:04.583 DEBUG [acme.Launcher@main] Found classpath entry '/Users/miguel/.m2/repository/com/zaxxer/HikariCP/3.4.5/HikariCP-3.4.5.jar' 
2022-05-28 19:17:04.583 DEBUG [acme.Launcher@main] Found classpath entry '/Users/miguel/.m2/repository/org/springframework/boot/spring-boot-starter-test/2.4.2/spring-boot-starter-test-2.4.2.jar' 
2022-05-28 19:17:04.583 DEBUG [acme.Launcher@main] Found classpath entry '/Users/miguel/.m2/repository/org/springframework/boot/spring-boot-test/2.4.2/spring-boot-test-2.4.2.jar' 
2022-05-28 19:17:04.583 DEBUG [acme.Launcher@main] Found classpath entry '/Users/miguel/.m2/repository/org/springframework/boot/spring-boot-test-autoconfigure/2.4.2/spring-boot-test-autoconfigure-2.4.2.jar' 
2022-05-28 19:17:04.583 DEBUG [acme.Launcher@main] Found classpath entry '/Users/miguel/.m2/repository/com/jayway/jsonpath/json-path/2.4.0/json-path-2.4.0.jar' 
2022-05-28 19:17:04.584 DEBUG [acme.Launcher@main] Found classpath entry '/Users/miguel/.m2/repository/net/minidev/json-smart/2.3/json-smart-2.3.jar' 
2022-05-28 19:17:04.584 DEBUG [acme.Launcher@main] Found classpath entry '/Users/miguel/.m2/repository/net/minidev/accessors-smart/1.2/accessors-smart-1.2.jar' 
2022-05-28 19:17:04.584 DEBUG [acme.Launcher@main] Found classpath entry '/Users/miguel/.m2/repository/org/ow2/asm/asm/5.0.4/asm-5.0.4.jar' 
2022-05-28 19:17:04.584 DEBUG [acme.Launcher@main] Found classpath entry '/Users/miguel/.m2/repository/jakarta/xml/bind/jakarta.xml.bind-api/2.3.3/jakarta.xml.bind-api-2.3.3.jar' 
2022-05-28 19:17:04.584 DEBUG [acme.Launcher@main] Found classpath entry '/Users/miguel/.m2/repository/jakarta/activation/jakarta.activation-api/1.2.2/jakarta.activation-api-1.2.2.jar' 
2022-05-28 19:17:04.584 DEBUG [acme.Launcher@main] Found classpath entry '/Users/miguel/.m2/repository/org/assertj/assertj-core/3.18.1/assertj-core-3.18.1.jar' 
2022-05-28 19:17:04.584 DEBUG [acme.Launcher@main] Found classpath entry '/Users/miguel/.m2/repository/org/hamcrest/hamcrest/2.2/hamcrest-2.2.jar' 
2022-05-28 19:17:04.584 DEBUG [acme.Launcher@main] Found classpath entry '/Users/miguel/.m2/repository/org/junit/jupiter/junit-jupiter/5.7.0/junit-jupiter-5.7.0.jar' 
2022-05-28 19:17:04.584 DEBUG [acme.Launcher@main] Found classpath entry '/Users/miguel/.m2/repository/org/mockito/mockito-core/3.6.28/mockito-core-3.6.28.jar' 
2022-05-28 19:17:04.584 DEBUG [acme.Launcher@main] Found classpath entry '/Users/miguel/.m2/repository/net/bytebuddy/byte-buddy-agent/1.10.19/byte-buddy-agent-1.10.19.jar' 
2022-05-28 19:17:04.585 DEBUG [acme.Launcher@main] Found classpath entry '/Users/miguel/.m2/repository/org/objenesis/objenesis/3.1/objenesis-3.1.jar' 
2022-05-28 19:17:04.585 DEBUG [acme.Launcher@main] Found classpath entry '/Users/miguel/.m2/repository/org/mockito/mockito-junit-jupiter/3.6.28/mockito-junit-jupiter-3.6.28.jar' 
2022-05-28 19:17:04.585 DEBUG [acme.Launcher@main] Found classpath entry '/Users/miguel/.m2/repository/org/skyscreamer/jsonassert/1.5.0/jsonassert-1.5.0.jar' 
2022-05-28 19:17:04.585 DEBUG [acme.Launcher@main] Found classpath entry '/Users/miguel/.m2/repository/com/vaadin/external/google/android-json/0.0.20131108.vaadin1/android-json-0.0.20131108.vaadin1.jar' 
2022-05-28 19:17:04.585 DEBUG [acme.Launcher@main] Found classpath entry '/Users/miguel/.m2/repository/org/springframework/spring-test/5.3.3/spring-test-5.3.3.jar' 
2022-05-28 19:17:04.585 DEBUG [acme.Launcher@main] Found classpath entry '/Users/miguel/.m2/repository/org/xmlunit/xmlunit-core/2.7.0/xmlunit-core-2.7.0.jar' 
2022-05-28 19:17:04.585 DEBUG [acme.Launcher@main] Found classpath entry '/Users/miguel/.m2/repository/org/junit/jupiter/junit-jupiter-engine/5.7.0/junit-jupiter-engine-5.7.0.jar' 
2022-05-28 19:17:04.585 DEBUG [acme.Launcher@main] Found classpath entry '/Users/miguel/.m2/repository/org/apiguardian/apiguardian-api/1.1.0/apiguardian-api-1.1.0.jar' 
2022-05-28 19:17:04.585 DEBUG [acme.Launcher@main] Found classpath entry '/Users/miguel/.m2/repository/org/junit/platform/junit-platform-engine/1.7.0/junit-platform-engine-1.7.0.jar' 
2022-05-28 19:17:04.585 DEBUG [acme.Launcher@main] Found classpath entry '/Users/miguel/.m2/repository/org/junit/jupiter/junit-jupiter-api/5.7.0/junit-jupiter-api-5.7.0.jar' 
2022-05-28 19:17:04.586 DEBUG [acme.Launcher@main] Found classpath entry '/Users/miguel/.m2/repository/org/opentest4j/opentest4j/1.2.0/opentest4j-1.2.0.jar' 
2022-05-28 19:17:04.586 DEBUG [acme.Launcher@main] Found classpath entry '/Users/miguel/.m2/repository/org/junit/platform/junit-platform-commons/1.7.0/junit-platform-commons-1.7.0.jar' 
2022-05-28 19:17:04.586 DEBUG [acme.Launcher@main] Found classpath entry '/Users/miguel/.m2/repository/org/junit/jupiter/junit-jupiter-params/5.7.0/junit-jupiter-params-5.7.0.jar' 
2022-05-28 19:17:04.586 DEBUG [acme.Launcher@main] Found classpath entry '/Users/miguel/.m2/repository/org/junit/platform/junit-platform-launcher/1.7.0/junit-platform-launcher-1.7.0.jar' 
2022-05-28 19:17:04.586 DEBUG [acme.Launcher@main] Found classpath entry '/Users/miguel/.m2/repository/org/seleniumhq/selenium/selenium-java/3.141.59/selenium-java-3.141.59.jar' 
2022-05-28 19:17:04.586 DEBUG [acme.Launcher@main] Found classpath entry '/Users/miguel/.m2/repository/org/seleniumhq/selenium/selenium-api/3.141.59/selenium-api-3.141.59.jar' 
2022-05-28 19:17:04.586 DEBUG [acme.Launcher@main] Found classpath entry '/Users/miguel/.m2/repository/org/seleniumhq/selenium/selenium-chrome-driver/3.141.59/selenium-chrome-driver-3.141.59.jar' 
2022-05-28 19:17:04.586 DEBUG [acme.Launcher@main] Found classpath entry '/Users/miguel/.m2/repository/org/seleniumhq/selenium/selenium-edge-driver/3.141.59/selenium-edge-driver-3.141.59.jar' 
2022-05-28 19:17:04.586 DEBUG [acme.Launcher@main] Found classpath entry '/Users/miguel/.m2/repository/org/seleniumhq/selenium/selenium-firefox-driver/3.141.59/selenium-firefox-driver-3.141.59.jar' 
2022-05-28 19:17:04.587 DEBUG [acme.Launcher@main] Found classpath entry '/Users/miguel/.m2/repository/org/seleniumhq/selenium/selenium-ie-driver/3.141.59/selenium-ie-driver-3.141.59.jar' 
2022-05-28 19:17:04.587 DEBUG [acme.Launcher@main] Found classpath entry '/Users/miguel/.m2/repository/org/seleniumhq/selenium/selenium-opera-driver/3.141.59/selenium-opera-driver-3.141.59.jar' 
2022-05-28 19:17:04.587 DEBUG [acme.Launcher@main] Found classpath entry '/Users/miguel/.m2/repository/org/seleniumhq/selenium/selenium-remote-driver/3.141.59/selenium-remote-driver-3.141.59.jar' 
2022-05-28 19:17:04.587 DEBUG [acme.Launcher@main] Found classpath entry '/Users/miguel/.m2/repository/org/seleniumhq/selenium/selenium-safari-driver/3.141.59/selenium-safari-driver-3.141.59.jar' 
2022-05-28 19:17:04.587 DEBUG [acme.Launcher@main] Found classpath entry '/Users/miguel/.m2/repository/org/seleniumhq/selenium/selenium-support/3.141.59/selenium-support-3.141.59.jar' 
2022-05-28 19:17:04.587 DEBUG [acme.Launcher@main] Found classpath entry '/Users/miguel/.m2/repository/net/bytebuddy/byte-buddy/1.10.19/byte-buddy-1.10.19.jar' 
2022-05-28 19:17:04.587 DEBUG [acme.Launcher@main] Found classpath entry '/Users/miguel/.m2/repository/org/apache/commons/commons-exec/1.3/commons-exec-1.3.jar' 
2022-05-28 19:17:04.587 DEBUG [acme.Launcher@main] Found classpath entry '/Users/miguel/.m2/repository/com/google/guava/guava/25.0-jre/guava-25.0-jre.jar' 
2022-05-28 19:17:04.587 DEBUG [acme.Launcher@main] Found classpath entry '/Users/miguel/.m2/repository/com/google/code/findbugs/jsr305/1.3.9/jsr305-1.3.9.jar' 
2022-05-28 19:17:04.588 DEBUG [acme.Launcher@main] Found classpath entry '/Users/miguel/.m2/repository/org/checkerframework/checker-compat-qual/2.0.0/checker-compat-qual-2.0.0.jar' 
2022-05-28 19:17:04.588 DEBUG [acme.Launcher@main] Found classpath entry '/Users/miguel/.m2/repository/com/google/errorprone/error_prone_annotations/2.1.3/error_prone_annotations-2.1.3.jar' 
2022-05-28 19:17:04.588 DEBUG [acme.Launcher@main] Found classpath entry '/Users/miguel/.m2/repository/com/google/j2objc/j2objc-annotations/1.1/j2objc-annotations-1.1.jar' 
2022-05-28 19:17:04.588 DEBUG [acme.Launcher@main] Found classpath entry '/Users/miguel/.m2/repository/org/codehaus/mojo/animal-sniffer-annotations/1.14/animal-sniffer-annotations-1.14.jar' 
2022-05-28 19:17:04.588 DEBUG [acme.Launcher@main] Found classpath entry '/Users/miguel/.m2/repository/com/squareup/okhttp3/okhttp/3.14.9/okhttp-3.14.9.jar' 
2022-05-28 19:17:04.588 DEBUG [acme.Launcher@main] Found classpath entry '/Users/miguel/.m2/repository/com/squareup/okio/okio/1.14.0/okio-1.14.0.jar' 
2022-05-28 19:17:04.588 DEBUG [acme.Launcher@main] Found classpath entry '/Users/miguel/.m2/repository/org/apache/commons/commons-lang3/3.11/commons-lang3-3.11.jar' 
2022-05-28 19:17:04.588 DEBUG [acme.Launcher@main] Found classpath entry '/Users/miguel/.m2/repository/org/apache/commons/commons-text/1.8/commons-text-1.8.jar' 
2022-05-28 19:17:04.588 DEBUG [acme.Launcher@main] Found classpath entry '/Users/miguel/.m2/repository/commons-io/commons-io/2.6/commons-io-2.6.jar' 
2022-05-28 19:17:04.589 DEBUG [acme.Launcher@main] Found classpath entry '/Users/miguel/.m2/repository/commons-cli/commons-cli/1.4/commons-cli-1.4.jar' 
2022-05-28 19:17:04.589 DEBUG [acme.Launcher@main] Found classpath entry '/Users/miguel/.m2/repository/org/projectlombok/lombok/1.18.16/lombok-1.18.16.jar' 
2022-05-28 19:17:04.589 DEBUG [acme.Launcher@main] Found classpath entry '/Users/miguel/.m2/repository/com/opencsv/opencsv/5.4/opencsv-5.4.jar' 
2022-05-28 19:17:04.589 DEBUG [acme.Launcher@main] Found classpath entry '/Users/miguel/.m2/repository/commons-beanutils/commons-beanutils/1.9.4/commons-beanutils-1.9.4.jar' 
2022-05-28 19:17:04.589 DEBUG [acme.Launcher@main] Found classpath entry '/Users/miguel/.m2/repository/commons-logging/commons-logging/1.2/commons-logging-1.2.jar' 
2022-05-28 19:17:04.589 DEBUG [acme.Launcher@main] Found classpath entry '/Users/miguel/.m2/repository/commons-collections/commons-collections/3.2.2/commons-collections-3.2.2.jar' 
2022-05-28 19:17:04.589 DEBUG [acme.Launcher@main] Found classpath entry '/Users/miguel/.m2/repository/org/apache/commons/commons-collections4/4.4/commons-collections4-4.4.jar' 
2022-05-28 19:17:04.589 DEBUG [acme.Launcher@main] Found classpath entry '/Users/miguel/Downloads/Doc%20Locales/Miguelito/Universidad/3%c2%ba%20Curso/DP2/Workspace-22.7/Projects/Acme-Toolkits/libs/Spam.jar' 
2022-05-28 19:17:04.640 DEBUG [acme.Launcher@main] Found entity class 'acme.entities.Announcement 
2022-05-28 19:17:04.640 DEBUG [acme.Launcher@main] Found entity class 'acme.entities.Chimpum 
2022-05-28 19:17:04.640 DEBUG [acme.Launcher@main] Found entity class 'acme.entities.Chirp 
2022-05-28 19:17:04.640 DEBUG [acme.Launcher@main] Found entity class 'acme.entities.Item 
2022-05-28 19:17:04.640 DEBUG [acme.Launcher@main] Found entity class 'acme.entities.ItemQuantity 
2022-05-28 19:17:04.640 DEBUG [acme.Launcher@main] Found entity class 'acme.entities.MoneyExchangeCache 
2022-05-28 19:17:04.640 DEBUG [acme.Launcher@main] Found entity class 'acme.entities.Patronage 
2022-05-28 19:17:04.641 DEBUG [acme.Launcher@main] Found entity class 'acme.entities.PatronageReport 
2022-05-28 19:17:04.641 DEBUG [acme.Launcher@main] Found entity class 'acme.entities.SystemConfiguration 
2022-05-28 19:17:04.641 DEBUG [acme.Launcher@main] Found entity class 'acme.entities.Toolkit 
2022-05-28 19:17:04.641 DEBUG [acme.Launcher@main] Found entity class 'acme.roles.Inventor 
2022-05-28 19:17:04.641 DEBUG [acme.Launcher@main] Found entity class 'acme.roles.Patron 
2022-05-28 19:17:04.641 DEBUG [acme.Launcher@main] Found entity class 'acme.framework.entities.UserAccount 
2022-05-28 19:17:04.641 DEBUG [acme.Launcher@main] Found entity class 'acme.framework.roles.Administrator 
2022-05-28 19:17:04.641 DEBUG [acme.Launcher@main] Found entity class 'acme.framework.roles.Anonymous 
2022-05-28 19:17:04.641 DEBUG [acme.Launcher@main] Found entity class 'acme.framework.roles.Any 
2022-05-28 19:17:04.641 DEBUG [acme.Launcher@main] Found entity class 'acme.framework.roles.Authenticated 
2022-05-28 19:17:04.644 INFO  [acme.Launcher@main] Running application (Standalone) 
2022-05-28 19:17:07.994 ERROR [org.apache.catalina.core.ContainerBase.[Tomcat].[localhost].[/acme-toolkits-22.7].[dispatcherServlet]@http-nio-8080-exec-1] Servlet.service() for servlet [dispatcherServlet] in context with path [/acme-toolkits-22.7] threw exception [Filter execution threw an exception] with root cause at acme.framework.controllers.RememberMeLogoutHandler.logout(RememberMeLogoutHandler.java:31): java.lang.AssertionError
2022-05-28 19:17:08.030 DEBUG [acme.framework.components.tiles.DynamicTilesView@http-nio-8080-exec-1] View name 'master/panic', model {} 
2022-05-28 19:17:08.043 DEBUG [org.apache.tiles.definition.dao.BaseLocaleUrlDefinitionDAO@http-nio-8080-exec-1] File Resource file:/Users/miguel/Downloads/Doc%20Locales/Miguelito/Universidad/3º%20Curso/DP2/Workspace-22.7/Projects/Acme-Toolkits/target/classes/WEB-INF/views/master/tiles_en.xml at file:/Users/miguel/Downloads/Doc%20Locales/Miguelito/Universidad/3º%20Curso/DP2/Workspace-22.7/Projects/Acme-Toolkits/target/classes/WEB-INF/views/master/tiles_en.xml not found, continue 
2022-05-28 19:17:08.046 DEBUG [org.apache.jasper.servlet.JspServlet@http-nio-8080-exec-1] JspEngine --> /WEB-INF/views/master/page.jsp 
2022-05-28 19:17:08.046 DEBUG [org.apache.jasper.servlet.JspServlet@http-nio-8080-exec-1] ServletPath: /WEB-INF/views/master/page.jsp 
2022-05-28 19:17:08.047 DEBUG [org.apache.jasper.servlet.JspServlet@http-nio-8080-exec-1] PathInfo: null 
2022-05-28 19:17:08.047 DEBUG [org.apache.jasper.servlet.JspServlet@http-nio-8080-exec-1] RealPath: /Users/miguel/Downloads/Doc Locales/Miguelito/Universidad/3º Curso/DP2/Workspace-22.7/Projects/Acme-Toolkits/target/classes/WEB-INF/views/master/page.jsp 
2022-05-28 19:17:08.047 DEBUG [org.apache.jasper.servlet.JspServlet@http-nio-8080-exec-1] RequestURI: /acme-toolkits-22.7/WEB-INF/views/master/page.jsp 
2022-05-28 19:17:08.048 DEBUG [org.apache.jasper.servlet.JspServlet@http-nio-8080-exec-1] QueryString: null 
2022-05-28 19:17:10.587 DEBUG [acme.framework.configuration.ExtendedMessageSource@http-nio-8080-exec-1] Loading properties [/Users/miguel/Downloads/Doc Locales/Miguelito/Universidad/3º Curso/DP2/Workspace-22.7/Projects/Acme-Toolkits/target/classes/WEB-INF/views/administrator/administrator-dashboard/messages-en.i18n] with encoding 'utf-8' 
2022-05-28 19:17:10.588 DEBUG [acme.framework.configuration.ExtendedMessageSource@http-nio-8080-exec-1] Loading properties [/Users/miguel/Downloads/Doc Locales/Miguelito/Universidad/3º Curso/DP2/Workspace-22.7/Projects/Acme-Toolkits/target/classes/WEB-INF/views/administrator/announcement/messages-en.i18n] with encoding 'utf-8' 
2022-05-28 19:17:10.589 DEBUG [acme.framework.configuration.ExtendedMessageSource@http-nio-8080-exec-1] Loading properties [/Users/miguel/Downloads/Doc Locales/Miguelito/Universidad/3º Curso/DP2/Workspace-22.7/Projects/Acme-Toolkits/target/classes/WEB-INF/views/administrator/system-configuration/messsages-en.i18n] with encoding 'utf-8' 
2022-05-28 19:17:10.590 DEBUG [acme.framework.configuration.ExtendedMessageSource@http-nio-8080-exec-1] Loading properties [/Users/miguel/Downloads/Doc Locales/Miguelito/Universidad/3º Curso/DP2/Workspace-22.7/Projects/Acme-Toolkits/target/classes/WEB-INF/views/administrator/user-account/messages-en.i18n] with encoding 'utf-8' 
2022-05-28 19:17:10.590 DEBUG [acme.framework.configuration.ExtendedMessageSource@http-nio-8080-exec-1] Loading properties [/Users/miguel/Downloads/Doc Locales/Miguelito/Universidad/3º Curso/DP2/Workspace-22.7/Projects/Acme-Toolkits/target/classes/WEB-INF/views/anonymous/user-account/messages-en.i18n] with encoding 'utf-8' 
2022-05-28 19:17:10.590 DEBUG [acme.framework.configuration.ExtendedMessageSource@http-nio-8080-exec-1] Loading properties [/Users/miguel/Downloads/Doc Locales/Miguelito/Universidad/3º Curso/DP2/Workspace-22.7/Projects/Acme-Toolkits/target/classes/WEB-INF/views/any/chirp/messages-en.i18n] with encoding 'utf-8' 
2022-05-28 19:17:10.591 DEBUG [acme.framework.configuration.ExtendedMessageSource@http-nio-8080-exec-1] Loading properties [/Users/miguel/Downloads/Doc Locales/Miguelito/Universidad/3º Curso/DP2/Workspace-22.7/Projects/Acme-Toolkits/target/classes/WEB-INF/views/any/item/messsages-en.i18n] with encoding 'utf-8' 
2022-05-28 19:17:10.591 DEBUG [acme.framework.configuration.ExtendedMessageSource@http-nio-8080-exec-1] Loading properties [/Users/miguel/Downloads/Doc Locales/Miguelito/Universidad/3º Curso/DP2/Workspace-22.7/Projects/Acme-Toolkits/target/classes/WEB-INF/views/any/toolkit/messages-en.i18n] with encoding 'utf-8' 
2022-05-28 19:17:10.592 DEBUG [acme.framework.configuration.ExtendedMessageSource@http-nio-8080-exec-1] Loading properties [/Users/miguel/Downloads/Doc Locales/Miguelito/Universidad/3º Curso/DP2/Workspace-22.7/Projects/Acme-Toolkits/target/classes/WEB-INF/views/any/user-account/messsages-en.i18n] with encoding 'utf-8' 
2022-05-28 19:17:10.592 DEBUG [acme.framework.configuration.ExtendedMessageSource@http-nio-8080-exec-1] Loading properties [/Users/miguel/Downloads/Doc Locales/Miguelito/Universidad/3º Curso/DP2/Workspace-22.7/Projects/Acme-Toolkits/target/classes/WEB-INF/views/authenticated/announcement/messages-en.i18n] with encoding 'utf-8' 
2022-05-28 19:17:10.593 DEBUG [acme.framework.configuration.ExtendedMessageSource@http-nio-8080-exec-1] Loading properties [/Users/miguel/Downloads/Doc Locales/Miguelito/Universidad/3º Curso/DP2/Workspace-22.7/Projects/Acme-Toolkits/target/classes/WEB-INF/views/authenticated/inventor/messsages-en.i18n] with encoding 'utf-8' 
2022-05-28 19:17:10.594 DEBUG [acme.framework.configuration.ExtendedMessageSource@http-nio-8080-exec-1] Loading properties [/Users/miguel/Downloads/Doc Locales/Miguelito/Universidad/3º Curso/DP2/Workspace-22.7/Projects/Acme-Toolkits/target/classes/WEB-INF/views/authenticated/money-exchange/messages-en.i18n] with encoding 'utf-8' 
2022-05-28 19:17:10.594 DEBUG [acme.framework.configuration.ExtendedMessageSource@http-nio-8080-exec-1] Loading properties [/Users/miguel/Downloads/Doc Locales/Miguelito/Universidad/3º Curso/DP2/Workspace-22.7/Projects/Acme-Toolkits/target/classes/WEB-INF/views/authenticated/patron/messsages-en.i18n] with encoding 'utf-8' 
2022-05-28 19:17:10.595 DEBUG [acme.framework.configuration.ExtendedMessageSource@http-nio-8080-exec-1] Loading properties [/Users/miguel/Downloads/Doc Locales/Miguelito/Universidad/3º Curso/DP2/Workspace-22.7/Projects/Acme-Toolkits/target/classes/WEB-INF/views/authenticated/system-configuration/messages-en.i18n] with encoding 'utf-8' 
2022-05-28 19:17:10.595 DEBUG [acme.framework.configuration.ExtendedMessageSource@http-nio-8080-exec-1] Loading properties [/Users/miguel/Downloads/Doc Locales/Miguelito/Universidad/3º Curso/DP2/Workspace-22.7/Projects/Acme-Toolkits/target/classes/WEB-INF/views/authenticated/user-account/messages-en.i18n] with encoding 'utf-8' 
2022-05-28 19:17:10.595 DEBUG [acme.framework.configuration.ExtendedMessageSource@http-nio-8080-exec-1] Loading properties [/Users/miguel/Downloads/Doc Locales/Miguelito/Universidad/3º Curso/DP2/Workspace-22.7/Projects/Acme-Toolkits/target/classes/WEB-INF/views/fragments/banner-en.i18n] with encoding 'utf-8' 
2022-05-28 19:17:10.596 DEBUG [acme.framework.configuration.ExtendedMessageSource@http-nio-8080-exec-1] Loading properties [/Users/miguel/Downloads/Doc Locales/Miguelito/Universidad/3º Curso/DP2/Workspace-22.7/Projects/Acme-Toolkits/target/classes/WEB-INF/views/fragments/company-en.i18n] with encoding 'utf-8' 
2022-05-28 19:17:10.597 DEBUG [acme.framework.configuration.ExtendedMessageSource@http-nio-8080-exec-1] Loading properties [/Users/miguel/Downloads/Doc Locales/Miguelito/Universidad/3º Curso/DP2/Workspace-22.7/Projects/Acme-Toolkits/target/classes/WEB-INF/views/fragments/footer-en.i18n] with encoding 'utf-8' 
2022-05-28 19:17:10.597 DEBUG [acme.framework.configuration.ExtendedMessageSource@http-nio-8080-exec-1] Loading properties [/Users/miguel/Downloads/Doc Locales/Miguelito/Universidad/3º Curso/DP2/Workspace-22.7/Projects/Acme-Toolkits/target/classes/WEB-INF/views/fragments/license-en.i18n] with encoding 'utf-8' 
2022-05-28 19:17:10.598 DEBUG [acme.framework.configuration.ExtendedMessageSource@http-nio-8080-exec-1] Loading properties [/Users/miguel/Downloads/Doc Locales/Miguelito/Universidad/3º Curso/DP2/Workspace-22.7/Projects/Acme-Toolkits/target/classes/WEB-INF/views/fragments/menu-en.i18n] with encoding 'utf-8' 
2022-05-28 19:17:10.598 DEBUG [acme.framework.configuration.ExtendedMessageSource@http-nio-8080-exec-1] Loading properties [/Users/miguel/Downloads/Doc Locales/Miguelito/Universidad/3º Curso/DP2/Workspace-22.7/Projects/Acme-Toolkits/target/classes/WEB-INF/views/fragments/messsages-en.i18n] with encoding 'utf-8' 
2022-05-28 19:17:10.599 DEBUG [acme.framework.configuration.ExtendedMessageSource@http-nio-8080-exec-1] Loading properties [/Users/miguel/Downloads/Doc Locales/Miguelito/Universidad/3º Curso/DP2/Workspace-22.7/Projects/Acme-Toolkits/target/classes/WEB-INF/views/fragments/title-en.i18n] with encoding 'utf-8' 
2022-05-28 19:17:10.599 DEBUG [acme.framework.configuration.ExtendedMessageSource@http-nio-8080-exec-1] Loading properties [/Users/miguel/Downloads/Doc Locales/Miguelito/Universidad/3º Curso/DP2/Workspace-22.7/Projects/Acme-Toolkits/target/classes/WEB-INF/views/fragments/welcome-en.i18n] with encoding 'utf-8' 
2022-05-28 19:17:10.599 DEBUG [acme.framework.configuration.ExtendedMessageSource@http-nio-8080-exec-1] Loading properties [/Users/miguel/Downloads/Doc Locales/Miguelito/Universidad/3º Curso/DP2/Workspace-22.7/Projects/Acme-Toolkits/target/classes/WEB-INF/views/inventor/item/messages-en.i18n] with encoding 'utf-8' 
2022-05-28 19:17:10.600 DEBUG [acme.framework.configuration.ExtendedMessageSource@http-nio-8080-exec-1] Loading properties [/Users/miguel/Downloads/Doc Locales/Miguelito/Universidad/3º Curso/DP2/Workspace-22.7/Projects/Acme-Toolkits/target/classes/WEB-INF/views/inventor/item-quantity/messages-en.i18n] with encoding 'utf-8' 
2022-05-28 19:17:10.600 DEBUG [acme.framework.configuration.ExtendedMessageSource@http-nio-8080-exec-1] Loading properties [/Users/miguel/Downloads/Doc Locales/Miguelito/Universidad/3º Curso/DP2/Workspace-22.7/Projects/Acme-Toolkits/target/classes/WEB-INF/views/inventor/patronage/messages-en.i18n] with encoding 'utf-8' 
2022-05-28 19:17:10.601 DEBUG [acme.framework.configuration.ExtendedMessageSource@http-nio-8080-exec-1] Loading properties [/Users/miguel/Downloads/Doc Locales/Miguelito/Universidad/3º Curso/DP2/Workspace-22.7/Projects/Acme-Toolkits/target/classes/WEB-INF/views/inventor/patronage-report/messsages-en.i18n] with encoding 'utf-8' 
2022-05-28 19:17:10.602 DEBUG [acme.framework.configuration.ExtendedMessageSource@http-nio-8080-exec-1] Loading properties [/Users/miguel/Downloads/Doc Locales/Miguelito/Universidad/3º Curso/DP2/Workspace-22.7/Projects/Acme-Toolkits/target/classes/WEB-INF/views/inventor/toolkit/messages-en.i18n] with encoding 'utf-8' 
2022-05-28 19:17:10.602 DEBUG [acme.framework.configuration.ExtendedMessageSource@http-nio-8080-exec-1] Loading properties [/Users/miguel/Downloads/Doc Locales/Miguelito/Universidad/3º Curso/DP2/Workspace-22.7/Projects/Acme-Toolkits/target/classes/WEB-INF/views/master/defaults-en.i18n] with encoding 'utf-8' 
2022-05-28 19:17:10.603 DEBUG [acme.framework.configuration.ExtendedMessageSource@http-nio-8080-exec-1] Loading properties [/Users/miguel/Downloads/Doc Locales/Miguelito/Universidad/3º Curso/DP2/Workspace-22.7/Projects/Acme-Toolkits/target/classes/WEB-INF/views/master/master-en.i18n] with encoding 'utf-8' 
2022-05-28 19:17:10.603 DEBUG [acme.framework.configuration.ExtendedMessageSource@http-nio-8080-exec-1] Loading properties [/Users/miguel/Downloads/Doc Locales/Miguelito/Universidad/3º Curso/DP2/Workspace-22.7/Projects/Acme-Toolkits/target/classes/WEB-INF/views/master/throwables-en.i18n] with encoding 'utf-8' 
2022-05-28 19:17:10.604 DEBUG [acme.framework.configuration.ExtendedMessageSource@http-nio-8080-exec-1] Loading properties [/Users/miguel/Downloads/Doc Locales/Miguelito/Universidad/3º Curso/DP2/Workspace-22.7/Projects/Acme-Toolkits/target/classes/WEB-INF/views/master/validation-en.i18n] with encoding 'utf-8' 
2022-05-28 19:17:10.604 DEBUG [acme.framework.configuration.ExtendedMessageSource@http-nio-8080-exec-1] Loading properties [/Users/miguel/Downloads/Doc Locales/Miguelito/Universidad/3º Curso/DP2/Workspace-22.7/Projects/Acme-Toolkits/target/classes/WEB-INF/views/patron/patron-dashboard/messages-en.i18n] with encoding 'utf-8' 
2022-05-28 19:17:10.605 DEBUG [acme.framework.configuration.ExtendedMessageSource@http-nio-8080-exec-1] Loading properties [/Users/miguel/Downloads/Doc Locales/Miguelito/Universidad/3º Curso/DP2/Workspace-22.7/Projects/Acme-Toolkits/target/classes/WEB-INF/views/patron/patronage/messages-en.i18n] with encoding 'utf-8' 
2022-05-28 19:17:10.605 DEBUG [acme.framework.configuration.ExtendedMessageSource@http-nio-8080-exec-1] Loading properties [/Users/miguel/Downloads/Doc Locales/Miguelito/Universidad/3º Curso/DP2/Workspace-22.7/Projects/Acme-Toolkits/target/classes/WEB-INF/views/patron/patronage-report/messages-en.i18n] with encoding 'utf-8' 
2022-05-28 19:17:10.687 DEBUG [org.apache.jasper.servlet.JspServlet@http-nio-8080-exec-1] JspEngine --> /WEB-INF/views/master/panic.jsp 
2022-05-28 19:17:10.687 DEBUG [org.apache.jasper.servlet.JspServlet@http-nio-8080-exec-1] ServletPath: /WEB-INF/views/master/page.jsp 
2022-05-28 19:17:10.688 DEBUG [org.apache.jasper.servlet.JspServlet@http-nio-8080-exec-1] PathInfo: null 
2022-05-28 19:17:10.688 DEBUG [org.apache.jasper.servlet.JspServlet@http-nio-8080-exec-1] RealPath: /Users/miguel/Downloads/Doc Locales/Miguelito/Universidad/3º Curso/DP2/Workspace-22.7/Projects/Acme-Toolkits/target/classes/WEB-INF/views/master/panic.jsp 
2022-05-28 19:17:10.689 DEBUG [org.apache.jasper.servlet.JspServlet@http-nio-8080-exec-1] RequestURI: /acme-toolkits-22.7/WEB-INF/views/master/page.jsp 
2022-05-28 19:17:10.689 DEBUG [org.apache.jasper.servlet.JspServlet@http-nio-8080-exec-1] QueryString: null 
2022-05-28 19:17:10.800 ERROR [org.apache.jsp.WEB_002dINF.views.master.panic_jsp@http-nio-8080-exec-1] HTTP GET /acme-toolkits-22.7/WEB-INF/views/master/page.jsp HTTP/1.1 
2022-05-28 19:17:10.801 ERROR [org.apache.jsp.WEB_002dINF.views.master.panic_jsp@http-nio-8080-exec-1] Status: 500 
2022-05-28 19:17:10.801 ERROR [org.apache.jsp.WEB_002dINF.views.master.panic_jsp@http-nio-8080-exec-1] Exception: org.apache.catalina.core.ApplicationFilterChain.internalDoFilter(ApplicationFilterChain.java:200): Filter execution threw an exception\nacme.framework.controllers.RememberMeLogoutHandler.logout(RememberMeLogoutHandler.java:31): java.lang.AssertionError 
2022-05-28 19:17:10.939 DEBUG [org.hibernate.SQL@http-nio-8080-exec-1] select useraccoun0_.id as id1_0_, useraccoun0_.version as version2_0_, useraccoun0_.enabled as enabled1_17_, useraccoun0_.identity as identity2_17_, useraccoun0_.password as password3_17_, useraccoun0_.username as username4_17_ from user_account useraccoun0_ where useraccoun0_.username=? 
2022-05-28 19:17:10.959 TRACE [org.hibernate.type.descriptor.sql.BasicBinder@http-nio-8080-exec-1] binding parameter [1] as [VARCHAR] - [anonymous] 
2022-05-28 19:17:11.017 DEBUG [org.hibernate.SQL@http-nio-8080-exec-1] select roles0_.user_account_id as user_acc1_18_0_, roles0_.id as id1_18_0_, roles0_.id as id1_0_1_, roles0_.version as version2_0_1_, roles0_.user_account_id as user_acc1_18_1_, roles0_.company as company1_8_1_, roles0_.more_info as more_inf2_8_1_, roles0_.statement as statemen3_8_1_, roles0_.company as company1_12_1_, roles0_.more_info as more_inf2_12_1_, roles0_.statement as statemen3_12_1_, roles0_.clazz_ as clazz_1_ from ( select id, version, user_account_id, company, more_info, statement, 12 as clazz_ from inventor union all select id, version, user_account_id, company, more_info, statement, 13 as clazz_ from patron union all select id, version, user_account_id, null as company, null as more_info, null as statement, 15 as clazz_ from administrator union all select id, version, user_account_id, null as company, null as more_info, null as statement, 16 as clazz_ from anonymous union all select id, version, user_account_id, null as company, null as more_info, null as statement, 17 as clazz_ from any union all select id, version, user_account_id, null as company, null as more_info, null as statement, 18 as clazz_ from authenticated ) roles0_ where roles0_.user_account_id=? 
2022-05-28 19:17:11.017 TRACE [org.hibernate.type.descriptor.sql.BasicBinder@http-nio-8080-exec-1] binding parameter [1] as [INTEGER] - [1] 
2022-05-28 19:17:13.638 DEBUG [acme.framework.components.tiles.DynamicTilesView@http-nio-8080-exec-8] View name 'master/sign-in', model {username=, password=, remember=false} 
2022-05-28 19:17:13.641 DEBUG [org.apache.jasper.servlet.JspServlet@http-nio-8080-exec-8] JspEngine --> /WEB-INF/views/master/page.jsp 
2022-05-28 19:17:13.641 DEBUG [org.apache.jasper.servlet.JspServlet@http-nio-8080-exec-8] ServletPath: /WEB-INF/views/master/page.jsp 
2022-05-28 19:17:13.641 DEBUG [org.apache.jasper.servlet.JspServlet@http-nio-8080-exec-8] PathInfo: null 
2022-05-28 19:17:13.642 DEBUG [org.apache.jasper.servlet.JspServlet@http-nio-8080-exec-8] RealPath: /Users/miguel/Downloads/Doc Locales/Miguelito/Universidad/3º Curso/DP2/Workspace-22.7/Projects/Acme-Toolkits/target/classes/WEB-INF/views/master/page.jsp 
2022-05-28 19:17:13.643 DEBUG [org.apache.jasper.servlet.JspServlet@http-nio-8080-exec-8] RequestURI: /acme-toolkits-22.7/WEB-INF/views/master/page.jsp 
2022-05-28 19:17:13.643 DEBUG [org.apache.jasper.servlet.JspServlet@http-nio-8080-exec-8] QueryString: null 
2022-05-28 19:17:13.698 DEBUG [org.apache.jasper.servlet.JspServlet@http-nio-8080-exec-8] JspEngine --> /WEB-INF/views/master/sign-in.jsp 
2022-05-28 19:17:13.698 DEBUG [org.apache.jasper.servlet.JspServlet@http-nio-8080-exec-8] ServletPath: /WEB-INF/views/master/page.jsp 
2022-05-28 19:17:13.698 DEBUG [org.apache.jasper.servlet.JspServlet@http-nio-8080-exec-8] PathInfo: null 
2022-05-28 19:17:13.699 DEBUG [org.apache.jasper.servlet.JspServlet@http-nio-8080-exec-8] RealPath: /Users/miguel/Downloads/Doc Locales/Miguelito/Universidad/3º Curso/DP2/Workspace-22.7/Projects/Acme-Toolkits/target/classes/WEB-INF/views/master/sign-in.jsp 
2022-05-28 19:17:13.699 DEBUG [org.apache.jasper.servlet.JspServlet@http-nio-8080-exec-8] RequestURI: /acme-toolkits-22.7/WEB-INF/views/master/page.jsp 
2022-05-28 19:17:13.700 DEBUG [org.apache.jasper.servlet.JspServlet@http-nio-8080-exec-8] QueryString: null 
2022-05-28 19:17:14.631 DEBUG [org.hibernate.SQL@http-nio-8080-exec-8] select useraccoun0_.id as id1_0_, useraccoun0_.version as version2_0_, useraccoun0_.enabled as enabled1_17_, useraccoun0_.identity as identity2_17_, useraccoun0_.password as password3_17_, useraccoun0_.username as username4_17_ from user_account useraccoun0_ where useraccoun0_.username=? 
2022-05-28 19:17:14.631 TRACE [org.hibernate.type.descriptor.sql.BasicBinder@http-nio-8080-exec-8] binding parameter [1] as [VARCHAR] - [anonymous] 
2022-05-28 19:17:14.635 DEBUG [org.hibernate.SQL@http-nio-8080-exec-8] select roles0_.user_account_id as user_acc1_18_0_, roles0_.id as id1_18_0_, roles0_.id as id1_0_1_, roles0_.version as version2_0_1_, roles0_.user_account_id as user_acc1_18_1_, roles0_.company as company1_8_1_, roles0_.more_info as more_inf2_8_1_, roles0_.statement as statemen3_8_1_, roles0_.company as company1_12_1_, roles0_.more_info as more_inf2_12_1_, roles0_.statement as statemen3_12_1_, roles0_.clazz_ as clazz_1_ from ( select id, version, user_account_id, company, more_info, statement, 12 as clazz_ from inventor union all select id, version, user_account_id, company, more_info, statement, 13 as clazz_ from patron union all select id, version, user_account_id, null as company, null as more_info, null as statement, 15 as clazz_ from administrator union all select id, version, user_account_id, null as company, null as more_info, null as statement, 16 as clazz_ from anonymous union all select id, version, user_account_id, null as company, null as more_info, null as statement, 17 as clazz_ from any union all select id, version, user_account_id, null as company, null as more_info, null as statement, 18 as clazz_ from authenticated ) roles0_ where roles0_.user_account_id=? 
2022-05-28 19:17:14.635 TRACE [org.hibernate.type.descriptor.sql.BasicBinder@http-nio-8080-exec-8] binding parameter [1] as [INTEGER] - [1] 
2022-05-28 19:17:16.926 DEBUG [org.hibernate.SQL@http-nio-8080-exec-5] select useraccoun0_.id as id1_0_, useraccoun0_.version as version2_0_, useraccoun0_.enabled as enabled1_17_, useraccoun0_.identity as identity2_17_, useraccoun0_.password as password3_17_, useraccoun0_.username as username4_17_ from user_account useraccoun0_ where useraccoun0_.username=? 
2022-05-28 19:17:16.927 TRACE [org.hibernate.type.descriptor.sql.BasicBinder@http-nio-8080-exec-5] binding parameter [1] as [VARCHAR] - [administrator] 
2022-05-28 19:17:16.929 DEBUG [org.hibernate.SQL@http-nio-8080-exec-5] select roles0_.user_account_id as user_acc1_18_0_, roles0_.id as id1_18_0_, roles0_.id as id1_0_1_, roles0_.version as version2_0_1_, roles0_.user_account_id as user_acc1_18_1_, roles0_.company as company1_8_1_, roles0_.more_info as more_inf2_8_1_, roles0_.statement as statemen3_8_1_, roles0_.company as company1_12_1_, roles0_.more_info as more_inf2_12_1_, roles0_.statement as statemen3_12_1_, roles0_.clazz_ as clazz_1_ from ( select id, version, user_account_id, company, more_info, statement, 12 as clazz_ from inventor union all select id, version, user_account_id, company, more_info, statement, 13 as clazz_ from patron union all select id, version, user_account_id, null as company, null as more_info, null as statement, 15 as clazz_ from administrator union all select id, version, user_account_id, null as company, null as more_info, null as statement, 16 as clazz_ from anonymous union all select id, version, user_account_id, null as company, null as more_info, null as statement, 17 as clazz_ from any union all select id, version, user_account_id, null as company, null as more_info, null as statement, 18 as clazz_ from authenticated ) roles0_ where roles0_.user_account_id=? 
2022-05-28 19:17:16.929 TRACE [org.hibernate.type.descriptor.sql.BasicBinder@http-nio-8080-exec-5] binding parameter [1] as [INTEGER] - [2] 
2022-05-28 19:17:16.956 DEBUG [acme.framework.components.tiles.DynamicTilesView@http-nio-8080-exec-9] View name 'fragments/welcome', model {} 
2022-05-28 19:17:16.957 DEBUG [org.apache.jasper.servlet.JspServlet@http-nio-8080-exec-9] JspEngine --> /WEB-INF/views/master/page.jsp 
2022-05-28 19:17:16.958 DEBUG [org.apache.jasper.servlet.JspServlet@http-nio-8080-exec-9] ServletPath: /WEB-INF/views/master/page.jsp 
2022-05-28 19:17:16.958 DEBUG [org.apache.jasper.servlet.JspServlet@http-nio-8080-exec-9] PathInfo: null 
2022-05-28 19:17:16.959 DEBUG [org.apache.jasper.servlet.JspServlet@http-nio-8080-exec-9] RealPath: /Users/miguel/Downloads/Doc Locales/Miguelito/Universidad/3º Curso/DP2/Workspace-22.7/Projects/Acme-Toolkits/target/classes/WEB-INF/views/master/page.jsp 
2022-05-28 19:17:16.959 DEBUG [org.apache.jasper.servlet.JspServlet@http-nio-8080-exec-9] RequestURI: /acme-toolkits-22.7/WEB-INF/views/master/page.jsp 
2022-05-28 19:17:16.960 DEBUG [org.apache.jasper.servlet.JspServlet@http-nio-8080-exec-9] QueryString: null 
2022-05-28 19:17:17.056 DEBUG [org.apache.jasper.servlet.JspServlet@http-nio-8080-exec-9] JspEngine --> /WEB-INF/views/fragments/welcome.jsp 
2022-05-28 19:17:17.057 DEBUG [org.apache.jasper.servlet.JspServlet@http-nio-8080-exec-9] ServletPath: /WEB-INF/views/master/page.jsp 
2022-05-28 19:17:17.057 DEBUG [org.apache.jasper.servlet.JspServlet@http-nio-8080-exec-9] PathInfo: null 
2022-05-28 19:17:17.058 DEBUG [org.apache.jasper.servlet.JspServlet@http-nio-8080-exec-9] RealPath: /Users/miguel/Downloads/Doc Locales/Miguelito/Universidad/3º Curso/DP2/Workspace-22.7/Projects/Acme-Toolkits/target/classes/WEB-INF/views/fragments/welcome.jsp 
2022-05-28 19:17:17.059 DEBUG [org.apache.jasper.servlet.JspServlet@http-nio-8080-exec-9] RequestURI: /acme-toolkits-22.7/WEB-INF/views/master/page.jsp 
2022-05-28 19:17:17.059 DEBUG [org.apache.jasper.servlet.JspServlet@http-nio-8080-exec-9] QueryString: null 
2022-05-28 19:17:19.266 DEBUG [acme.framework.controllers.AbstractController@http-nio-8080-exec-3] DISPATCHING GET /acme-toolkits-22.7/administrator/administrator-dashboard/show 
2022-05-28 19:17:19.267 DEBUG [acme.framework.controllers.AbstractController@http-nio-8080-exec-3] Command: show 
2022-05-28 19:17:19.267 DEBUG [acme.framework.controllers.AbstractController@http-nio-8080-exec-3] Model:   {} 
2022-05-28 19:17:19.267 DEBUG [acme.framework.controllers.AbstractController@http-nio-8080-exec-3] Locale:  en 
2022-05-28 19:17:19.267 DEBUG [acme.framework.controllers.AbstractController@http-nio-8080-exec-3] Starting transaction fc88a377-0683-4f2d-871c-3d1121e30c30 
2022-05-28 19:17:19.275 DEBUG [org.hibernate.SQL@http-nio-8080-exec-3] select count(item0_.id) as col_0_0_ from item item0_ where item0_.type='COMPONENT' 
2022-05-28 19:17:19.277 DEBUG [org.hibernate.SQL@http-nio-8080-exec-3] select count(item0_.id) as col_0_0_ from item item0_ where item0_.type='TOOL' 
2022-05-28 19:17:19.279 DEBUG [org.hibernate.SQL@http-nio-8080-exec-3] select count(patronage0_.id) as col_0_0_ from patronage patronage0_ where patronage0_.status=1 
2022-05-28 19:17:19.280 DEBUG [org.hibernate.SQL@http-nio-8080-exec-3] select count(patronage0_.id) as col_0_0_ from patronage patronage0_ where patronage0_.status=2 
2022-05-28 19:17:19.282 DEBUG [org.hibernate.SQL@http-nio-8080-exec-3] select count(patronage0_.id) as col_0_0_ from patronage patronage0_ where patronage0_.status=0 
2022-05-28 19:17:19.283 DEBUG [org.hibernate.SQL@http-nio-8080-exec-3] select min(item0_.retail_price_amount) as col_0_0_, item0_.technology as col_1_0_, item0_.retail_price_currency as col_2_0_ from item item0_ where item0_.type='COMPONENT' group by item0_.retail_price_currency , item0_.technology 
2022-05-28 19:17:19.286 DEBUG [org.hibernate.SQL@http-nio-8080-exec-3] select max(item0_.retail_price_amount) as col_0_0_, item0_.technology as col_1_0_, item0_.retail_price_currency as col_2_0_ from item item0_ where item0_.type='COMPONENT' group by item0_.retail_price_currency , item0_.technology 
2022-05-28 19:17:19.288 DEBUG [org.hibernate.SQL@http-nio-8080-exec-3] select avg(item0_.retail_price_amount) as col_0_0_, item0_.technology as col_1_0_, item0_.retail_price_currency as col_2_0_ from item item0_ where item0_.type='COMPONENT' group by item0_.retail_price_currency , item0_.technology 
2022-05-28 19:17:19.289 DEBUG [org.hibernate.SQL@http-nio-8080-exec-3] select std(item0_.retail_price_amount) as col_0_0_, item0_.technology as col_1_0_, item0_.retail_price_currency as col_2_0_ from item item0_ where item0_.type='COMPONENT' group by item0_.retail_price_currency , item0_.technology 
2022-05-28 19:17:19.291 DEBUG [org.hibernate.SQL@http-nio-8080-exec-3] select min(item0_.retail_price_amount) as col_0_0_, item0_.retail_price_currency as col_1_0_ from item item0_ where item0_.type='TOOL' group by item0_.retail_price_currency 
2022-05-28 19:17:19.293 DEBUG [org.hibernate.SQL@http-nio-8080-exec-3] select max(item0_.retail_price_amount) as col_0_0_, item0_.retail_price_currency as col_1_0_ from item item0_ where item0_.type='TOOL' group by item0_.retail_price_currency 
2022-05-28 19:17:19.294 DEBUG [org.hibernate.SQL@http-nio-8080-exec-3] select avg(item0_.retail_price_amount) as col_0_0_, item0_.retail_price_currency as col_1_0_ from item item0_ where item0_.type='TOOL' group by item0_.retail_price_currency 
2022-05-28 19:17:19.296 DEBUG [org.hibernate.SQL@http-nio-8080-exec-3] select std(item0_.retail_price_amount) as col_0_0_, item0_.retail_price_currency as col_1_0_ from item item0_ where item0_.type='TOOL' group by item0_.retail_price_currency 
2022-05-28 19:17:19.298 DEBUG [org.hibernate.SQL@http-nio-8080-exec-3] select min(patronage0_.budget_amount) as col_0_0_ from patronage patronage0_ where patronage0_.status=1 
2022-05-28 19:17:19.300 DEBUG [org.hibernate.SQL@http-nio-8080-exec-3] select max(patronage0_.budget_amount) as col_0_0_ from patronage patronage0_ where patronage0_.status=1 
2022-05-28 19:17:19.301 DEBUG [org.hibernate.SQL@http-nio-8080-exec-3] select avg(patronage0_.budget_amount) as col_0_0_ from patronage patronage0_ where patronage0_.status=1 group by patronage0_.status 
2022-05-28 19:17:19.303 DEBUG [org.hibernate.SQL@http-nio-8080-exec-3] select std(patronage0_.budget_amount) as col_0_0_ from patronage patronage0_ where patronage0_.status=1 
2022-05-28 19:17:19.304 DEBUG [org.hibernate.SQL@http-nio-8080-exec-3] select min(patronage0_.budget_amount) as col_0_0_ from patronage patronage0_ where patronage0_.status=2 
2022-05-28 19:17:19.305 DEBUG [org.hibernate.SQL@http-nio-8080-exec-3] select max(patronage0_.budget_amount) as col_0_0_ from patronage patronage0_ where patronage0_.status=2 
2022-05-28 19:17:19.306 DEBUG [org.hibernate.SQL@http-nio-8080-exec-3] select avg(patronage0_.budget_amount) as col_0_0_ from patronage patronage0_ where patronage0_.status=2 group by patronage0_.status 
2022-05-28 19:17:19.308 DEBUG [org.hibernate.SQL@http-nio-8080-exec-3] select std(patronage0_.budget_amount) as col_0_0_ from patronage patronage0_ where patronage0_.status=2 
2022-05-28 19:17:19.309 DEBUG [org.hibernate.SQL@http-nio-8080-exec-3] select min(patronage0_.budget_amount) as col_0_0_ from patronage patronage0_ where patronage0_.status=0 
2022-05-28 19:17:19.310 DEBUG [org.hibernate.SQL@http-nio-8080-exec-3] select max(patronage0_.budget_amount) as col_0_0_ from patronage patronage0_ where patronage0_.status=0 
2022-05-28 19:17:19.311 DEBUG [org.hibernate.SQL@http-nio-8080-exec-3] select avg(patronage0_.budget_amount) as col_0_0_ from patronage patronage0_ where patronage0_.status=0 group by patronage0_.status 
2022-05-28 19:17:19.313 DEBUG [org.hibernate.SQL@http-nio-8080-exec-3] select std(patronage0_.budget_amount) as col_0_0_ from patronage patronage0_ where patronage0_.status=0 
2022-05-28 19:17:19.314 DEBUG [org.hibernate.SQL@http-nio-8080-exec-3] select min(chimpum0_.budget_amount) as col_0_0_, chimpum0_.budget_currency as col_1_0_ from chimpum chimpum0_ group by chimpum0_.budget_currency 
2022-05-28 19:17:19.315 DEBUG [org.hibernate.SQL@http-nio-8080-exec-3] select max(chimpum0_.budget_amount) as col_0_0_, chimpum0_.budget_currency as col_1_0_ from chimpum chimpum0_ group by chimpum0_.budget_currency 
2022-05-28 19:17:19.317 DEBUG [org.hibernate.SQL@http-nio-8080-exec-3] select avg(chimpum0_.budget_amount) as col_0_0_, chimpum0_.budget_currency as col_1_0_ from chimpum chimpum0_ group by chimpum0_.budget_currency 
2022-05-28 19:17:19.318 DEBUG [org.hibernate.SQL@http-nio-8080-exec-3] select std(chimpum0_.budget_amount) as col_0_0_, chimpum0_.budget_currency as col_1_0_ from chimpum chimpum0_ group by chimpum0_.budget_currency 
2022-05-28 19:17:19.319 DEBUG [org.hibernate.SQL@http-nio-8080-exec-3] select count(item0_.id) as col_0_0_ from item item0_ where item0_.type='COMPONENT' 
2022-05-28 19:17:19.320 DEBUG [org.hibernate.SQL@http-nio-8080-exec-3] select count(item0_.id) as col_0_0_ from item item0_ where item0_.chimpum_id is not null 
2022-05-28 19:17:19.327 DEBUG [acme.framework.controllers.AbstractController@http-nio-8080-exec-3] Committing transaction fc88a377-0683-4f2d-871c-3d1121e30c30 
2022-05-28 19:17:19.328 DEBUG [acme.framework.controllers.AbstractController@http-nio-8080-exec-3] Starting transaction 10277d5c-31ec-45e3-9e79-e6cc3305a1cc 
2022-05-28 19:17:19.329 DEBUG [acme.framework.controllers.AbstractController@http-nio-8080-exec-3] Committing transaction 10277d5c-31ec-45e3-9e79-e6cc3305a1cc 
2022-05-28 19:17:19.330 DEBUG [acme.framework.controllers.AbstractController@http-nio-8080-exec-3] SERVING GET /acme-toolkits-22.7/administrator/administrator-dashboard/show 
2022-05-28 19:17:19.333 DEBUG [acme.framework.controllers.AbstractController@http-nio-8080-exec-3] Result: ModelAndView [view="administrator/administrator-dashboard/form"; model={averagePriceOfComponents=[5.0->h, EUR, 0.1->java, EUR, 5321.22->t, EUR, 0.0->tecnologia nuclear, EUR, 500000.0->tecnologia1.0, EUR, 0.01->tecnologia mecánica, GBP, 50.0->tapiz, USD, 20000.22->techonology, USD, 35.4->tecnologia eléctrica, USD, 0.55->tecnologia mecánica, USD, 532.22->tecnologia2.3, USD], maxPriceOfComponents=[5.0->h, EUR, 0.1->java, EUR, 5321.22->t, EUR, 0.0->tecnologia nuclear, EUR, 500000.0->tecnologia1.0, EUR, 0.01->tecnologia mecánica, GBP, 50.0->tapiz, USD, 20000.22->techonology, USD, 35.4->tecnologia eléctrica, USD, 1.0->tecnologia mecánica, USD, 532.22->tecnologia2.3, USD], maxAcceptedPatronages=1000.0, deviationPriceOfTools=[<<EUR 199478.01>>, <<GBP 0.00>>, <<USD 7409.89>>], deviationDeniedPatronages=0.0, minPriceOfTools=[<<EUR 0.00>>, <<GBP 0.01>>, <<USD 0.10>>], averageProposedPatronages=1000.0, minAcceptedPatronages=1000.0, minPriceOfComponents=[5.0->h, EUR, 0.1->java, EUR, 5321.22->t, EUR, 0.0->tecnologia nuclear, EUR, 500000.0->tecnologia1.0, EUR, 0.01->tecnologia mecánica, GBP, 50.0->tapiz, USD, 20000.22->techonology, USD, 35.4->tecnologia eléctrica, USD, 0.1->tecnologia mecánica, USD, 532.22->tecnologia2.3, USD], averageBudgetOfChimpums=[<<CAD 5.15>>, <<EUR 0.10>>, <<GBP 10.25>>, <<USD 3.53>>], numberOfProposedPatronages=1, deviationProposedPatronages=0.0, minBudgetOfChimpums=[<<CAD 0.30>>, <<EUR 0.10>>, <<GBP 0.50>>, <<USD 0.10>>], numberOfDeniedPatronages=2, averageDeniedPatronages=1000.0, minProposedPatronages=1000.0, numberOfAcceptedPatronages=3, deviationAcceptedPatronages=0.0, deviationBudgetOfChimpums=[<<CAD 4.85>>, <<EUR 0.00>>, <<GBP 9.75>>, <<USD 4.58>>], maxPriceOfTools=[<<EUR 500000.00>>, <<GBP 0.01>>, <<USD 20000.22>>], totalNumComponents=12, averageAcceptedPatronages=1000.0, ratioComponentsWithChimpum=0.3333333333333333, maxDeniedPatronages=1000.0, deviationPriceOfComponents=[0.0->h, EUR, 0.0->java, EUR, 0.0->t, EUR, 0.0->tecnologia nuclear, EUR, 0.0->tecnologia1.0, EUR, 0.0->tecnologia mecánica, GBP, 0.0->tapiz, USD, 0.0->techonology, USD, 0.0->tecnologia eléctrica, USD, 0.45000000000000007->tecnologia mecánica, USD, 0.0->tecnologia2.3, USD], minDeniedPatronages=1000.0, averagePriceOfTools=[<<EUR 101065.26>>, <<GBP 0.01>>, <<USD 3436.49>>], maxBudgetOfChimpums=[<<CAD 10.00>>, <<EUR 0.10>>, <<GBP 20.00>>, <<USD 10.00>>], totalNumTools=12, maxProposedPatronages=1000.0, command=show, principal=acme.framework.entities.Principal@68620424}] 
2022-05-28 19:17:19.336 DEBUG [acme.framework.components.tiles.DynamicTilesView@http-nio-8080-exec-3] View name 'administrator/administrator-dashboard/form', model {averagePriceOfComponents=[5.0->h, EUR, 0.1->java, EUR, 5321.22->t, EUR, 0.0->tecnologia nuclear, EUR, 500000.0->tecnologia1.0, EUR, 0.01->tecnologia mecánica, GBP, 50.0->tapiz, USD, 20000.22->techonology, USD, 35.4->tecnologia eléctrica, USD, 0.55->tecnologia mecánica, USD, 532.22->tecnologia2.3, USD], maxPriceOfComponents=[5.0->h, EUR, 0.1->java, EUR, 5321.22->t, EUR, 0.0->tecnologia nuclear, EUR, 500000.0->tecnologia1.0, EUR, 0.01->tecnologia mecánica, GBP, 50.0->tapiz, USD, 20000.22->techonology, USD, 35.4->tecnologia eléctrica, USD, 1.0->tecnologia mecánica, USD, 532.22->tecnologia2.3, USD], maxAcceptedPatronages=1000.0, deviationPriceOfTools=[<<EUR 199478.01>>, <<GBP 0.00>>, <<USD 7409.89>>], deviationDeniedPatronages=0.0, minPriceOfTools=[<<EUR 0.00>>, <<GBP 0.01>>, <<USD 0.10>>], averageProposedPatronages=1000.0, minAcceptedPatronages=1000.0, minPriceOfComponents=[5.0->h, EUR, 0.1->java, EUR, 5321.22->t, EUR, 0.0->tecnologia nuclear, EUR, 500000.0->tecnologia1.0, EUR, 0.01->tecnologia mecánica, GBP, 50.0->tapiz, USD, 20000.22->techonology, USD, 35.4->tecnologia eléctrica, USD, 0.1->tecnologia mecánica, USD, 532.22->tecnologia2.3, USD], averageBudgetOfChimpums=[<<CAD 5.15>>, <<EUR 0.10>>, <<GBP 10.25>>, <<USD 3.53>>], numberOfProposedPatronages=1, deviationProposedPatronages=0.0, minBudgetOfChimpums=[<<CAD 0.30>>, <<EUR 0.10>>, <<GBP 0.50>>, <<USD 0.10>>], numberOfDeniedPatronages=2, averageDeniedPatronages=1000.0, minProposedPatronages=1000.0, numberOfAcceptedPatronages=3, deviationAcceptedPatronages=0.0, deviationBudgetOfChimpums=[<<CAD 4.85>>, <<EUR 0.00>>, <<GBP 9.75>>, <<USD 4.58>>], maxPriceOfTools=[<<EUR 500000.00>>, <<GBP 0.01>>, <<USD 20000.22>>], totalNumComponents=12, averageAcceptedPatronages=1000.0, ratioComponentsWithChimpum=0.3333333333333333, maxDeniedPatronages=1000.0, deviationPriceOfComponents=[0.0->h, EUR, 0.0->java, EUR, 0.0->t, EUR, 0.0->tecnologia nuclear, EUR, 0.0->tecnologia1.0, EUR, 0.0->tecnologia mecánica, GBP, 0.0->tapiz, USD, 0.0->techonology, USD, 0.0->tecnologia eléctrica, USD, 0.45000000000000007->tecnologia mecánica, USD, 0.0->tecnologia2.3, USD], minDeniedPatronages=1000.0, averagePriceOfTools=[<<EUR 101065.26>>, <<GBP 0.01>>, <<USD 3436.49>>], maxBudgetOfChimpums=[<<CAD 10.00>>, <<EUR 0.10>>, <<GBP 20.00>>, <<USD 10.00>>], totalNumTools=12, maxProposedPatronages=1000.0, command=show, principal=acme.framework.entities.Principal@68620424, org.springframework.validation.BindingResult.principal=org.springframework.validation.BeanPropertyBindingResult: 0 errors} 
2022-05-28 19:17:19.337 DEBUG [org.apache.jasper.servlet.JspServlet@http-nio-8080-exec-3] JspEngine --> /WEB-INF/views/master/page.jsp 
2022-05-28 19:17:19.338 DEBUG [org.apache.jasper.servlet.JspServlet@http-nio-8080-exec-3] ServletPath: /WEB-INF/views/master/page.jsp 
2022-05-28 19:17:19.338 DEBUG [org.apache.jasper.servlet.JspServlet@http-nio-8080-exec-3] PathInfo: null 
2022-05-28 19:17:19.338 DEBUG [org.apache.jasper.servlet.JspServlet@http-nio-8080-exec-3] RealPath: /Users/miguel/Downloads/Doc Locales/Miguelito/Universidad/3º Curso/DP2/Workspace-22.7/Projects/Acme-Toolkits/target/classes/WEB-INF/views/master/page.jsp 
2022-05-28 19:17:19.339 DEBUG [org.apache.jasper.servlet.JspServlet@http-nio-8080-exec-3] RequestURI: /acme-toolkits-22.7/WEB-INF/views/master/page.jsp 
2022-05-28 19:17:19.339 DEBUG [org.apache.jasper.servlet.JspServlet@http-nio-8080-exec-3] QueryString: null 
2022-05-28 19:17:19.441 DEBUG [org.apache.jasper.servlet.JspServlet@http-nio-8080-exec-3] JspEngine --> /WEB-INF/views/administrator/administrator-dashboard/form.jsp 
2022-05-28 19:17:19.441 DEBUG [org.apache.jasper.servlet.JspServlet@http-nio-8080-exec-3] ServletPath: /WEB-INF/views/master/page.jsp 
2022-05-28 19:17:19.441 DEBUG [org.apache.jasper.servlet.JspServlet@http-nio-8080-exec-3] PathInfo: null 
2022-05-28 19:17:19.442 DEBUG [org.apache.jasper.servlet.JspServlet@http-nio-8080-exec-3] RealPath: /Users/miguel/Downloads/Doc Locales/Miguelito/Universidad/3º Curso/DP2/Workspace-22.7/Projects/Acme-Toolkits/target/classes/WEB-INF/views/administrator/administrator-dashboard/form.jsp 
2022-05-28 19:17:19.442 DEBUG [org.apache.jasper.servlet.JspServlet@http-nio-8080-exec-3] RequestURI: /acme-toolkits-22.7/WEB-INF/views/master/page.jsp 
2022-05-28 19:17:19.442 DEBUG [org.apache.jasper.servlet.JspServlet@http-nio-8080-exec-3] QueryString: null 
2022-05-28 19:25:11.917 INFO  [acme.framework.configuration.ShutdownConfiguration@SpringContextShutdownHook] The system is shutting down... 
