2022-05-28 18:35:50.559 INFO  [acme.Launcher@main] Starting Launcher using Java 1.8.0_281 on MacBook-Pro.local with PID 11386 (/Users/miguel/Downloads/Doc Locales/Miguelito/Universidad/3º Curso/DP2/Workspace-22.7/Frameworks/Acme-Framework-22.7/target/classes started by miguel in /Users/miguel/Downloads/Doc Locales/Miguelito/Universidad/3º Curso/DP2/Workspace-22.7/Projects/Acme-Toolkits) 
2022-05-28 18:35:50.560 DEBUG [acme.Launcher@main] Running with Spring Boot v2.4.2, Spring v5.3.3 
2022-05-28 18:35:50.561 INFO  [acme.Launcher@main] The following profiles are active: development,default 
2022-05-28 18:35:52.583 DEBUG [org.apache.jasper.servlet.JasperInitializer@main] Initializing Jasper for context [application] 
2022-05-28 18:35:56.640 DEBUG [org.apache.jasper.servlet.JspServlet@main] Scratch dir for the JSP engine is: [/private/var/folders/nd/x9m_7s254vn11c4v2h295x500000gn/T/tomcat.8080.3458715633194312839/work/Tomcat/localhost/acme-toolkits-22.7] 
2022-05-28 18:35:56.641 DEBUG [org.apache.jasper.servlet.JspServlet@main] IMPORTANT: Do not modify the generated servlets 
2022-05-28 18:35:56.650 INFO  [acme.Launcher@main] Started Launcher in 6.763 seconds (JVM running for 7.262) 
2022-05-28 18:35:56.654 DEBUG [acme.Launcher@main] Found classpath entry '/Users/miguel/Downloads/Doc%20Locales/Miguelito/Universidad/3%c2%ba%20Curso/DP2/Workspace-22.7/Projects/Acme-Toolkits/target/test-classes/' 
2022-05-28 18:35:56.654 DEBUG [acme.Launcher@main] Found classpath entry '/Users/miguel/Downloads/Doc%20Locales/Miguelito/Universidad/3%c2%ba%20Curso/DP2/Workspace-22.7/Projects/Acme-Toolkits/target/classes/' 
2022-05-28 18:35:56.654 DEBUG [acme.Launcher@main] Found classpath entry '/Users/miguel/Downloads/Doc%20Locales/Miguelito/Universidad/3%c2%ba%20Curso/DP2/Workspace-22.7/Frameworks/Acme-Framework-22.7/target/classes/' 
2022-05-28 18:35:56.654 DEBUG [acme.Launcher@main] Found classpath entry '/Users/miguel/Downloads/Doc%20Locales/Miguelito/Universidad/3%c2%ba%20Curso/DP2/Workspace-22.7/Frameworks/Acme-Framework-22.7/target/test-classes/' 
2022-05-28 18:35:56.654 DEBUG [acme.Launcher@main] Found classpath entry '/Users/miguel/.m2/repository/org/springframework/boot/spring-boot-starter-tomcat/2.4.2/spring-boot-starter-tomcat-2.4.2.jar' 
2022-05-28 18:35:56.655 DEBUG [acme.Launcher@main] Found classpath entry '/Users/miguel/.m2/repository/jakarta/annotation/jakarta.annotation-api/1.3.5/jakarta.annotation-api-1.3.5.jar' 
2022-05-28 18:35:56.655 DEBUG [acme.Launcher@main] Found classpath entry '/Users/miguel/.m2/repository/org/apache/tomcat/embed/tomcat-embed-core/9.0.41/tomcat-embed-core-9.0.41.jar' 
2022-05-28 18:35:56.655 DEBUG [acme.Launcher@main] Found classpath entry '/Users/miguel/.m2/repository/org/glassfish/jakarta.el/3.0.3/jakarta.el-3.0.3.jar' 
2022-05-28 18:35:56.655 DEBUG [acme.Launcher@main] Found classpath entry '/Users/miguel/.m2/repository/org/apache/tomcat/embed/tomcat-embed-websocket/9.0.41/tomcat-embed-websocket-9.0.41.jar' 
2022-05-28 18:35:56.655 DEBUG [acme.Launcher@main] Found classpath entry '/Users/miguel/.m2/repository/org/apache/tomcat/embed/tomcat-embed-jasper/9.0.41/tomcat-embed-jasper-9.0.41.jar' 
2022-05-28 18:35:56.655 DEBUG [acme.Launcher@main] Found classpath entry '/Users/miguel/.m2/repository/org/apache/tomcat/embed/tomcat-embed-el/9.0.41/tomcat-embed-el-9.0.41.jar' 
2022-05-28 18:35:56.655 DEBUG [acme.Launcher@main] Found classpath entry '/Users/miguel/.m2/repository/org/eclipse/jdt/ecj/3.18.0/ecj-3.18.0.jar' 
2022-05-28 18:35:56.656 DEBUG [acme.Launcher@main] Found classpath entry '/Users/miguel/.m2/repository/javax/servlet/jstl/1.2/jstl-1.2.jar' 
2022-05-28 18:35:56.656 DEBUG [acme.Launcher@main] Found classpath entry '/Users/miguel/.m2/repository/org/springframework/boot/spring-boot-starter-security/2.4.2/spring-boot-starter-security-2.4.2.jar' 
2022-05-28 18:35:56.656 DEBUG [acme.Launcher@main] Found classpath entry '/Users/miguel/.m2/repository/org/springframework/boot/spring-boot-starter/2.4.2/spring-boot-starter-2.4.2.jar' 
2022-05-28 18:35:56.656 DEBUG [acme.Launcher@main] Found classpath entry '/Users/miguel/.m2/repository/org/springframework/boot/spring-boot/2.4.2/spring-boot-2.4.2.jar' 
2022-05-28 18:35:56.656 DEBUG [acme.Launcher@main] Found classpath entry '/Users/miguel/.m2/repository/org/springframework/boot/spring-boot-autoconfigure/2.4.2/spring-boot-autoconfigure-2.4.2.jar' 
2022-05-28 18:35:56.656 DEBUG [acme.Launcher@main] Found classpath entry '/Users/miguel/.m2/repository/org/springframework/boot/spring-boot-starter-logging/2.4.2/spring-boot-starter-logging-2.4.2.jar' 
2022-05-28 18:35:56.656 DEBUG [acme.Launcher@main] Found classpath entry '/Users/miguel/.m2/repository/ch/qos/logback/logback-classic/1.2.3/logback-classic-1.2.3.jar' 
2022-05-28 18:35:56.657 DEBUG [acme.Launcher@main] Found classpath entry '/Users/miguel/.m2/repository/ch/qos/logback/logback-core/1.2.3/logback-core-1.2.3.jar' 
2022-05-28 18:35:56.657 DEBUG [acme.Launcher@main] Found classpath entry '/Users/miguel/.m2/repository/org/apache/logging/log4j/log4j-to-slf4j/2.13.3/log4j-to-slf4j-2.13.3.jar' 
2022-05-28 18:35:56.657 DEBUG [acme.Launcher@main] Found classpath entry '/Users/miguel/.m2/repository/org/apache/logging/log4j/log4j-api/2.13.3/log4j-api-2.13.3.jar' 
2022-05-28 18:35:56.657 DEBUG [acme.Launcher@main] Found classpath entry '/Users/miguel/.m2/repository/org/slf4j/jul-to-slf4j/1.7.30/jul-to-slf4j-1.7.30.jar' 
2022-05-28 18:35:56.657 DEBUG [acme.Launcher@main] Found classpath entry '/Users/miguel/.m2/repository/org/yaml/snakeyaml/1.27/snakeyaml-1.27.jar' 
2022-05-28 18:35:56.657 DEBUG [acme.Launcher@main] Found classpath entry '/Users/miguel/.m2/repository/org/springframework/spring-aop/5.3.3/spring-aop-5.3.3.jar' 
2022-05-28 18:35:56.657 DEBUG [acme.Launcher@main] Found classpath entry '/Users/miguel/.m2/repository/org/springframework/security/spring-security-web/5.4.2/spring-security-web-5.4.2.jar' 
2022-05-28 18:35:56.657 DEBUG [acme.Launcher@main] Found classpath entry '/Users/miguel/.m2/repository/org/springframework/security/spring-security-core/5.4.2/spring-security-core-5.4.2.jar' 
2022-05-28 18:35:56.657 DEBUG [acme.Launcher@main] Found classpath entry '/Users/miguel/.m2/repository/org/springframework/spring-beans/5.3.3/spring-beans-5.3.3.jar' 
2022-05-28 18:35:56.657 DEBUG [acme.Launcher@main] Found classpath entry '/Users/miguel/.m2/repository/org/springframework/spring-context/5.3.3/spring-context-5.3.3.jar' 
2022-05-28 18:35:56.658 DEBUG [acme.Launcher@main] Found classpath entry '/Users/miguel/.m2/repository/org/springframework/spring-core/5.3.3/spring-core-5.3.3.jar' 
2022-05-28 18:35:56.658 DEBUG [acme.Launcher@main] Found classpath entry '/Users/miguel/.m2/repository/org/springframework/spring-jcl/5.3.3/spring-jcl-5.3.3.jar' 
2022-05-28 18:35:56.658 DEBUG [acme.Launcher@main] Found classpath entry '/Users/miguel/.m2/repository/org/springframework/spring-expression/5.3.3/spring-expression-5.3.3.jar' 
2022-05-28 18:35:56.658 DEBUG [acme.Launcher@main] Found classpath entry '/Users/miguel/.m2/repository/org/springframework/spring-web/5.3.3/spring-web-5.3.3.jar' 
2022-05-28 18:35:56.658 DEBUG [acme.Launcher@main] Found classpath entry '/Users/miguel/.m2/repository/org/springframework/security/spring-security-config/5.4.2/spring-security-config-5.4.2.jar' 
2022-05-28 18:35:56.658 DEBUG [acme.Launcher@main] Found classpath entry '/Users/miguel/.m2/repository/org/springframework/security/spring-security-taglibs/5.4.2/spring-security-taglibs-5.4.2.jar' 
2022-05-28 18:35:56.658 DEBUG [acme.Launcher@main] Found classpath entry '/Users/miguel/.m2/repository/org/springframework/security/spring-security-acl/5.4.2/spring-security-acl-5.4.2.jar' 
2022-05-28 18:35:56.658 DEBUG [acme.Launcher@main] Found classpath entry '/Users/miguel/.m2/repository/org/springframework/spring-jdbc/5.3.3/spring-jdbc-5.3.3.jar' 
2022-05-28 18:35:56.658 DEBUG [acme.Launcher@main] Found classpath entry '/Users/miguel/.m2/repository/org/springframework/spring-tx/5.3.3/spring-tx-5.3.3.jar' 
2022-05-28 18:35:56.658 DEBUG [acme.Launcher@main] Found classpath entry '/Users/miguel/.m2/repository/org/springframework/boot/spring-boot-starter-web/2.4.2/spring-boot-starter-web-2.4.2.jar' 
2022-05-28 18:35:56.658 DEBUG [acme.Launcher@main] Found classpath entry '/Users/miguel/.m2/repository/org/springframework/boot/spring-boot-starter-json/2.4.2/spring-boot-starter-json-2.4.2.jar' 
2022-05-28 18:35:56.659 DEBUG [acme.Launcher@main] Found classpath entry '/Users/miguel/.m2/repository/com/fasterxml/jackson/core/jackson-databind/2.11.4/jackson-databind-2.11.4.jar' 
2022-05-28 18:35:56.659 DEBUG [acme.Launcher@main] Found classpath entry '/Users/miguel/.m2/repository/com/fasterxml/jackson/core/jackson-annotations/2.11.4/jackson-annotations-2.11.4.jar' 
2022-05-28 18:35:56.659 DEBUG [acme.Launcher@main] Found classpath entry '/Users/miguel/.m2/repository/com/fasterxml/jackson/core/jackson-core/2.11.4/jackson-core-2.11.4.jar' 
2022-05-28 18:35:56.659 DEBUG [acme.Launcher@main] Found classpath entry '/Users/miguel/.m2/repository/com/fasterxml/jackson/datatype/jackson-datatype-jdk8/2.11.4/jackson-datatype-jdk8-2.11.4.jar' 
2022-05-28 18:35:56.659 DEBUG [acme.Launcher@main] Found classpath entry '/Users/miguel/.m2/repository/com/fasterxml/jackson/datatype/jackson-datatype-jsr310/2.11.4/jackson-datatype-jsr310-2.11.4.jar' 
2022-05-28 18:35:56.659 DEBUG [acme.Launcher@main] Found classpath entry '/Users/miguel/.m2/repository/com/fasterxml/jackson/module/jackson-module-parameter-names/2.11.4/jackson-module-parameter-names-2.11.4.jar' 
2022-05-28 18:35:56.659 DEBUG [acme.Launcher@main] Found classpath entry '/Users/miguel/.m2/repository/org/springframework/spring-webmvc/5.3.3/spring-webmvc-5.3.3.jar' 
2022-05-28 18:35:56.659 DEBUG [acme.Launcher@main] Found classpath entry '/Users/miguel/.m2/repository/org/apache/tiles/tiles-jsp/3.0.8/tiles-jsp-3.0.8.jar' 
2022-05-28 18:35:56.659 DEBUG [acme.Launcher@main] Found classpath entry '/Users/miguel/.m2/repository/org/apache/tiles/tiles-servlet/3.0.8/tiles-servlet-3.0.8.jar' 
2022-05-28 18:35:56.659 DEBUG [acme.Launcher@main] Found classpath entry '/Users/miguel/.m2/repository/org/apache/tiles/tiles-core/3.0.8/tiles-core-3.0.8.jar' 
2022-05-28 18:35:56.659 DEBUG [acme.Launcher@main] Found classpath entry '/Users/miguel/.m2/repository/commons-digester/commons-digester/2.0/commons-digester-2.0.jar' 
2022-05-28 18:35:56.659 DEBUG [acme.Launcher@main] Found classpath entry '/Users/miguel/.m2/repository/org/slf4j/jcl-over-slf4j/1.7.30/jcl-over-slf4j-1.7.30.jar' 
2022-05-28 18:35:56.660 DEBUG [acme.Launcher@main] Found classpath entry '/Users/miguel/.m2/repository/org/apache/tiles/tiles-request-servlet/1.0.7/tiles-request-servlet-1.0.7.jar' 
2022-05-28 18:35:56.660 DEBUG [acme.Launcher@main] Found classpath entry '/Users/miguel/.m2/repository/org/apache/tiles/tiles-template/3.0.8/tiles-template-3.0.8.jar' 
2022-05-28 18:35:56.660 DEBUG [acme.Launcher@main] Found classpath entry '/Users/miguel/.m2/repository/org/apache/tiles/tiles-api/3.0.8/tiles-api-3.0.8.jar' 
2022-05-28 18:35:56.660 DEBUG [acme.Launcher@main] Found classpath entry '/Users/miguel/.m2/repository/org/apache/tiles/tiles-autotag-core-runtime/1.2/tiles-autotag-core-runtime-1.2.jar' 
2022-05-28 18:35:56.660 DEBUG [acme.Launcher@main] Found classpath entry '/Users/miguel/.m2/repository/org/slf4j/slf4j-api/1.7.30/slf4j-api-1.7.30.jar' 
2022-05-28 18:35:56.660 DEBUG [acme.Launcher@main] Found classpath entry '/Users/miguel/.m2/repository/org/apache/tiles/tiles-request-jsp/1.0.7/tiles-request-jsp-1.0.7.jar' 
2022-05-28 18:35:56.660 DEBUG [acme.Launcher@main] Found classpath entry '/Users/miguel/.m2/repository/org/apache/tiles/tiles-request-api/1.0.7/tiles-request-api-1.0.7.jar' 
2022-05-28 18:35:56.661 DEBUG [acme.Launcher@main] Found classpath entry '/Users/miguel/.m2/repository/org/springframework/boot/spring-boot-starter-data-jpa/2.4.2/spring-boot-starter-data-jpa-2.4.2.jar' 
2022-05-28 18:35:56.661 DEBUG [acme.Launcher@main] Found classpath entry '/Users/miguel/.m2/repository/org/springframework/boot/spring-boot-starter-aop/2.4.2/spring-boot-starter-aop-2.4.2.jar' 
2022-05-28 18:35:56.661 DEBUG [acme.Launcher@main] Found classpath entry '/Users/miguel/.m2/repository/org/aspectj/aspectjweaver/1.9.6/aspectjweaver-1.9.6.jar' 
2022-05-28 18:35:56.661 DEBUG [acme.Launcher@main] Found classpath entry '/Users/miguel/.m2/repository/org/springframework/boot/spring-boot-starter-jdbc/2.4.2/spring-boot-starter-jdbc-2.4.2.jar' 
2022-05-28 18:35:56.661 DEBUG [acme.Launcher@main] Found classpath entry '/Users/miguel/.m2/repository/jakarta/transaction/jakarta.transaction-api/1.3.3/jakarta.transaction-api-1.3.3.jar' 
2022-05-28 18:35:56.661 DEBUG [acme.Launcher@main] Found classpath entry '/Users/miguel/.m2/repository/jakarta/persistence/jakarta.persistence-api/2.2.3/jakarta.persistence-api-2.2.3.jar' 
2022-05-28 18:35:56.661 DEBUG [acme.Launcher@main] Found classpath entry '/Users/miguel/.m2/repository/org/hibernate/hibernate-core/5.4.27.Final/hibernate-core-5.4.27.Final.jar' 
2022-05-28 18:35:56.661 DEBUG [acme.Launcher@main] Found classpath entry '/Users/miguel/.m2/repository/org/jboss/logging/jboss-logging/3.4.1.Final/jboss-logging-3.4.1.Final.jar' 
2022-05-28 18:35:56.661 DEBUG [acme.Launcher@main] Found classpath entry '/Users/miguel/.m2/repository/org/javassist/javassist/3.27.0-GA/javassist-3.27.0-GA.jar' 
2022-05-28 18:35:56.662 DEBUG [acme.Launcher@main] Found classpath entry '/Users/miguel/.m2/repository/antlr/antlr/2.7.7/antlr-2.7.7.jar' 
2022-05-28 18:35:56.662 DEBUG [acme.Launcher@main] Found classpath entry '/Users/miguel/.m2/repository/org/jboss/jandex/2.1.3.Final/jandex-2.1.3.Final.jar' 
2022-05-28 18:35:56.662 DEBUG [acme.Launcher@main] Found classpath entry '/Users/miguel/.m2/repository/com/fasterxml/classmate/1.5.1/classmate-1.5.1.jar' 
2022-05-28 18:35:56.662 DEBUG [acme.Launcher@main] Found classpath entry '/Users/miguel/.m2/repository/org/dom4j/dom4j/2.1.3/dom4j-2.1.3.jar' 
2022-05-28 18:35:56.662 DEBUG [acme.Launcher@main] Found classpath entry '/Users/miguel/.m2/repository/org/hibernate/common/hibernate-commons-annotations/5.1.2.Final/hibernate-commons-annotations-5.1.2.Final.jar' 
2022-05-28 18:35:56.662 DEBUG [acme.Launcher@main] Found classpath entry '/Users/miguel/.m2/repository/org/glassfish/jaxb/jaxb-runtime/2.3.3/jaxb-runtime-2.3.3.jar' 
2022-05-28 18:35:56.662 DEBUG [acme.Launcher@main] Found classpath entry '/Users/miguel/.m2/repository/org/glassfish/jaxb/txw2/2.3.3/txw2-2.3.3.jar' 
2022-05-28 18:35:56.662 DEBUG [acme.Launcher@main] Found classpath entry '/Users/miguel/.m2/repository/com/sun/istack/istack-commons-runtime/3.0.11/istack-commons-runtime-3.0.11.jar' 
2022-05-28 18:35:56.662 DEBUG [acme.Launcher@main] Found classpath entry '/Users/miguel/.m2/repository/com/sun/activation/jakarta.activation/1.2.2/jakarta.activation-1.2.2.jar' 
2022-05-28 18:35:56.662 DEBUG [acme.Launcher@main] Found classpath entry '/Users/miguel/.m2/repository/org/springframework/data/spring-data-jpa/2.4.3/spring-data-jpa-2.4.3.jar' 
2022-05-28 18:35:56.662 DEBUG [acme.Launcher@main] Found classpath entry '/Users/miguel/.m2/repository/org/springframework/data/spring-data-commons/2.4.3/spring-data-commons-2.4.3.jar' 
2022-05-28 18:35:56.662 DEBUG [acme.Launcher@main] Found classpath entry '/Users/miguel/.m2/repository/org/springframework/spring-orm/5.3.3/spring-orm-5.3.3.jar' 
2022-05-28 18:35:56.663 DEBUG [acme.Launcher@main] Found classpath entry '/Users/miguel/.m2/repository/org/springframework/spring-aspects/5.3.3/spring-aspects-5.3.3.jar' 
2022-05-28 18:35:56.663 DEBUG [acme.Launcher@main] Found classpath entry '/Users/miguel/.m2/repository/org/springframework/boot/spring-boot-starter-validation/2.4.2/spring-boot-starter-validation-2.4.2.jar' 
2022-05-28 18:35:56.663 DEBUG [acme.Launcher@main] Found classpath entry '/Users/miguel/.m2/repository/org/hibernate/validator/hibernate-validator/6.1.7.Final/hibernate-validator-6.1.7.Final.jar' 
2022-05-28 18:35:56.663 DEBUG [acme.Launcher@main] Found classpath entry '/Users/miguel/.m2/repository/jakarta/validation/jakarta.validation-api/2.0.2/jakarta.validation-api-2.0.2.jar' 
2022-05-28 18:35:56.663 DEBUG [acme.Launcher@main] Found classpath entry '/Users/miguel/.m2/repository/mysql/mysql-connector-java/8.0.22/mysql-connector-java-8.0.22.jar' 
2022-05-28 18:35:56.663 DEBUG [acme.Launcher@main] Found classpath entry '/Users/miguel/.m2/repository/com/zaxxer/HikariCP/3.4.5/HikariCP-3.4.5.jar' 
2022-05-28 18:35:56.663 DEBUG [acme.Launcher@main] Found classpath entry '/Users/miguel/.m2/repository/org/springframework/boot/spring-boot-starter-test/2.4.2/spring-boot-starter-test-2.4.2.jar' 
2022-05-28 18:35:56.663 DEBUG [acme.Launcher@main] Found classpath entry '/Users/miguel/.m2/repository/org/springframework/boot/spring-boot-test/2.4.2/spring-boot-test-2.4.2.jar' 
2022-05-28 18:35:56.663 DEBUG [acme.Launcher@main] Found classpath entry '/Users/miguel/.m2/repository/org/springframework/boot/spring-boot-test-autoconfigure/2.4.2/spring-boot-test-autoconfigure-2.4.2.jar' 
2022-05-28 18:35:56.663 DEBUG [acme.Launcher@main] Found classpath entry '/Users/miguel/.m2/repository/com/jayway/jsonpath/json-path/2.4.0/json-path-2.4.0.jar' 
2022-05-28 18:35:56.663 DEBUG [acme.Launcher@main] Found classpath entry '/Users/miguel/.m2/repository/net/minidev/json-smart/2.3/json-smart-2.3.jar' 
2022-05-28 18:35:56.663 DEBUG [acme.Launcher@main] Found classpath entry '/Users/miguel/.m2/repository/net/minidev/accessors-smart/1.2/accessors-smart-1.2.jar' 
2022-05-28 18:35:56.664 DEBUG [acme.Launcher@main] Found classpath entry '/Users/miguel/.m2/repository/org/ow2/asm/asm/5.0.4/asm-5.0.4.jar' 
2022-05-28 18:35:56.664 DEBUG [acme.Launcher@main] Found classpath entry '/Users/miguel/.m2/repository/jakarta/xml/bind/jakarta.xml.bind-api/2.3.3/jakarta.xml.bind-api-2.3.3.jar' 
2022-05-28 18:35:56.664 DEBUG [acme.Launcher@main] Found classpath entry '/Users/miguel/.m2/repository/jakarta/activation/jakarta.activation-api/1.2.2/jakarta.activation-api-1.2.2.jar' 
2022-05-28 18:35:56.664 DEBUG [acme.Launcher@main] Found classpath entry '/Users/miguel/.m2/repository/org/assertj/assertj-core/3.18.1/assertj-core-3.18.1.jar' 
2022-05-28 18:35:56.664 DEBUG [acme.Launcher@main] Found classpath entry '/Users/miguel/.m2/repository/org/hamcrest/hamcrest/2.2/hamcrest-2.2.jar' 
2022-05-28 18:35:56.664 DEBUG [acme.Launcher@main] Found classpath entry '/Users/miguel/.m2/repository/org/junit/jupiter/junit-jupiter/5.7.0/junit-jupiter-5.7.0.jar' 
2022-05-28 18:35:56.664 DEBUG [acme.Launcher@main] Found classpath entry '/Users/miguel/.m2/repository/org/mockito/mockito-core/3.6.28/mockito-core-3.6.28.jar' 
2022-05-28 18:35:56.664 DEBUG [acme.Launcher@main] Found classpath entry '/Users/miguel/.m2/repository/net/bytebuddy/byte-buddy-agent/1.10.19/byte-buddy-agent-1.10.19.jar' 
2022-05-28 18:35:56.665 DEBUG [acme.Launcher@main] Found classpath entry '/Users/miguel/.m2/repository/org/objenesis/objenesis/3.1/objenesis-3.1.jar' 
2022-05-28 18:35:56.665 DEBUG [acme.Launcher@main] Found classpath entry '/Users/miguel/.m2/repository/org/mockito/mockito-junit-jupiter/3.6.28/mockito-junit-jupiter-3.6.28.jar' 
2022-05-28 18:35:56.665 DEBUG [acme.Launcher@main] Found classpath entry '/Users/miguel/.m2/repository/org/skyscreamer/jsonassert/1.5.0/jsonassert-1.5.0.jar' 
2022-05-28 18:35:56.665 DEBUG [acme.Launcher@main] Found classpath entry '/Users/miguel/.m2/repository/com/vaadin/external/google/android-json/0.0.20131108.vaadin1/android-json-0.0.20131108.vaadin1.jar' 
2022-05-28 18:35:56.665 DEBUG [acme.Launcher@main] Found classpath entry '/Users/miguel/.m2/repository/org/springframework/spring-test/5.3.3/spring-test-5.3.3.jar' 
2022-05-28 18:35:56.665 DEBUG [acme.Launcher@main] Found classpath entry '/Users/miguel/.m2/repository/org/xmlunit/xmlunit-core/2.7.0/xmlunit-core-2.7.0.jar' 
2022-05-28 18:35:56.665 DEBUG [acme.Launcher@main] Found classpath entry '/Users/miguel/.m2/repository/org/junit/jupiter/junit-jupiter-engine/5.7.0/junit-jupiter-engine-5.7.0.jar' 
2022-05-28 18:35:56.665 DEBUG [acme.Launcher@main] Found classpath entry '/Users/miguel/.m2/repository/org/apiguardian/apiguardian-api/1.1.0/apiguardian-api-1.1.0.jar' 
2022-05-28 18:35:56.665 DEBUG [acme.Launcher@main] Found classpath entry '/Users/miguel/.m2/repository/org/junit/platform/junit-platform-engine/1.7.0/junit-platform-engine-1.7.0.jar' 
2022-05-28 18:35:56.666 DEBUG [acme.Launcher@main] Found classpath entry '/Users/miguel/.m2/repository/org/junit/jupiter/junit-jupiter-api/5.7.0/junit-jupiter-api-5.7.0.jar' 
2022-05-28 18:35:56.666 DEBUG [acme.Launcher@main] Found classpath entry '/Users/miguel/.m2/repository/org/opentest4j/opentest4j/1.2.0/opentest4j-1.2.0.jar' 
2022-05-28 18:35:56.666 DEBUG [acme.Launcher@main] Found classpath entry '/Users/miguel/.m2/repository/org/junit/platform/junit-platform-commons/1.7.0/junit-platform-commons-1.7.0.jar' 
2022-05-28 18:35:56.666 DEBUG [acme.Launcher@main] Found classpath entry '/Users/miguel/.m2/repository/org/junit/jupiter/junit-jupiter-params/5.7.0/junit-jupiter-params-5.7.0.jar' 
2022-05-28 18:35:56.666 DEBUG [acme.Launcher@main] Found classpath entry '/Users/miguel/.m2/repository/org/junit/platform/junit-platform-launcher/1.7.0/junit-platform-launcher-1.7.0.jar' 
2022-05-28 18:35:56.666 DEBUG [acme.Launcher@main] Found classpath entry '/Users/miguel/.m2/repository/org/seleniumhq/selenium/selenium-java/3.141.59/selenium-java-3.141.59.jar' 
2022-05-28 18:35:56.666 DEBUG [acme.Launcher@main] Found classpath entry '/Users/miguel/.m2/repository/org/seleniumhq/selenium/selenium-api/3.141.59/selenium-api-3.141.59.jar' 
2022-05-28 18:35:56.666 DEBUG [acme.Launcher@main] Found classpath entry '/Users/miguel/.m2/repository/org/seleniumhq/selenium/selenium-chrome-driver/3.141.59/selenium-chrome-driver-3.141.59.jar' 
2022-05-28 18:35:56.667 DEBUG [acme.Launcher@main] Found classpath entry '/Users/miguel/.m2/repository/org/seleniumhq/selenium/selenium-edge-driver/3.141.59/selenium-edge-driver-3.141.59.jar' 
2022-05-28 18:35:56.667 DEBUG [acme.Launcher@main] Found classpath entry '/Users/miguel/.m2/repository/org/seleniumhq/selenium/selenium-firefox-driver/3.141.59/selenium-firefox-driver-3.141.59.jar' 
2022-05-28 18:35:56.667 DEBUG [acme.Launcher@main] Found classpath entry '/Users/miguel/.m2/repository/org/seleniumhq/selenium/selenium-ie-driver/3.141.59/selenium-ie-driver-3.141.59.jar' 
2022-05-28 18:35:56.667 DEBUG [acme.Launcher@main] Found classpath entry '/Users/miguel/.m2/repository/org/seleniumhq/selenium/selenium-opera-driver/3.141.59/selenium-opera-driver-3.141.59.jar' 
2022-05-28 18:35:56.667 DEBUG [acme.Launcher@main] Found classpath entry '/Users/miguel/.m2/repository/org/seleniumhq/selenium/selenium-remote-driver/3.141.59/selenium-remote-driver-3.141.59.jar' 
2022-05-28 18:35:56.667 DEBUG [acme.Launcher@main] Found classpath entry '/Users/miguel/.m2/repository/org/seleniumhq/selenium/selenium-safari-driver/3.141.59/selenium-safari-driver-3.141.59.jar' 
2022-05-28 18:35:56.667 DEBUG [acme.Launcher@main] Found classpath entry '/Users/miguel/.m2/repository/org/seleniumhq/selenium/selenium-support/3.141.59/selenium-support-3.141.59.jar' 
2022-05-28 18:35:56.667 DEBUG [acme.Launcher@main] Found classpath entry '/Users/miguel/.m2/repository/net/bytebuddy/byte-buddy/1.10.19/byte-buddy-1.10.19.jar' 
2022-05-28 18:35:56.667 DEBUG [acme.Launcher@main] Found classpath entry '/Users/miguel/.m2/repository/org/apache/commons/commons-exec/1.3/commons-exec-1.3.jar' 
2022-05-28 18:35:56.667 DEBUG [acme.Launcher@main] Found classpath entry '/Users/miguel/.m2/repository/com/google/guava/guava/25.0-jre/guava-25.0-jre.jar' 
2022-05-28 18:35:56.667 DEBUG [acme.Launcher@main] Found classpath entry '/Users/miguel/.m2/repository/com/google/code/findbugs/jsr305/1.3.9/jsr305-1.3.9.jar' 
2022-05-28 18:35:56.667 DEBUG [acme.Launcher@main] Found classpath entry '/Users/miguel/.m2/repository/org/checkerframework/checker-compat-qual/2.0.0/checker-compat-qual-2.0.0.jar' 
2022-05-28 18:35:56.668 DEBUG [acme.Launcher@main] Found classpath entry '/Users/miguel/.m2/repository/com/google/errorprone/error_prone_annotations/2.1.3/error_prone_annotations-2.1.3.jar' 
2022-05-28 18:35:56.668 DEBUG [acme.Launcher@main] Found classpath entry '/Users/miguel/.m2/repository/com/google/j2objc/j2objc-annotations/1.1/j2objc-annotations-1.1.jar' 
2022-05-28 18:35:56.668 DEBUG [acme.Launcher@main] Found classpath entry '/Users/miguel/.m2/repository/org/codehaus/mojo/animal-sniffer-annotations/1.14/animal-sniffer-annotations-1.14.jar' 
2022-05-28 18:35:56.668 DEBUG [acme.Launcher@main] Found classpath entry '/Users/miguel/.m2/repository/com/squareup/okhttp3/okhttp/3.14.9/okhttp-3.14.9.jar' 
2022-05-28 18:35:56.668 DEBUG [acme.Launcher@main] Found classpath entry '/Users/miguel/.m2/repository/com/squareup/okio/okio/1.14.0/okio-1.14.0.jar' 
2022-05-28 18:35:56.668 DEBUG [acme.Launcher@main] Found classpath entry '/Users/miguel/.m2/repository/org/apache/commons/commons-lang3/3.11/commons-lang3-3.11.jar' 
2022-05-28 18:35:56.668 DEBUG [acme.Launcher@main] Found classpath entry '/Users/miguel/.m2/repository/org/apache/commons/commons-text/1.8/commons-text-1.8.jar' 
2022-05-28 18:35:56.668 DEBUG [acme.Launcher@main] Found classpath entry '/Users/miguel/.m2/repository/commons-io/commons-io/2.6/commons-io-2.6.jar' 
2022-05-28 18:35:56.668 DEBUG [acme.Launcher@main] Found classpath entry '/Users/miguel/.m2/repository/commons-cli/commons-cli/1.4/commons-cli-1.4.jar' 
2022-05-28 18:35:56.668 DEBUG [acme.Launcher@main] Found classpath entry '/Users/miguel/.m2/repository/org/projectlombok/lombok/1.18.16/lombok-1.18.16.jar' 
2022-05-28 18:35:56.668 DEBUG [acme.Launcher@main] Found classpath entry '/Users/miguel/.m2/repository/com/opencsv/opencsv/5.4/opencsv-5.4.jar' 
2022-05-28 18:35:56.668 DEBUG [acme.Launcher@main] Found classpath entry '/Users/miguel/.m2/repository/commons-beanutils/commons-beanutils/1.9.4/commons-beanutils-1.9.4.jar' 
2022-05-28 18:35:56.669 DEBUG [acme.Launcher@main] Found classpath entry '/Users/miguel/.m2/repository/commons-logging/commons-logging/1.2/commons-logging-1.2.jar' 
2022-05-28 18:35:56.669 DEBUG [acme.Launcher@main] Found classpath entry '/Users/miguel/.m2/repository/commons-collections/commons-collections/3.2.2/commons-collections-3.2.2.jar' 
2022-05-28 18:35:56.669 DEBUG [acme.Launcher@main] Found classpath entry '/Users/miguel/.m2/repository/org/apache/commons/commons-collections4/4.4/commons-collections4-4.4.jar' 
2022-05-28 18:35:56.669 DEBUG [acme.Launcher@main] Found classpath entry '/Users/miguel/Downloads/Doc%20Locales/Miguelito/Universidad/3%c2%ba%20Curso/DP2/Workspace-22.7/Projects/Acme-Toolkits/libs/Spam.jar' 
2022-05-28 18:35:56.727 DEBUG [acme.Launcher@main] Found entity class 'acme.entities.Announcement 
2022-05-28 18:35:56.727 DEBUG [acme.Launcher@main] Found entity class 'acme.entities.Chimpum 
2022-05-28 18:35:56.727 DEBUG [acme.Launcher@main] Found entity class 'acme.entities.Chirp 
2022-05-28 18:35:56.727 DEBUG [acme.Launcher@main] Found entity class 'acme.entities.Item 
2022-05-28 18:35:56.727 DEBUG [acme.Launcher@main] Found entity class 'acme.entities.ItemQuantity 
2022-05-28 18:35:56.727 DEBUG [acme.Launcher@main] Found entity class 'acme.entities.MoneyExchangeCache 
2022-05-28 18:35:56.727 DEBUG [acme.Launcher@main] Found entity class 'acme.entities.Patronage 
2022-05-28 18:35:56.728 DEBUG [acme.Launcher@main] Found entity class 'acme.entities.PatronageReport 
2022-05-28 18:35:56.728 DEBUG [acme.Launcher@main] Found entity class 'acme.entities.SystemConfiguration 
2022-05-28 18:35:56.728 DEBUG [acme.Launcher@main] Found entity class 'acme.entities.Toolkit 
2022-05-28 18:35:56.728 DEBUG [acme.Launcher@main] Found entity class 'acme.roles.Inventor 
2022-05-28 18:35:56.728 DEBUG [acme.Launcher@main] Found entity class 'acme.roles.Patron 
2022-05-28 18:35:56.728 DEBUG [acme.Launcher@main] Found entity class 'acme.framework.entities.UserAccount 
2022-05-28 18:35:56.728 DEBUG [acme.Launcher@main] Found entity class 'acme.framework.roles.Administrator 
2022-05-28 18:35:56.729 DEBUG [acme.Launcher@main] Found entity class 'acme.framework.roles.Anonymous 
2022-05-28 18:35:56.729 DEBUG [acme.Launcher@main] Found entity class 'acme.framework.roles.Any 
2022-05-28 18:35:56.729 DEBUG [acme.Launcher@main] Found entity class 'acme.framework.roles.Authenticated 
2022-05-28 18:35:56.734 INFO  [acme.Launcher@main] Running application (Standalone) 
2022-05-28 18:36:24.391 ERROR [org.apache.catalina.core.ContainerBase.[Tomcat].[localhost].[/acme-toolkits-22.7].[dispatcherServlet]@http-nio-8080-exec-1] Servlet.service() for servlet [dispatcherServlet] in context with path [/acme-toolkits-22.7] threw exception [Filter execution threw an exception] with root cause at acme.framework.controllers.RememberMeLogoutHandler.logout(RememberMeLogoutHandler.java:31): java.lang.AssertionError
2022-05-28 18:36:24.428 DEBUG [acme.framework.components.tiles.DynamicTilesView@http-nio-8080-exec-1] View name 'master/panic', model {} 
2022-05-28 18:36:24.440 DEBUG [org.apache.tiles.definition.dao.BaseLocaleUrlDefinitionDAO@http-nio-8080-exec-1] File Resource file:/Users/miguel/Downloads/Doc%20Locales/Miguelito/Universidad/3º%20Curso/DP2/Workspace-22.7/Projects/Acme-Toolkits/target/classes/WEB-INF/views/master/tiles_en.xml at file:/Users/miguel/Downloads/Doc%20Locales/Miguelito/Universidad/3º%20Curso/DP2/Workspace-22.7/Projects/Acme-Toolkits/target/classes/WEB-INF/views/master/tiles_en.xml not found, continue 
2022-05-28 18:36:24.444 DEBUG [org.apache.jasper.servlet.JspServlet@http-nio-8080-exec-1] JspEngine --> /WEB-INF/views/master/page.jsp 
2022-05-28 18:36:24.444 DEBUG [org.apache.jasper.servlet.JspServlet@http-nio-8080-exec-1] ServletPath: /WEB-INF/views/master/page.jsp 
2022-05-28 18:36:24.445 DEBUG [org.apache.jasper.servlet.JspServlet@http-nio-8080-exec-1] PathInfo: null 
2022-05-28 18:36:24.445 DEBUG [org.apache.jasper.servlet.JspServlet@http-nio-8080-exec-1] RealPath: /Users/miguel/Downloads/Doc Locales/Miguelito/Universidad/3º Curso/DP2/Workspace-22.7/Projects/Acme-Toolkits/target/classes/WEB-INF/views/master/page.jsp 
2022-05-28 18:36:24.446 DEBUG [org.apache.jasper.servlet.JspServlet@http-nio-8080-exec-1] RequestURI: /acme-toolkits-22.7/WEB-INF/views/master/page.jsp 
2022-05-28 18:36:24.446 DEBUG [org.apache.jasper.servlet.JspServlet@http-nio-8080-exec-1] QueryString: null 
2022-05-28 18:36:27.129 DEBUG [acme.framework.configuration.ExtendedMessageSource@http-nio-8080-exec-1] Loading properties [/Users/miguel/Downloads/Doc Locales/Miguelito/Universidad/3º Curso/DP2/Workspace-22.7/Projects/Acme-Toolkits/target/classes/WEB-INF/views/administrator/administrator-dashboard/messages-en.i18n] with encoding 'utf-8' 
2022-05-28 18:36:27.130 DEBUG [acme.framework.configuration.ExtendedMessageSource@http-nio-8080-exec-1] Loading properties [/Users/miguel/Downloads/Doc Locales/Miguelito/Universidad/3º Curso/DP2/Workspace-22.7/Projects/Acme-Toolkits/target/classes/WEB-INF/views/administrator/announcement/messages-en.i18n] with encoding 'utf-8' 
2022-05-28 18:36:27.131 DEBUG [acme.framework.configuration.ExtendedMessageSource@http-nio-8080-exec-1] Loading properties [/Users/miguel/Downloads/Doc Locales/Miguelito/Universidad/3º Curso/DP2/Workspace-22.7/Projects/Acme-Toolkits/target/classes/WEB-INF/views/administrator/system-configuration/messsages-en.i18n] with encoding 'utf-8' 
2022-05-28 18:36:27.132 DEBUG [acme.framework.configuration.ExtendedMessageSource@http-nio-8080-exec-1] Loading properties [/Users/miguel/Downloads/Doc Locales/Miguelito/Universidad/3º Curso/DP2/Workspace-22.7/Projects/Acme-Toolkits/target/classes/WEB-INF/views/administrator/user-account/messages-en.i18n] with encoding 'utf-8' 
2022-05-28 18:36:27.132 DEBUG [acme.framework.configuration.ExtendedMessageSource@http-nio-8080-exec-1] Loading properties [/Users/miguel/Downloads/Doc Locales/Miguelito/Universidad/3º Curso/DP2/Workspace-22.7/Projects/Acme-Toolkits/target/classes/WEB-INF/views/anonymous/user-account/messages-en.i18n] with encoding 'utf-8' 
2022-05-28 18:36:27.133 DEBUG [acme.framework.configuration.ExtendedMessageSource@http-nio-8080-exec-1] Loading properties [/Users/miguel/Downloads/Doc Locales/Miguelito/Universidad/3º Curso/DP2/Workspace-22.7/Projects/Acme-Toolkits/target/classes/WEB-INF/views/any/chirp/messages-en.i18n] with encoding 'utf-8' 
2022-05-28 18:36:27.134 DEBUG [acme.framework.configuration.ExtendedMessageSource@http-nio-8080-exec-1] Loading properties [/Users/miguel/Downloads/Doc Locales/Miguelito/Universidad/3º Curso/DP2/Workspace-22.7/Projects/Acme-Toolkits/target/classes/WEB-INF/views/any/item/messsages-en.i18n] with encoding 'utf-8' 
2022-05-28 18:36:27.134 DEBUG [acme.framework.configuration.ExtendedMessageSource@http-nio-8080-exec-1] Loading properties [/Users/miguel/Downloads/Doc Locales/Miguelito/Universidad/3º Curso/DP2/Workspace-22.7/Projects/Acme-Toolkits/target/classes/WEB-INF/views/any/toolkit/messages-en.i18n] with encoding 'utf-8' 
2022-05-28 18:36:27.135 DEBUG [acme.framework.configuration.ExtendedMessageSource@http-nio-8080-exec-1] Loading properties [/Users/miguel/Downloads/Doc Locales/Miguelito/Universidad/3º Curso/DP2/Workspace-22.7/Projects/Acme-Toolkits/target/classes/WEB-INF/views/any/user-account/messsages-en.i18n] with encoding 'utf-8' 
2022-05-28 18:36:27.135 DEBUG [acme.framework.configuration.ExtendedMessageSource@http-nio-8080-exec-1] Loading properties [/Users/miguel/Downloads/Doc Locales/Miguelito/Universidad/3º Curso/DP2/Workspace-22.7/Projects/Acme-Toolkits/target/classes/WEB-INF/views/authenticated/announcement/messages-en.i18n] with encoding 'utf-8' 
2022-05-28 18:36:27.136 DEBUG [acme.framework.configuration.ExtendedMessageSource@http-nio-8080-exec-1] Loading properties [/Users/miguel/Downloads/Doc Locales/Miguelito/Universidad/3º Curso/DP2/Workspace-22.7/Projects/Acme-Toolkits/target/classes/WEB-INF/views/authenticated/inventor/messsages-en.i18n] with encoding 'utf-8' 
2022-05-28 18:36:27.136 DEBUG [acme.framework.configuration.ExtendedMessageSource@http-nio-8080-exec-1] Loading properties [/Users/miguel/Downloads/Doc Locales/Miguelito/Universidad/3º Curso/DP2/Workspace-22.7/Projects/Acme-Toolkits/target/classes/WEB-INF/views/authenticated/money-exchange/messages-en.i18n] with encoding 'utf-8' 
2022-05-28 18:36:27.136 DEBUG [acme.framework.configuration.ExtendedMessageSource@http-nio-8080-exec-1] Loading properties [/Users/miguel/Downloads/Doc Locales/Miguelito/Universidad/3º Curso/DP2/Workspace-22.7/Projects/Acme-Toolkits/target/classes/WEB-INF/views/authenticated/patron/messsages-en.i18n] with encoding 'utf-8' 
2022-05-28 18:36:27.137 DEBUG [acme.framework.configuration.ExtendedMessageSource@http-nio-8080-exec-1] Loading properties [/Users/miguel/Downloads/Doc Locales/Miguelito/Universidad/3º Curso/DP2/Workspace-22.7/Projects/Acme-Toolkits/target/classes/WEB-INF/views/authenticated/system-configuration/messages-en.i18n] with encoding 'utf-8' 
2022-05-28 18:36:27.137 DEBUG [acme.framework.configuration.ExtendedMessageSource@http-nio-8080-exec-1] Loading properties [/Users/miguel/Downloads/Doc Locales/Miguelito/Universidad/3º Curso/DP2/Workspace-22.7/Projects/Acme-Toolkits/target/classes/WEB-INF/views/authenticated/user-account/messages-en.i18n] with encoding 'utf-8' 
2022-05-28 18:36:27.137 DEBUG [acme.framework.configuration.ExtendedMessageSource@http-nio-8080-exec-1] Loading properties [/Users/miguel/Downloads/Doc Locales/Miguelito/Universidad/3º Curso/DP2/Workspace-22.7/Projects/Acme-Toolkits/target/classes/WEB-INF/views/fragments/banner-en.i18n] with encoding 'utf-8' 
2022-05-28 18:36:27.138 DEBUG [acme.framework.configuration.ExtendedMessageSource@http-nio-8080-exec-1] Loading properties [/Users/miguel/Downloads/Doc Locales/Miguelito/Universidad/3º Curso/DP2/Workspace-22.7/Projects/Acme-Toolkits/target/classes/WEB-INF/views/fragments/company-en.i18n] with encoding 'utf-8' 
2022-05-28 18:36:27.139 DEBUG [acme.framework.configuration.ExtendedMessageSource@http-nio-8080-exec-1] Loading properties [/Users/miguel/Downloads/Doc Locales/Miguelito/Universidad/3º Curso/DP2/Workspace-22.7/Projects/Acme-Toolkits/target/classes/WEB-INF/views/fragments/footer-en.i18n] with encoding 'utf-8' 
2022-05-28 18:36:27.139 DEBUG [acme.framework.configuration.ExtendedMessageSource@http-nio-8080-exec-1] Loading properties [/Users/miguel/Downloads/Doc Locales/Miguelito/Universidad/3º Curso/DP2/Workspace-22.7/Projects/Acme-Toolkits/target/classes/WEB-INF/views/fragments/license-en.i18n] with encoding 'utf-8' 
2022-05-28 18:36:27.140 DEBUG [acme.framework.configuration.ExtendedMessageSource@http-nio-8080-exec-1] Loading properties [/Users/miguel/Downloads/Doc Locales/Miguelito/Universidad/3º Curso/DP2/Workspace-22.7/Projects/Acme-Toolkits/target/classes/WEB-INF/views/fragments/menu-en.i18n] with encoding 'utf-8' 
2022-05-28 18:36:27.140 DEBUG [acme.framework.configuration.ExtendedMessageSource@http-nio-8080-exec-1] Loading properties [/Users/miguel/Downloads/Doc Locales/Miguelito/Universidad/3º Curso/DP2/Workspace-22.7/Projects/Acme-Toolkits/target/classes/WEB-INF/views/fragments/messsages-en.i18n] with encoding 'utf-8' 
2022-05-28 18:36:27.141 DEBUG [acme.framework.configuration.ExtendedMessageSource@http-nio-8080-exec-1] Loading properties [/Users/miguel/Downloads/Doc Locales/Miguelito/Universidad/3º Curso/DP2/Workspace-22.7/Projects/Acme-Toolkits/target/classes/WEB-INF/views/fragments/title-en.i18n] with encoding 'utf-8' 
2022-05-28 18:36:27.141 DEBUG [acme.framework.configuration.ExtendedMessageSource@http-nio-8080-exec-1] Loading properties [/Users/miguel/Downloads/Doc Locales/Miguelito/Universidad/3º Curso/DP2/Workspace-22.7/Projects/Acme-Toolkits/target/classes/WEB-INF/views/fragments/welcome-en.i18n] with encoding 'utf-8' 
2022-05-28 18:36:27.142 DEBUG [acme.framework.configuration.ExtendedMessageSource@http-nio-8080-exec-1] Loading properties [/Users/miguel/Downloads/Doc Locales/Miguelito/Universidad/3º Curso/DP2/Workspace-22.7/Projects/Acme-Toolkits/target/classes/WEB-INF/views/inventor/item/messages-en.i18n] with encoding 'utf-8' 
2022-05-28 18:36:27.142 DEBUG [acme.framework.configuration.ExtendedMessageSource@http-nio-8080-exec-1] Loading properties [/Users/miguel/Downloads/Doc Locales/Miguelito/Universidad/3º Curso/DP2/Workspace-22.7/Projects/Acme-Toolkits/target/classes/WEB-INF/views/inventor/item-quantity/messages-en.i18n] with encoding 'utf-8' 
2022-05-28 18:36:27.143 DEBUG [acme.framework.configuration.ExtendedMessageSource@http-nio-8080-exec-1] Loading properties [/Users/miguel/Downloads/Doc Locales/Miguelito/Universidad/3º Curso/DP2/Workspace-22.7/Projects/Acme-Toolkits/target/classes/WEB-INF/views/inventor/patronage/messages-en.i18n] with encoding 'utf-8' 
2022-05-28 18:36:27.143 DEBUG [acme.framework.configuration.ExtendedMessageSource@http-nio-8080-exec-1] Loading properties [/Users/miguel/Downloads/Doc Locales/Miguelito/Universidad/3º Curso/DP2/Workspace-22.7/Projects/Acme-Toolkits/target/classes/WEB-INF/views/inventor/patronage-report/messsages-en.i18n] with encoding 'utf-8' 
2022-05-28 18:36:27.144 DEBUG [acme.framework.configuration.ExtendedMessageSource@http-nio-8080-exec-1] Loading properties [/Users/miguel/Downloads/Doc Locales/Miguelito/Universidad/3º Curso/DP2/Workspace-22.7/Projects/Acme-Toolkits/target/classes/WEB-INF/views/inventor/toolkit/messages-en.i18n] with encoding 'utf-8' 
2022-05-28 18:36:27.144 DEBUG [acme.framework.configuration.ExtendedMessageSource@http-nio-8080-exec-1] Loading properties [/Users/miguel/Downloads/Doc Locales/Miguelito/Universidad/3º Curso/DP2/Workspace-22.7/Projects/Acme-Toolkits/target/classes/WEB-INF/views/master/defaults-en.i18n] with encoding 'utf-8' 
2022-05-28 18:36:27.145 DEBUG [acme.framework.configuration.ExtendedMessageSource@http-nio-8080-exec-1] Loading properties [/Users/miguel/Downloads/Doc Locales/Miguelito/Universidad/3º Curso/DP2/Workspace-22.7/Projects/Acme-Toolkits/target/classes/WEB-INF/views/master/master-en.i18n] with encoding 'utf-8' 
2022-05-28 18:36:27.145 DEBUG [acme.framework.configuration.ExtendedMessageSource@http-nio-8080-exec-1] Loading properties [/Users/miguel/Downloads/Doc Locales/Miguelito/Universidad/3º Curso/DP2/Workspace-22.7/Projects/Acme-Toolkits/target/classes/WEB-INF/views/master/throwables-en.i18n] with encoding 'utf-8' 
2022-05-28 18:36:27.146 DEBUG [acme.framework.configuration.ExtendedMessageSource@http-nio-8080-exec-1] Loading properties [/Users/miguel/Downloads/Doc Locales/Miguelito/Universidad/3º Curso/DP2/Workspace-22.7/Projects/Acme-Toolkits/target/classes/WEB-INF/views/master/validation-en.i18n] with encoding 'utf-8' 
2022-05-28 18:36:27.146 DEBUG [acme.framework.configuration.ExtendedMessageSource@http-nio-8080-exec-1] Loading properties [/Users/miguel/Downloads/Doc Locales/Miguelito/Universidad/3º Curso/DP2/Workspace-22.7/Projects/Acme-Toolkits/target/classes/WEB-INF/views/patron/patron-dashboard/messages-en.i18n] with encoding 'utf-8' 
2022-05-28 18:36:27.147 DEBUG [acme.framework.configuration.ExtendedMessageSource@http-nio-8080-exec-1] Loading properties [/Users/miguel/Downloads/Doc Locales/Miguelito/Universidad/3º Curso/DP2/Workspace-22.7/Projects/Acme-Toolkits/target/classes/WEB-INF/views/patron/patronage/messages-en.i18n] with encoding 'utf-8' 
2022-05-28 18:36:27.148 DEBUG [acme.framework.configuration.ExtendedMessageSource@http-nio-8080-exec-1] Loading properties [/Users/miguel/Downloads/Doc Locales/Miguelito/Universidad/3º Curso/DP2/Workspace-22.7/Projects/Acme-Toolkits/target/classes/WEB-INF/views/patron/patronage-report/messages-en.i18n] with encoding 'utf-8' 
2022-05-28 18:36:27.244 DEBUG [org.apache.jasper.servlet.JspServlet@http-nio-8080-exec-1] JspEngine --> /WEB-INF/views/master/panic.jsp 
2022-05-28 18:36:27.245 DEBUG [org.apache.jasper.servlet.JspServlet@http-nio-8080-exec-1] ServletPath: /WEB-INF/views/master/page.jsp 
2022-05-28 18:36:27.245 DEBUG [org.apache.jasper.servlet.JspServlet@http-nio-8080-exec-1] PathInfo: null 
2022-05-28 18:36:27.246 DEBUG [org.apache.jasper.servlet.JspServlet@http-nio-8080-exec-1] RealPath: /Users/miguel/Downloads/Doc Locales/Miguelito/Universidad/3º Curso/DP2/Workspace-22.7/Projects/Acme-Toolkits/target/classes/WEB-INF/views/master/panic.jsp 
2022-05-28 18:36:27.247 DEBUG [org.apache.jasper.servlet.JspServlet@http-nio-8080-exec-1] RequestURI: /acme-toolkits-22.7/WEB-INF/views/master/page.jsp 
2022-05-28 18:36:27.247 DEBUG [org.apache.jasper.servlet.JspServlet@http-nio-8080-exec-1] QueryString: null 
2022-05-28 18:36:27.398 ERROR [org.apache.jsp.WEB_002dINF.views.master.panic_jsp@http-nio-8080-exec-1] HTTP GET /acme-toolkits-22.7/WEB-INF/views/master/page.jsp HTTP/1.1 
2022-05-28 18:36:27.398 ERROR [org.apache.jsp.WEB_002dINF.views.master.panic_jsp@http-nio-8080-exec-1] Status: 500 
2022-05-28 18:36:27.399 ERROR [org.apache.jsp.WEB_002dINF.views.master.panic_jsp@http-nio-8080-exec-1] Exception: org.apache.catalina.core.ApplicationFilterChain.internalDoFilter(ApplicationFilterChain.java:200): Filter execution threw an exception\nacme.framework.controllers.RememberMeLogoutHandler.logout(RememberMeLogoutHandler.java:31): java.lang.AssertionError 
2022-05-28 18:36:27.601 DEBUG [org.hibernate.SQL@http-nio-8080-exec-1] select useraccoun0_.id as id1_0_, useraccoun0_.version as version2_0_, useraccoun0_.enabled as enabled1_17_, useraccoun0_.identity as identity2_17_, useraccoun0_.password as password3_17_, useraccoun0_.username as username4_17_ from user_account useraccoun0_ where useraccoun0_.username=? 
2022-05-28 18:36:27.603 ERROR [org.apache.catalina.core.ContainerBase.[Tomcat].[localhost].[/acme-toolkits-22.7].[dispatcherServlet]@http-nio-8080-exec-2] Servlet.service() for servlet [dispatcherServlet] in context with path [/acme-toolkits-22.7] threw exception [Filter execution threw an exception] with root cause at acme.framework.controllers.RememberMeLogoutHandler.logout(RememberMeLogoutHandler.java:31): java.lang.AssertionError
2022-05-28 18:36:27.605 DEBUG [acme.framework.components.tiles.DynamicTilesView@http-nio-8080-exec-2] View name 'master/panic', model {} 
2022-05-28 18:36:27.606 DEBUG [org.apache.jasper.servlet.JspServlet@http-nio-8080-exec-2] JspEngine --> /WEB-INF/views/master/page.jsp 
2022-05-28 18:36:27.607 DEBUG [org.apache.jasper.servlet.JspServlet@http-nio-8080-exec-2] ServletPath: /WEB-INF/views/master/page.jsp 
2022-05-28 18:36:27.607 DEBUG [org.apache.jasper.servlet.JspServlet@http-nio-8080-exec-2] PathInfo: null 
2022-05-28 18:36:27.608 DEBUG [org.apache.jasper.servlet.JspServlet@http-nio-8080-exec-2] RealPath: /Users/miguel/Downloads/Doc Locales/Miguelito/Universidad/3º Curso/DP2/Workspace-22.7/Projects/Acme-Toolkits/target/classes/WEB-INF/views/master/page.jsp 
2022-05-28 18:36:27.608 DEBUG [org.apache.jasper.servlet.JspServlet@http-nio-8080-exec-2] RequestURI: /acme-toolkits-22.7/WEB-INF/views/master/page.jsp 
2022-05-28 18:36:27.609 DEBUG [org.apache.jasper.servlet.JspServlet@http-nio-8080-exec-2] QueryString: null 
2022-05-28 18:36:27.628 TRACE [org.hibernate.type.descriptor.sql.BasicBinder@http-nio-8080-exec-1] binding parameter [1] as [VARCHAR] - [anonymous] 
2022-05-28 18:36:27.676 DEBUG [org.hibernate.SQL@http-nio-8080-exec-1] select roles0_.user_account_id as user_acc1_18_0_, roles0_.id as id1_18_0_, roles0_.id as id1_0_1_, roles0_.version as version2_0_1_, roles0_.user_account_id as user_acc1_18_1_, roles0_.company as company1_8_1_, roles0_.more_info as more_inf2_8_1_, roles0_.statement as statemen3_8_1_, roles0_.company as company1_12_1_, roles0_.more_info as more_inf2_12_1_, roles0_.statement as statemen3_12_1_, roles0_.clazz_ as clazz_1_ from ( select id, version, user_account_id, company, more_info, statement, 12 as clazz_ from inventor union all select id, version, user_account_id, company, more_info, statement, 13 as clazz_ from patron union all select id, version, user_account_id, null as company, null as more_info, null as statement, 15 as clazz_ from administrator union all select id, version, user_account_id, null as company, null as more_info, null as statement, 16 as clazz_ from anonymous union all select id, version, user_account_id, null as company, null as more_info, null as statement, 17 as clazz_ from any union all select id, version, user_account_id, null as company, null as more_info, null as statement, 18 as clazz_ from authenticated ) roles0_ where roles0_.user_account_id=? 
2022-05-28 18:36:27.676 TRACE [org.hibernate.type.descriptor.sql.BasicBinder@http-nio-8080-exec-1] binding parameter [1] as [INTEGER] - [19] 
2022-05-28 18:36:27.690 DEBUG [org.apache.jasper.servlet.JspServlet@http-nio-8080-exec-2] JspEngine --> /WEB-INF/views/master/panic.jsp 
2022-05-28 18:36:27.690 DEBUG [org.apache.jasper.servlet.JspServlet@http-nio-8080-exec-2] ServletPath: /WEB-INF/views/master/page.jsp 
2022-05-28 18:36:27.691 DEBUG [org.apache.jasper.servlet.JspServlet@http-nio-8080-exec-2] PathInfo: null 
2022-05-28 18:36:27.692 DEBUG [org.apache.jasper.servlet.JspServlet@http-nio-8080-exec-2] RealPath: /Users/miguel/Downloads/Doc Locales/Miguelito/Universidad/3º Curso/DP2/Workspace-22.7/Projects/Acme-Toolkits/target/classes/WEB-INF/views/master/panic.jsp 
2022-05-28 18:36:27.692 DEBUG [org.apache.jasper.servlet.JspServlet@http-nio-8080-exec-2] RequestURI: /acme-toolkits-22.7/WEB-INF/views/master/page.jsp 
2022-05-28 18:36:27.693 DEBUG [org.apache.jasper.servlet.JspServlet@http-nio-8080-exec-2] QueryString: null 
2022-05-28 18:36:27.693 ERROR [org.apache.jsp.WEB_002dINF.views.master.panic_jsp@http-nio-8080-exec-2] HTTP GET /acme-toolkits-22.7/WEB-INF/views/master/page.jsp HTTP/1.1 
2022-05-28 18:36:27.693 ERROR [org.apache.jsp.WEB_002dINF.views.master.panic_jsp@http-nio-8080-exec-2] Status: 500 
2022-05-28 18:36:27.694 ERROR [org.apache.jsp.WEB_002dINF.views.master.panic_jsp@http-nio-8080-exec-2] Exception: org.apache.catalina.core.ApplicationFilterChain.internalDoFilter(ApplicationFilterChain.java:200): Filter execution threw an exception\nacme.framework.controllers.RememberMeLogoutHandler.logout(RememberMeLogoutHandler.java:31): java.lang.AssertionError 
2022-05-28 18:36:27.755 DEBUG [org.hibernate.SQL@http-nio-8080-exec-2] select useraccoun0_.id as id1_0_, useraccoun0_.version as version2_0_, useraccoun0_.enabled as enabled1_17_, useraccoun0_.identity as identity2_17_, useraccoun0_.password as password3_17_, useraccoun0_.username as username4_17_ from user_account useraccoun0_ where useraccoun0_.username=? 
2022-05-28 18:36:27.755 TRACE [org.hibernate.type.descriptor.sql.BasicBinder@http-nio-8080-exec-2] binding parameter [1] as [VARCHAR] - [anonymous] 
2022-05-28 18:36:27.757 DEBUG [org.hibernate.SQL@http-nio-8080-exec-2] select roles0_.user_account_id as user_acc1_18_0_, roles0_.id as id1_18_0_, roles0_.id as id1_0_1_, roles0_.version as version2_0_1_, roles0_.user_account_id as user_acc1_18_1_, roles0_.company as company1_8_1_, roles0_.more_info as more_inf2_8_1_, roles0_.statement as statemen3_8_1_, roles0_.company as company1_12_1_, roles0_.more_info as more_inf2_12_1_, roles0_.statement as statemen3_12_1_, roles0_.clazz_ as clazz_1_ from ( select id, version, user_account_id, company, more_info, statement, 12 as clazz_ from inventor union all select id, version, user_account_id, company, more_info, statement, 13 as clazz_ from patron union all select id, version, user_account_id, null as company, null as more_info, null as statement, 15 as clazz_ from administrator union all select id, version, user_account_id, null as company, null as more_info, null as statement, 16 as clazz_ from anonymous union all select id, version, user_account_id, null as company, null as more_info, null as statement, 17 as clazz_ from any union all select id, version, user_account_id, null as company, null as more_info, null as statement, 18 as clazz_ from authenticated ) roles0_ where roles0_.user_account_id=? 
2022-05-28 18:36:27.758 TRACE [org.hibernate.type.descriptor.sql.BasicBinder@http-nio-8080-exec-2] binding parameter [1] as [INTEGER] - [19] 
2022-05-28 18:36:29.538 DEBUG [acme.framework.components.tiles.DynamicTilesView@http-nio-8080-exec-3] View name 'master/sign-in', model {username=, password=, remember=false} 
2022-05-28 18:36:29.540 DEBUG [org.apache.jasper.servlet.JspServlet@http-nio-8080-exec-3] JspEngine --> /WEB-INF/views/master/page.jsp 
2022-05-28 18:36:29.540 DEBUG [org.apache.jasper.servlet.JspServlet@http-nio-8080-exec-3] ServletPath: /WEB-INF/views/master/page.jsp 
2022-05-28 18:36:29.541 DEBUG [org.apache.jasper.servlet.JspServlet@http-nio-8080-exec-3] PathInfo: null 
2022-05-28 18:36:29.541 DEBUG [org.apache.jasper.servlet.JspServlet@http-nio-8080-exec-3] RealPath: /Users/miguel/Downloads/Doc Locales/Miguelito/Universidad/3º Curso/DP2/Workspace-22.7/Projects/Acme-Toolkits/target/classes/WEB-INF/views/master/page.jsp 
2022-05-28 18:36:29.542 DEBUG [org.apache.jasper.servlet.JspServlet@http-nio-8080-exec-3] RequestURI: /acme-toolkits-22.7/WEB-INF/views/master/page.jsp 
2022-05-28 18:36:29.542 DEBUG [org.apache.jasper.servlet.JspServlet@http-nio-8080-exec-3] QueryString: null 
2022-05-28 18:36:29.588 DEBUG [org.apache.jasper.servlet.JspServlet@http-nio-8080-exec-3] JspEngine --> /WEB-INF/views/master/sign-in.jsp 
2022-05-28 18:36:29.588 DEBUG [org.apache.jasper.servlet.JspServlet@http-nio-8080-exec-3] ServletPath: /WEB-INF/views/master/page.jsp 
2022-05-28 18:36:29.589 DEBUG [org.apache.jasper.servlet.JspServlet@http-nio-8080-exec-3] PathInfo: null 
2022-05-28 18:36:29.589 DEBUG [org.apache.jasper.servlet.JspServlet@http-nio-8080-exec-3] RealPath: /Users/miguel/Downloads/Doc Locales/Miguelito/Universidad/3º Curso/DP2/Workspace-22.7/Projects/Acme-Toolkits/target/classes/WEB-INF/views/master/sign-in.jsp 
2022-05-28 18:36:29.590 DEBUG [org.apache.jasper.servlet.JspServlet@http-nio-8080-exec-3] RequestURI: /acme-toolkits-22.7/WEB-INF/views/master/page.jsp 
2022-05-28 18:36:29.590 DEBUG [org.apache.jasper.servlet.JspServlet@http-nio-8080-exec-3] QueryString: null 
2022-05-28 18:36:30.636 DEBUG [org.hibernate.SQL@http-nio-8080-exec-3] select useraccoun0_.id as id1_0_, useraccoun0_.version as version2_0_, useraccoun0_.enabled as enabled1_17_, useraccoun0_.identity as identity2_17_, useraccoun0_.password as password3_17_, useraccoun0_.username as username4_17_ from user_account useraccoun0_ where useraccoun0_.username=? 
2022-05-28 18:36:30.636 TRACE [org.hibernate.type.descriptor.sql.BasicBinder@http-nio-8080-exec-3] binding parameter [1] as [VARCHAR] - [anonymous] 
2022-05-28 18:36:30.638 DEBUG [org.hibernate.SQL@http-nio-8080-exec-3] select roles0_.user_account_id as user_acc1_18_0_, roles0_.id as id1_18_0_, roles0_.id as id1_0_1_, roles0_.version as version2_0_1_, roles0_.user_account_id as user_acc1_18_1_, roles0_.company as company1_8_1_, roles0_.more_info as more_inf2_8_1_, roles0_.statement as statemen3_8_1_, roles0_.company as company1_12_1_, roles0_.more_info as more_inf2_12_1_, roles0_.statement as statemen3_12_1_, roles0_.clazz_ as clazz_1_ from ( select id, version, user_account_id, company, more_info, statement, 12 as clazz_ from inventor union all select id, version, user_account_id, company, more_info, statement, 13 as clazz_ from patron union all select id, version, user_account_id, null as company, null as more_info, null as statement, 15 as clazz_ from administrator union all select id, version, user_account_id, null as company, null as more_info, null as statement, 16 as clazz_ from anonymous union all select id, version, user_account_id, null as company, null as more_info, null as statement, 17 as clazz_ from any union all select id, version, user_account_id, null as company, null as more_info, null as statement, 18 as clazz_ from authenticated ) roles0_ where roles0_.user_account_id=? 
2022-05-28 18:36:30.638 TRACE [org.hibernate.type.descriptor.sql.BasicBinder@http-nio-8080-exec-3] binding parameter [1] as [INTEGER] - [19] 
2022-05-28 18:36:36.682 DEBUG [org.hibernate.SQL@http-nio-8080-exec-6] select useraccoun0_.id as id1_0_, useraccoun0_.version as version2_0_, useraccoun0_.enabled as enabled1_17_, useraccoun0_.identity as identity2_17_, useraccoun0_.password as password3_17_, useraccoun0_.username as username4_17_ from user_account useraccoun0_ where useraccoun0_.username=? 
2022-05-28 18:36:36.683 TRACE [org.hibernate.type.descriptor.sql.BasicBinder@http-nio-8080-exec-6] binding parameter [1] as [VARCHAR] - [administrator] 
2022-05-28 18:36:36.685 DEBUG [org.hibernate.SQL@http-nio-8080-exec-6] select roles0_.user_account_id as user_acc1_18_0_, roles0_.id as id1_18_0_, roles0_.id as id1_0_1_, roles0_.version as version2_0_1_, roles0_.user_account_id as user_acc1_18_1_, roles0_.company as company1_8_1_, roles0_.more_info as more_inf2_8_1_, roles0_.statement as statemen3_8_1_, roles0_.company as company1_12_1_, roles0_.more_info as more_inf2_12_1_, roles0_.statement as statemen3_12_1_, roles0_.clazz_ as clazz_1_ from ( select id, version, user_account_id, company, more_info, statement, 12 as clazz_ from inventor union all select id, version, user_account_id, company, more_info, statement, 13 as clazz_ from patron union all select id, version, user_account_id, null as company, null as more_info, null as statement, 15 as clazz_ from administrator union all select id, version, user_account_id, null as company, null as more_info, null as statement, 16 as clazz_ from anonymous union all select id, version, user_account_id, null as company, null as more_info, null as statement, 17 as clazz_ from any union all select id, version, user_account_id, null as company, null as more_info, null as statement, 18 as clazz_ from authenticated ) roles0_ where roles0_.user_account_id=? 
2022-05-28 18:36:36.686 TRACE [org.hibernate.type.descriptor.sql.BasicBinder@http-nio-8080-exec-6] binding parameter [1] as [INTEGER] - [20] 
2022-05-28 18:36:36.712 DEBUG [acme.framework.components.tiles.DynamicTilesView@http-nio-8080-exec-7] View name 'fragments/welcome', model {} 
2022-05-28 18:36:36.713 DEBUG [org.apache.jasper.servlet.JspServlet@http-nio-8080-exec-7] JspEngine --> /WEB-INF/views/master/page.jsp 
2022-05-28 18:36:36.714 DEBUG [org.apache.jasper.servlet.JspServlet@http-nio-8080-exec-7] ServletPath: /WEB-INF/views/master/page.jsp 
2022-05-28 18:36:36.714 DEBUG [org.apache.jasper.servlet.JspServlet@http-nio-8080-exec-7] PathInfo: null 
2022-05-28 18:36:36.717 DEBUG [org.apache.jasper.servlet.JspServlet@http-nio-8080-exec-7] RealPath: /Users/miguel/Downloads/Doc Locales/Miguelito/Universidad/3º Curso/DP2/Workspace-22.7/Projects/Acme-Toolkits/target/classes/WEB-INF/views/master/page.jsp 
2022-05-28 18:36:36.717 DEBUG [org.apache.jasper.servlet.JspServlet@http-nio-8080-exec-7] RequestURI: /acme-toolkits-22.7/WEB-INF/views/master/page.jsp 
2022-05-28 18:36:36.718 DEBUG [org.apache.jasper.servlet.JspServlet@http-nio-8080-exec-7] QueryString: null 
2022-05-28 18:36:36.821 DEBUG [org.apache.jasper.servlet.JspServlet@http-nio-8080-exec-7] JspEngine --> /WEB-INF/views/fragments/welcome.jsp 
2022-05-28 18:36:36.821 DEBUG [org.apache.jasper.servlet.JspServlet@http-nio-8080-exec-7] ServletPath: /WEB-INF/views/master/page.jsp 
2022-05-28 18:36:36.821 DEBUG [org.apache.jasper.servlet.JspServlet@http-nio-8080-exec-7] PathInfo: null 
2022-05-28 18:36:36.822 DEBUG [org.apache.jasper.servlet.JspServlet@http-nio-8080-exec-7] RealPath: /Users/miguel/Downloads/Doc Locales/Miguelito/Universidad/3º Curso/DP2/Workspace-22.7/Projects/Acme-Toolkits/target/classes/WEB-INF/views/fragments/welcome.jsp 
2022-05-28 18:36:36.822 DEBUG [org.apache.jasper.servlet.JspServlet@http-nio-8080-exec-7] RequestURI: /acme-toolkits-22.7/WEB-INF/views/master/page.jsp 
2022-05-28 18:36:36.823 DEBUG [org.apache.jasper.servlet.JspServlet@http-nio-8080-exec-7] QueryString: null 
2022-05-28 18:36:38.826 DEBUG [acme.framework.controllers.AbstractController@http-nio-8080-exec-7] DISPATCHING GET /acme-toolkits-22.7/administrator/administrator-dashboard/show 
2022-05-28 18:36:38.826 DEBUG [acme.framework.controllers.AbstractController@http-nio-8080-exec-7] Command: show 
2022-05-28 18:36:38.826 DEBUG [acme.framework.controllers.AbstractController@http-nio-8080-exec-7] Model:   {} 
2022-05-28 18:36:38.826 DEBUG [acme.framework.controllers.AbstractController@http-nio-8080-exec-7] Locale:  en 
2022-05-28 18:36:38.826 DEBUG [acme.framework.controllers.AbstractController@http-nio-8080-exec-7] Starting transaction b3de03d7-a5c7-45ce-a5c4-30f7f503c878 
2022-05-28 18:36:38.834 DEBUG [org.hibernate.SQL@http-nio-8080-exec-7] select count(item0_.id) as col_0_0_ from item item0_ where item0_.type='COMPONENT' 
2022-05-28 18:36:38.836 DEBUG [org.hibernate.SQL@http-nio-8080-exec-7] select count(item0_.id) as col_0_0_ from item item0_ where item0_.type='TOOL' 
2022-05-28 18:36:38.837 DEBUG [org.hibernate.SQL@http-nio-8080-exec-7] select count(patronage0_.id) as col_0_0_ from patronage patronage0_ where patronage0_.status=1 
2022-05-28 18:36:38.839 DEBUG [org.hibernate.SQL@http-nio-8080-exec-7] select count(patronage0_.id) as col_0_0_ from patronage patronage0_ where patronage0_.status=2 
2022-05-28 18:36:38.840 DEBUG [org.hibernate.SQL@http-nio-8080-exec-7] select count(patronage0_.id) as col_0_0_ from patronage patronage0_ where patronage0_.status=0 
2022-05-28 18:36:38.841 DEBUG [org.hibernate.SQL@http-nio-8080-exec-7] select min(item0_.retail_price_amount) as col_0_0_, item0_.technology as col_1_0_, item0_.retail_price_currency as col_2_0_ from item item0_ where item0_.type='COMPONENT' group by item0_.retail_price_currency , item0_.technology 
2022-05-28 18:36:38.844 DEBUG [org.hibernate.SQL@http-nio-8080-exec-7] select max(item0_.retail_price_amount) as col_0_0_, item0_.technology as col_1_0_, item0_.retail_price_currency as col_2_0_ from item item0_ where item0_.type='COMPONENT' group by item0_.retail_price_currency , item0_.technology 
2022-05-28 18:36:38.846 DEBUG [org.hibernate.SQL@http-nio-8080-exec-7] select avg(item0_.retail_price_amount) as col_0_0_, item0_.technology as col_1_0_, item0_.retail_price_currency as col_2_0_ from item item0_ where item0_.type='COMPONENT' group by item0_.retail_price_currency , item0_.technology 
2022-05-28 18:36:38.847 DEBUG [org.hibernate.SQL@http-nio-8080-exec-7] select std(item0_.retail_price_amount) as col_0_0_, item0_.technology as col_1_0_, item0_.retail_price_currency as col_2_0_ from item item0_ where item0_.type='COMPONENT' group by item0_.retail_price_currency , item0_.technology 
2022-05-28 18:36:38.849 DEBUG [org.hibernate.SQL@http-nio-8080-exec-7] select min(item0_.retail_price_amount) as col_0_0_, item0_.retail_price_currency as col_1_0_ from item item0_ where item0_.type='TOOL' group by item0_.retail_price_currency 
2022-05-28 18:36:38.850 DEBUG [org.hibernate.SQL@http-nio-8080-exec-7] select max(item0_.retail_price_amount) as col_0_0_, item0_.retail_price_currency as col_1_0_ from item item0_ where item0_.type='TOOL' group by item0_.retail_price_currency 
2022-05-28 18:36:38.852 DEBUG [org.hibernate.SQL@http-nio-8080-exec-7] select avg(item0_.retail_price_amount) as col_0_0_, item0_.retail_price_currency as col_1_0_ from item item0_ where item0_.type='TOOL' group by item0_.retail_price_currency 
2022-05-28 18:36:38.854 DEBUG [org.hibernate.SQL@http-nio-8080-exec-7] select std(item0_.retail_price_amount) as col_0_0_, item0_.retail_price_currency as col_1_0_ from item item0_ where item0_.type='TOOL' group by item0_.retail_price_currency 
2022-05-28 18:36:38.855 DEBUG [org.hibernate.SQL@http-nio-8080-exec-7] select min(patronage0_.budget_amount) as col_0_0_ from patronage patronage0_ where patronage0_.status=1 
2022-05-28 18:36:38.857 DEBUG [org.hibernate.SQL@http-nio-8080-exec-7] select max(patronage0_.budget_amount) as col_0_0_ from patronage patronage0_ where patronage0_.status=1 
2022-05-28 18:36:38.858 DEBUG [org.hibernate.SQL@http-nio-8080-exec-7] select avg(patronage0_.budget_amount) as col_0_0_ from patronage patronage0_ where patronage0_.status=1 group by patronage0_.status 
2022-05-28 18:36:38.860 DEBUG [org.hibernate.SQL@http-nio-8080-exec-7] select std(patronage0_.budget_amount) as col_0_0_ from patronage patronage0_ where patronage0_.status=1 
2022-05-28 18:36:38.861 DEBUG [org.hibernate.SQL@http-nio-8080-exec-7] select min(patronage0_.budget_amount) as col_0_0_ from patronage patronage0_ where patronage0_.status=2 
2022-05-28 18:36:38.862 DEBUG [org.hibernate.SQL@http-nio-8080-exec-7] select max(patronage0_.budget_amount) as col_0_0_ from patronage patronage0_ where patronage0_.status=2 
2022-05-28 18:36:38.864 DEBUG [org.hibernate.SQL@http-nio-8080-exec-7] select avg(patronage0_.budget_amount) as col_0_0_ from patronage patronage0_ where patronage0_.status=2 group by patronage0_.status 
2022-05-28 18:36:38.865 DEBUG [org.hibernate.SQL@http-nio-8080-exec-7] select std(patronage0_.budget_amount) as col_0_0_ from patronage patronage0_ where patronage0_.status=2 
2022-05-28 18:36:38.866 DEBUG [org.hibernate.SQL@http-nio-8080-exec-7] select min(patronage0_.budget_amount) as col_0_0_ from patronage patronage0_ where patronage0_.status=0 
2022-05-28 18:36:38.867 DEBUG [org.hibernate.SQL@http-nio-8080-exec-7] select max(patronage0_.budget_amount) as col_0_0_ from patronage patronage0_ where patronage0_.status=0 
2022-05-28 18:36:38.868 DEBUG [org.hibernate.SQL@http-nio-8080-exec-7] select avg(patronage0_.budget_amount) as col_0_0_ from patronage patronage0_ where patronage0_.status=0 group by patronage0_.status 
2022-05-28 18:36:38.870 DEBUG [org.hibernate.SQL@http-nio-8080-exec-7] select std(patronage0_.budget_amount) as col_0_0_ from patronage patronage0_ where patronage0_.status=0 
2022-05-28 18:36:38.872 DEBUG [org.hibernate.SQL@http-nio-8080-exec-7] select min(chimpum0_.budget_amount) as col_0_0_, chimpum0_.budget_currency as col_1_0_ from chimpum chimpum0_ group by chimpum0_.budget_currency 
2022-05-28 18:36:38.874 DEBUG [org.hibernate.SQL@http-nio-8080-exec-7] select max(chimpum0_.budget_amount) as col_0_0_, chimpum0_.budget_currency as col_1_0_ from chimpum chimpum0_ group by chimpum0_.budget_currency 
2022-05-28 18:36:38.875 DEBUG [org.hibernate.SQL@http-nio-8080-exec-7] select avg(chimpum0_.budget_amount) as col_0_0_, chimpum0_.budget_currency as col_1_0_ from chimpum chimpum0_ group by chimpum0_.budget_currency 
2022-05-28 18:36:38.877 DEBUG [org.hibernate.SQL@http-nio-8080-exec-7] select std(chimpum0_.budget_amount) as col_0_0_, chimpum0_.budget_currency as col_1_0_ from chimpum chimpum0_ group by chimpum0_.budget_currency 
2022-05-28 18:36:38.879 DEBUG [org.hibernate.SQL@http-nio-8080-exec-7] select count(item0_.id) as col_0_0_ from item item0_ where item0_.type='COMPONENT' 
2022-05-28 18:36:38.880 DEBUG [org.hibernate.SQL@http-nio-8080-exec-7] select count(item0_.id) as col_0_0_ from item item0_ where item0_.type='COMPONENT' and (item0_.chimpum_id is not null) 
2022-05-28 18:36:38.886 DEBUG [acme.framework.controllers.AbstractController@http-nio-8080-exec-7] Committing transaction b3de03d7-a5c7-45ce-a5c4-30f7f503c878 
2022-05-28 18:36:38.888 DEBUG [acme.framework.controllers.AbstractController@http-nio-8080-exec-7] Starting transaction e7607ed3-484d-48e6-9d8e-b1423095eda5 
2022-05-28 18:36:38.888 DEBUG [acme.framework.controllers.AbstractController@http-nio-8080-exec-7] Committing transaction e7607ed3-484d-48e6-9d8e-b1423095eda5 
2022-05-28 18:36:38.889 DEBUG [acme.framework.controllers.AbstractController@http-nio-8080-exec-7] SERVING GET /acme-toolkits-22.7/administrator/administrator-dashboard/show 
2022-05-28 18:36:38.892 DEBUG [acme.framework.controllers.AbstractController@http-nio-8080-exec-7] Result: ModelAndView [view="administrator/administrator-dashboard/form"; model={averagePriceOfComponents=[5.0->h, EUR, 0.1->java, EUR, 5321.22->t, EUR, 0.0->tecnologia nuclear, EUR, 500000.0->tecnologia1.0, EUR, 0.01->tecnologia mecánica, GBP, 50.0->tapiz, USD, 20000.22->techonology, USD, 35.4->tecnologia eléctrica, USD, 0.55->tecnologia mecánica, USD, 532.22->tecnologia2.3, USD], maxPriceOfComponents=[5.0->h, EUR, 0.1->java, EUR, 5321.22->t, EUR, 0.0->tecnologia nuclear, EUR, 500000.0->tecnologia1.0, EUR, 0.01->tecnologia mecánica, GBP, 50.0->tapiz, USD, 20000.22->techonology, USD, 35.4->tecnologia eléctrica, USD, 1.0->tecnologia mecánica, USD, 532.22->tecnologia2.3, USD], maxAcceptedPatronages=1000.0, deviationPriceOfTools=[<<EUR 199478.01>>, <<GBP 0.00>>, <<USD 7409.89>>], deviationDeniedPatronages=0.0, minPriceOfTools=[<<EUR 0.00>>, <<GBP 0.01>>, <<USD 0.10>>], averageProposedPatronages=1000.0, minAcceptedPatronages=1000.0, minPriceOfComponents=[5.0->h, EUR, 0.1->java, EUR, 5321.22->t, EUR, 0.0->tecnologia nuclear, EUR, 500000.0->tecnologia1.0, EUR, 0.01->tecnologia mecánica, GBP, 50.0->tapiz, USD, 20000.22->techonology, USD, 35.4->tecnologia eléctrica, USD, 0.1->tecnologia mecánica, USD, 532.22->tecnologia2.3, USD], averageBudgetOfChimpums=[<<CAD 5.15>>, <<EUR 0.10>>, <<GBP 10.25>>, <<USD 3.53>>], numberOfProposedPatronages=1, deviationProposedPatronages=0.0, minBudgetOfChimpums=[<<CAD 0.30>>, <<EUR 0.10>>, <<GBP 0.50>>, <<USD 0.10>>], numberOfDeniedPatronages=2, averageDeniedPatronages=1000.0, minProposedPatronages=1000.0, numberOfAcceptedPatronages=3, deviationAcceptedPatronages=0.0, deviationBudgetOfChimpums=[<<CAD 4.85>>, <<EUR 0.00>>, <<GBP 9.75>>, <<USD 4.58>>], maxPriceOfTools=[<<EUR 500000.00>>, <<GBP 0.01>>, <<USD 20000.22>>], totalNumComponents=12, averageAcceptedPatronages=1000.0, ratioComponentsWithChimpum=0.0, maxDeniedPatronages=1000.0, deviationPriceOfComponents=[0.0->h, EUR, 0.0->java, EUR, 0.0->t, EUR, 0.0->tecnologia nuclear, EUR, 0.0->tecnologia1.0, EUR, 0.0->tecnologia mecánica, GBP, 0.0->tapiz, USD, 0.0->techonology, USD, 0.0->tecnologia eléctrica, USD, 0.45000000000000007->tecnologia mecánica, USD, 0.0->tecnologia2.3, USD], minDeniedPatronages=1000.0, averagePriceOfTools=[<<EUR 101065.26>>, <<GBP 0.01>>, <<USD 3436.49>>], maxBudgetOfChimpums=[<<CAD 10.00>>, <<EUR 0.10>>, <<GBP 20.00>>, <<USD 10.00>>], totalNumTools=12, maxProposedPatronages=1000.0, command=show, principal=acme.framework.entities.Principal@eeca020}] 
2022-05-28 18:36:38.895 DEBUG [acme.framework.components.tiles.DynamicTilesView@http-nio-8080-exec-7] View name 'administrator/administrator-dashboard/form', model {averagePriceOfComponents=[5.0->h, EUR, 0.1->java, EUR, 5321.22->t, EUR, 0.0->tecnologia nuclear, EUR, 500000.0->tecnologia1.0, EUR, 0.01->tecnologia mecánica, GBP, 50.0->tapiz, USD, 20000.22->techonology, USD, 35.4->tecnologia eléctrica, USD, 0.55->tecnologia mecánica, USD, 532.22->tecnologia2.3, USD], maxPriceOfComponents=[5.0->h, EUR, 0.1->java, EUR, 5321.22->t, EUR, 0.0->tecnologia nuclear, EUR, 500000.0->tecnologia1.0, EUR, 0.01->tecnologia mecánica, GBP, 50.0->tapiz, USD, 20000.22->techonology, USD, 35.4->tecnologia eléctrica, USD, 1.0->tecnologia mecánica, USD, 532.22->tecnologia2.3, USD], maxAcceptedPatronages=1000.0, deviationPriceOfTools=[<<EUR 199478.01>>, <<GBP 0.00>>, <<USD 7409.89>>], deviationDeniedPatronages=0.0, minPriceOfTools=[<<EUR 0.00>>, <<GBP 0.01>>, <<USD 0.10>>], averageProposedPatronages=1000.0, minAcceptedPatronages=1000.0, minPriceOfComponents=[5.0->h, EUR, 0.1->java, EUR, 5321.22->t, EUR, 0.0->tecnologia nuclear, EUR, 500000.0->tecnologia1.0, EUR, 0.01->tecnologia mecánica, GBP, 50.0->tapiz, USD, 20000.22->techonology, USD, 35.4->tecnologia eléctrica, USD, 0.1->tecnologia mecánica, USD, 532.22->tecnologia2.3, USD], averageBudgetOfChimpums=[<<CAD 5.15>>, <<EUR 0.10>>, <<GBP 10.25>>, <<USD 3.53>>], numberOfProposedPatronages=1, deviationProposedPatronages=0.0, minBudgetOfChimpums=[<<CAD 0.30>>, <<EUR 0.10>>, <<GBP 0.50>>, <<USD 0.10>>], numberOfDeniedPatronages=2, averageDeniedPatronages=1000.0, minProposedPatronages=1000.0, numberOfAcceptedPatronages=3, deviationAcceptedPatronages=0.0, deviationBudgetOfChimpums=[<<CAD 4.85>>, <<EUR 0.00>>, <<GBP 9.75>>, <<USD 4.58>>], maxPriceOfTools=[<<EUR 500000.00>>, <<GBP 0.01>>, <<USD 20000.22>>], totalNumComponents=12, averageAcceptedPatronages=1000.0, ratioComponentsWithChimpum=0.0, maxDeniedPatronages=1000.0, deviationPriceOfComponents=[0.0->h, EUR, 0.0->java, EUR, 0.0->t, EUR, 0.0->tecnologia nuclear, EUR, 0.0->tecnologia1.0, EUR, 0.0->tecnologia mecánica, GBP, 0.0->tapiz, USD, 0.0->techonology, USD, 0.0->tecnologia eléctrica, USD, 0.45000000000000007->tecnologia mecánica, USD, 0.0->tecnologia2.3, USD], minDeniedPatronages=1000.0, averagePriceOfTools=[<<EUR 101065.26>>, <<GBP 0.01>>, <<USD 3436.49>>], maxBudgetOfChimpums=[<<CAD 10.00>>, <<EUR 0.10>>, <<GBP 20.00>>, <<USD 10.00>>], totalNumTools=12, maxProposedPatronages=1000.0, command=show, principal=acme.framework.entities.Principal@eeca020, org.springframework.validation.BindingResult.principal=org.springframework.validation.BeanPropertyBindingResult: 0 errors} 
2022-05-28 18:36:38.896 DEBUG [org.apache.jasper.servlet.JspServlet@http-nio-8080-exec-7] JspEngine --> /WEB-INF/views/master/page.jsp 
2022-05-28 18:36:38.896 DEBUG [org.apache.jasper.servlet.JspServlet@http-nio-8080-exec-7] ServletPath: /WEB-INF/views/master/page.jsp 
2022-05-28 18:36:38.897 DEBUG [org.apache.jasper.servlet.JspServlet@http-nio-8080-exec-7] PathInfo: null 
2022-05-28 18:36:38.897 DEBUG [org.apache.jasper.servlet.JspServlet@http-nio-8080-exec-7] RealPath: /Users/miguel/Downloads/Doc Locales/Miguelito/Universidad/3º Curso/DP2/Workspace-22.7/Projects/Acme-Toolkits/target/classes/WEB-INF/views/master/page.jsp 
2022-05-28 18:36:38.897 DEBUG [org.apache.jasper.servlet.JspServlet@http-nio-8080-exec-7] RequestURI: /acme-toolkits-22.7/WEB-INF/views/master/page.jsp 
2022-05-28 18:36:38.897 DEBUG [org.apache.jasper.servlet.JspServlet@http-nio-8080-exec-7] QueryString: null 
2022-05-28 18:36:38.977 DEBUG [org.apache.jasper.servlet.JspServlet@http-nio-8080-exec-7] JspEngine --> /WEB-INF/views/administrator/administrator-dashboard/form.jsp 
2022-05-28 18:36:38.977 DEBUG [org.apache.jasper.servlet.JspServlet@http-nio-8080-exec-7] ServletPath: /WEB-INF/views/master/page.jsp 
2022-05-28 18:36:38.978 DEBUG [org.apache.jasper.servlet.JspServlet@http-nio-8080-exec-7] PathInfo: null 
2022-05-28 18:36:38.978 DEBUG [org.apache.jasper.servlet.JspServlet@http-nio-8080-exec-7] RealPath: /Users/miguel/Downloads/Doc Locales/Miguelito/Universidad/3º Curso/DP2/Workspace-22.7/Projects/Acme-Toolkits/target/classes/WEB-INF/views/administrator/administrator-dashboard/form.jsp 
2022-05-28 18:36:38.978 DEBUG [org.apache.jasper.servlet.JspServlet@http-nio-8080-exec-7] RequestURI: /acme-toolkits-22.7/WEB-INF/views/master/page.jsp 
2022-05-28 18:36:38.979 DEBUG [org.apache.jasper.servlet.JspServlet@http-nio-8080-exec-7] QueryString: null 
2022-05-28 18:37:20.707 INFO  [acme.framework.configuration.ShutdownConfiguration@SpringContextShutdownHook] The system is shutting down... 
