2022-05-28 18:16:51.919 INFO  [acme.Launcher@main] Starting Launcher using Java 1.8.0_281 on MacBook-Pro.local with PID 11331 (/Users/miguel/Downloads/Doc Locales/Miguelito/Universidad/3º Curso/DP2/Workspace-22.7/Frameworks/Acme-Framework-22.7/target/classes started by miguel in /Users/miguel/Downloads/Doc Locales/Miguelito/Universidad/3º Curso/DP2/Workspace-22.7/Projects/Acme-Toolkits) 
2022-05-28 18:16:51.919 DEBUG [acme.Launcher@main] Running with Spring Boot v2.4.2, Spring v5.3.3 
2022-05-28 18:16:51.920 INFO  [acme.Launcher@main] The following profiles are active: development,populator 
2022-05-28 18:16:53.989 DEBUG [org.apache.jasper.servlet.JasperInitializer@main] Initializing Jasper for context [application] 
2022-05-28 18:16:58.410 DEBUG [org.apache.jasper.servlet.JspServlet@main] Scratch dir for the JSP engine is: [/private/var/folders/nd/x9m_7s254vn11c4v2h295x500000gn/T/tomcat.8083.7403017115160757769/work/Tomcat/localhost/acme-toolkits-22.7] 
2022-05-28 18:16:58.411 DEBUG [org.apache.jasper.servlet.JspServlet@main] IMPORTANT: Do not modify the generated servlets 
2022-05-28 18:16:58.421 INFO  [acme.Launcher@main] Started Launcher in 7.2 seconds (JVM running for 7.702) 
2022-05-28 18:16:58.425 DEBUG [acme.Launcher@main] Found classpath entry '/Users/miguel/Downloads/Doc%20Locales/Miguelito/Universidad/3%c2%ba%20Curso/DP2/Workspace-22.7/Projects/Acme-Toolkits/target/test-classes/' 
2022-05-28 18:16:58.425 DEBUG [acme.Launcher@main] Found classpath entry '/Users/miguel/Downloads/Doc%20Locales/Miguelito/Universidad/3%c2%ba%20Curso/DP2/Workspace-22.7/Projects/Acme-Toolkits/target/classes/' 
2022-05-28 18:16:58.425 DEBUG [acme.Launcher@main] Found classpath entry '/Users/miguel/Downloads/Doc%20Locales/Miguelito/Universidad/3%c2%ba%20Curso/DP2/Workspace-22.7/Frameworks/Acme-Framework-22.7/target/classes/' 
2022-05-28 18:16:58.425 DEBUG [acme.Launcher@main] Found classpath entry '/Users/miguel/Downloads/Doc%20Locales/Miguelito/Universidad/3%c2%ba%20Curso/DP2/Workspace-22.7/Frameworks/Acme-Framework-22.7/target/test-classes/' 
2022-05-28 18:16:58.426 DEBUG [acme.Launcher@main] Found classpath entry '/Users/miguel/.m2/repository/org/springframework/boot/spring-boot-starter-tomcat/2.4.2/spring-boot-starter-tomcat-2.4.2.jar' 
2022-05-28 18:16:58.426 DEBUG [acme.Launcher@main] Found classpath entry '/Users/miguel/.m2/repository/jakarta/annotation/jakarta.annotation-api/1.3.5/jakarta.annotation-api-1.3.5.jar' 
2022-05-28 18:16:58.426 DEBUG [acme.Launcher@main] Found classpath entry '/Users/miguel/.m2/repository/org/apache/tomcat/embed/tomcat-embed-core/9.0.41/tomcat-embed-core-9.0.41.jar' 
2022-05-28 18:16:58.426 DEBUG [acme.Launcher@main] Found classpath entry '/Users/miguel/.m2/repository/org/glassfish/jakarta.el/3.0.3/jakarta.el-3.0.3.jar' 
2022-05-28 18:16:58.426 DEBUG [acme.Launcher@main] Found classpath entry '/Users/miguel/.m2/repository/org/apache/tomcat/embed/tomcat-embed-websocket/9.0.41/tomcat-embed-websocket-9.0.41.jar' 
2022-05-28 18:16:58.426 DEBUG [acme.Launcher@main] Found classpath entry '/Users/miguel/.m2/repository/org/apache/tomcat/embed/tomcat-embed-jasper/9.0.41/tomcat-embed-jasper-9.0.41.jar' 
2022-05-28 18:16:58.426 DEBUG [acme.Launcher@main] Found classpath entry '/Users/miguel/.m2/repository/org/apache/tomcat/embed/tomcat-embed-el/9.0.41/tomcat-embed-el-9.0.41.jar' 
2022-05-28 18:16:58.427 DEBUG [acme.Launcher@main] Found classpath entry '/Users/miguel/.m2/repository/org/eclipse/jdt/ecj/3.18.0/ecj-3.18.0.jar' 
2022-05-28 18:16:58.427 DEBUG [acme.Launcher@main] Found classpath entry '/Users/miguel/.m2/repository/javax/servlet/jstl/1.2/jstl-1.2.jar' 
2022-05-28 18:16:58.427 DEBUG [acme.Launcher@main] Found classpath entry '/Users/miguel/.m2/repository/org/springframework/boot/spring-boot-starter-security/2.4.2/spring-boot-starter-security-2.4.2.jar' 
2022-05-28 18:16:58.427 DEBUG [acme.Launcher@main] Found classpath entry '/Users/miguel/.m2/repository/org/springframework/boot/spring-boot-starter/2.4.2/spring-boot-starter-2.4.2.jar' 
2022-05-28 18:16:58.427 DEBUG [acme.Launcher@main] Found classpath entry '/Users/miguel/.m2/repository/org/springframework/boot/spring-boot/2.4.2/spring-boot-2.4.2.jar' 
2022-05-28 18:16:58.427 DEBUG [acme.Launcher@main] Found classpath entry '/Users/miguel/.m2/repository/org/springframework/boot/spring-boot-autoconfigure/2.4.2/spring-boot-autoconfigure-2.4.2.jar' 
2022-05-28 18:16:58.427 DEBUG [acme.Launcher@main] Found classpath entry '/Users/miguel/.m2/repository/org/springframework/boot/spring-boot-starter-logging/2.4.2/spring-boot-starter-logging-2.4.2.jar' 
2022-05-28 18:16:58.428 DEBUG [acme.Launcher@main] Found classpath entry '/Users/miguel/.m2/repository/ch/qos/logback/logback-classic/1.2.3/logback-classic-1.2.3.jar' 
2022-05-28 18:16:58.428 DEBUG [acme.Launcher@main] Found classpath entry '/Users/miguel/.m2/repository/ch/qos/logback/logback-core/1.2.3/logback-core-1.2.3.jar' 
2022-05-28 18:16:58.428 DEBUG [acme.Launcher@main] Found classpath entry '/Users/miguel/.m2/repository/org/apache/logging/log4j/log4j-to-slf4j/2.13.3/log4j-to-slf4j-2.13.3.jar' 
2022-05-28 18:16:58.428 DEBUG [acme.Launcher@main] Found classpath entry '/Users/miguel/.m2/repository/org/apache/logging/log4j/log4j-api/2.13.3/log4j-api-2.13.3.jar' 
2022-05-28 18:16:58.428 DEBUG [acme.Launcher@main] Found classpath entry '/Users/miguel/.m2/repository/org/slf4j/jul-to-slf4j/1.7.30/jul-to-slf4j-1.7.30.jar' 
2022-05-28 18:16:58.428 DEBUG [acme.Launcher@main] Found classpath entry '/Users/miguel/.m2/repository/org/yaml/snakeyaml/1.27/snakeyaml-1.27.jar' 
2022-05-28 18:16:58.428 DEBUG [acme.Launcher@main] Found classpath entry '/Users/miguel/.m2/repository/org/springframework/spring-aop/5.3.3/spring-aop-5.3.3.jar' 
2022-05-28 18:16:58.428 DEBUG [acme.Launcher@main] Found classpath entry '/Users/miguel/.m2/repository/org/springframework/security/spring-security-web/5.4.2/spring-security-web-5.4.2.jar' 
2022-05-28 18:16:58.428 DEBUG [acme.Launcher@main] Found classpath entry '/Users/miguel/.m2/repository/org/springframework/security/spring-security-core/5.4.2/spring-security-core-5.4.2.jar' 
2022-05-28 18:16:58.429 DEBUG [acme.Launcher@main] Found classpath entry '/Users/miguel/.m2/repository/org/springframework/spring-beans/5.3.3/spring-beans-5.3.3.jar' 
2022-05-28 18:16:58.429 DEBUG [acme.Launcher@main] Found classpath entry '/Users/miguel/.m2/repository/org/springframework/spring-context/5.3.3/spring-context-5.3.3.jar' 
2022-05-28 18:16:58.429 DEBUG [acme.Launcher@main] Found classpath entry '/Users/miguel/.m2/repository/org/springframework/spring-core/5.3.3/spring-core-5.3.3.jar' 
2022-05-28 18:16:58.429 DEBUG [acme.Launcher@main] Found classpath entry '/Users/miguel/.m2/repository/org/springframework/spring-jcl/5.3.3/spring-jcl-5.3.3.jar' 
2022-05-28 18:16:58.429 DEBUG [acme.Launcher@main] Found classpath entry '/Users/miguel/.m2/repository/org/springframework/spring-expression/5.3.3/spring-expression-5.3.3.jar' 
2022-05-28 18:16:58.429 DEBUG [acme.Launcher@main] Found classpath entry '/Users/miguel/.m2/repository/org/springframework/spring-web/5.3.3/spring-web-5.3.3.jar' 
2022-05-28 18:16:58.429 DEBUG [acme.Launcher@main] Found classpath entry '/Users/miguel/.m2/repository/org/springframework/security/spring-security-config/5.4.2/spring-security-config-5.4.2.jar' 
2022-05-28 18:16:58.429 DEBUG [acme.Launcher@main] Found classpath entry '/Users/miguel/.m2/repository/org/springframework/security/spring-security-taglibs/5.4.2/spring-security-taglibs-5.4.2.jar' 
2022-05-28 18:16:58.430 DEBUG [acme.Launcher@main] Found classpath entry '/Users/miguel/.m2/repository/org/springframework/security/spring-security-acl/5.4.2/spring-security-acl-5.4.2.jar' 
2022-05-28 18:16:58.430 DEBUG [acme.Launcher@main] Found classpath entry '/Users/miguel/.m2/repository/org/springframework/spring-jdbc/5.3.3/spring-jdbc-5.3.3.jar' 
2022-05-28 18:16:58.430 DEBUG [acme.Launcher@main] Found classpath entry '/Users/miguel/.m2/repository/org/springframework/spring-tx/5.3.3/spring-tx-5.3.3.jar' 
2022-05-28 18:16:58.430 DEBUG [acme.Launcher@main] Found classpath entry '/Users/miguel/.m2/repository/org/springframework/boot/spring-boot-starter-web/2.4.2/spring-boot-starter-web-2.4.2.jar' 
2022-05-28 18:16:58.430 DEBUG [acme.Launcher@main] Found classpath entry '/Users/miguel/.m2/repository/org/springframework/boot/spring-boot-starter-json/2.4.2/spring-boot-starter-json-2.4.2.jar' 
2022-05-28 18:16:58.430 DEBUG [acme.Launcher@main] Found classpath entry '/Users/miguel/.m2/repository/com/fasterxml/jackson/core/jackson-databind/2.11.4/jackson-databind-2.11.4.jar' 
2022-05-28 18:16:58.430 DEBUG [acme.Launcher@main] Found classpath entry '/Users/miguel/.m2/repository/com/fasterxml/jackson/core/jackson-annotations/2.11.4/jackson-annotations-2.11.4.jar' 
2022-05-28 18:16:58.430 DEBUG [acme.Launcher@main] Found classpath entry '/Users/miguel/.m2/repository/com/fasterxml/jackson/core/jackson-core/2.11.4/jackson-core-2.11.4.jar' 
2022-05-28 18:16:58.431 DEBUG [acme.Launcher@main] Found classpath entry '/Users/miguel/.m2/repository/com/fasterxml/jackson/datatype/jackson-datatype-jdk8/2.11.4/jackson-datatype-jdk8-2.11.4.jar' 
2022-05-28 18:16:58.431 DEBUG [acme.Launcher@main] Found classpath entry '/Users/miguel/.m2/repository/com/fasterxml/jackson/datatype/jackson-datatype-jsr310/2.11.4/jackson-datatype-jsr310-2.11.4.jar' 
2022-05-28 18:16:58.431 DEBUG [acme.Launcher@main] Found classpath entry '/Users/miguel/.m2/repository/com/fasterxml/jackson/module/jackson-module-parameter-names/2.11.4/jackson-module-parameter-names-2.11.4.jar' 
2022-05-28 18:16:58.431 DEBUG [acme.Launcher@main] Found classpath entry '/Users/miguel/.m2/repository/org/springframework/spring-webmvc/5.3.3/spring-webmvc-5.3.3.jar' 
2022-05-28 18:16:58.431 DEBUG [acme.Launcher@main] Found classpath entry '/Users/miguel/.m2/repository/org/apache/tiles/tiles-jsp/3.0.8/tiles-jsp-3.0.8.jar' 
2022-05-28 18:16:58.431 DEBUG [acme.Launcher@main] Found classpath entry '/Users/miguel/.m2/repository/org/apache/tiles/tiles-servlet/3.0.8/tiles-servlet-3.0.8.jar' 
2022-05-28 18:16:58.431 DEBUG [acme.Launcher@main] Found classpath entry '/Users/miguel/.m2/repository/org/apache/tiles/tiles-core/3.0.8/tiles-core-3.0.8.jar' 
2022-05-28 18:16:58.431 DEBUG [acme.Launcher@main] Found classpath entry '/Users/miguel/.m2/repository/commons-digester/commons-digester/2.0/commons-digester-2.0.jar' 
2022-05-28 18:16:58.432 DEBUG [acme.Launcher@main] Found classpath entry '/Users/miguel/.m2/repository/org/slf4j/jcl-over-slf4j/1.7.30/jcl-over-slf4j-1.7.30.jar' 
2022-05-28 18:16:58.432 DEBUG [acme.Launcher@main] Found classpath entry '/Users/miguel/.m2/repository/org/apache/tiles/tiles-request-servlet/1.0.7/tiles-request-servlet-1.0.7.jar' 
2022-05-28 18:16:58.432 DEBUG [acme.Launcher@main] Found classpath entry '/Users/miguel/.m2/repository/org/apache/tiles/tiles-template/3.0.8/tiles-template-3.0.8.jar' 
2022-05-28 18:16:58.432 DEBUG [acme.Launcher@main] Found classpath entry '/Users/miguel/.m2/repository/org/apache/tiles/tiles-api/3.0.8/tiles-api-3.0.8.jar' 
2022-05-28 18:16:58.432 DEBUG [acme.Launcher@main] Found classpath entry '/Users/miguel/.m2/repository/org/apache/tiles/tiles-autotag-core-runtime/1.2/tiles-autotag-core-runtime-1.2.jar' 
2022-05-28 18:16:58.432 DEBUG [acme.Launcher@main] Found classpath entry '/Users/miguel/.m2/repository/org/slf4j/slf4j-api/1.7.30/slf4j-api-1.7.30.jar' 
2022-05-28 18:16:58.432 DEBUG [acme.Launcher@main] Found classpath entry '/Users/miguel/.m2/repository/org/apache/tiles/tiles-request-jsp/1.0.7/tiles-request-jsp-1.0.7.jar' 
2022-05-28 18:16:58.433 DEBUG [acme.Launcher@main] Found classpath entry '/Users/miguel/.m2/repository/org/apache/tiles/tiles-request-api/1.0.7/tiles-request-api-1.0.7.jar' 
2022-05-28 18:16:58.433 DEBUG [acme.Launcher@main] Found classpath entry '/Users/miguel/.m2/repository/org/springframework/boot/spring-boot-starter-data-jpa/2.4.2/spring-boot-starter-data-jpa-2.4.2.jar' 
2022-05-28 18:16:58.433 DEBUG [acme.Launcher@main] Found classpath entry '/Users/miguel/.m2/repository/org/springframework/boot/spring-boot-starter-aop/2.4.2/spring-boot-starter-aop-2.4.2.jar' 
2022-05-28 18:16:58.433 DEBUG [acme.Launcher@main] Found classpath entry '/Users/miguel/.m2/repository/org/aspectj/aspectjweaver/1.9.6/aspectjweaver-1.9.6.jar' 
2022-05-28 18:16:58.433 DEBUG [acme.Launcher@main] Found classpath entry '/Users/miguel/.m2/repository/org/springframework/boot/spring-boot-starter-jdbc/2.4.2/spring-boot-starter-jdbc-2.4.2.jar' 
2022-05-28 18:16:58.433 DEBUG [acme.Launcher@main] Found classpath entry '/Users/miguel/.m2/repository/jakarta/transaction/jakarta.transaction-api/1.3.3/jakarta.transaction-api-1.3.3.jar' 
2022-05-28 18:16:58.433 DEBUG [acme.Launcher@main] Found classpath entry '/Users/miguel/.m2/repository/jakarta/persistence/jakarta.persistence-api/2.2.3/jakarta.persistence-api-2.2.3.jar' 
2022-05-28 18:16:58.433 DEBUG [acme.Launcher@main] Found classpath entry '/Users/miguel/.m2/repository/org/hibernate/hibernate-core/5.4.27.Final/hibernate-core-5.4.27.Final.jar' 
2022-05-28 18:16:58.433 DEBUG [acme.Launcher@main] Found classpath entry '/Users/miguel/.m2/repository/org/jboss/logging/jboss-logging/3.4.1.Final/jboss-logging-3.4.1.Final.jar' 
2022-05-28 18:16:58.434 DEBUG [acme.Launcher@main] Found classpath entry '/Users/miguel/.m2/repository/org/javassist/javassist/3.27.0-GA/javassist-3.27.0-GA.jar' 
2022-05-28 18:16:58.434 DEBUG [acme.Launcher@main] Found classpath entry '/Users/miguel/.m2/repository/antlr/antlr/2.7.7/antlr-2.7.7.jar' 
2022-05-28 18:16:58.434 DEBUG [acme.Launcher@main] Found classpath entry '/Users/miguel/.m2/repository/org/jboss/jandex/2.1.3.Final/jandex-2.1.3.Final.jar' 
2022-05-28 18:16:58.434 DEBUG [acme.Launcher@main] Found classpath entry '/Users/miguel/.m2/repository/com/fasterxml/classmate/1.5.1/classmate-1.5.1.jar' 
2022-05-28 18:16:58.434 DEBUG [acme.Launcher@main] Found classpath entry '/Users/miguel/.m2/repository/org/dom4j/dom4j/2.1.3/dom4j-2.1.3.jar' 
2022-05-28 18:16:58.434 DEBUG [acme.Launcher@main] Found classpath entry '/Users/miguel/.m2/repository/org/hibernate/common/hibernate-commons-annotations/5.1.2.Final/hibernate-commons-annotations-5.1.2.Final.jar' 
2022-05-28 18:16:58.434 DEBUG [acme.Launcher@main] Found classpath entry '/Users/miguel/.m2/repository/org/glassfish/jaxb/jaxb-runtime/2.3.3/jaxb-runtime-2.3.3.jar' 
2022-05-28 18:16:58.434 DEBUG [acme.Launcher@main] Found classpath entry '/Users/miguel/.m2/repository/org/glassfish/jaxb/txw2/2.3.3/txw2-2.3.3.jar' 
2022-05-28 18:16:58.434 DEBUG [acme.Launcher@main] Found classpath entry '/Users/miguel/.m2/repository/com/sun/istack/istack-commons-runtime/3.0.11/istack-commons-runtime-3.0.11.jar' 
2022-05-28 18:16:58.435 DEBUG [acme.Launcher@main] Found classpath entry '/Users/miguel/.m2/repository/com/sun/activation/jakarta.activation/1.2.2/jakarta.activation-1.2.2.jar' 
2022-05-28 18:16:58.435 DEBUG [acme.Launcher@main] Found classpath entry '/Users/miguel/.m2/repository/org/springframework/data/spring-data-jpa/2.4.3/spring-data-jpa-2.4.3.jar' 
2022-05-28 18:16:58.435 DEBUG [acme.Launcher@main] Found classpath entry '/Users/miguel/.m2/repository/org/springframework/data/spring-data-commons/2.4.3/spring-data-commons-2.4.3.jar' 
2022-05-28 18:16:58.435 DEBUG [acme.Launcher@main] Found classpath entry '/Users/miguel/.m2/repository/org/springframework/spring-orm/5.3.3/spring-orm-5.3.3.jar' 
2022-05-28 18:16:58.435 DEBUG [acme.Launcher@main] Found classpath entry '/Users/miguel/.m2/repository/org/springframework/spring-aspects/5.3.3/spring-aspects-5.3.3.jar' 
2022-05-28 18:16:58.435 DEBUG [acme.Launcher@main] Found classpath entry '/Users/miguel/.m2/repository/org/springframework/boot/spring-boot-starter-validation/2.4.2/spring-boot-starter-validation-2.4.2.jar' 
2022-05-28 18:16:58.435 DEBUG [acme.Launcher@main] Found classpath entry '/Users/miguel/.m2/repository/org/hibernate/validator/hibernate-validator/6.1.7.Final/hibernate-validator-6.1.7.Final.jar' 
2022-05-28 18:16:58.435 DEBUG [acme.Launcher@main] Found classpath entry '/Users/miguel/.m2/repository/jakarta/validation/jakarta.validation-api/2.0.2/jakarta.validation-api-2.0.2.jar' 
2022-05-28 18:16:58.435 DEBUG [acme.Launcher@main] Found classpath entry '/Users/miguel/.m2/repository/mysql/mysql-connector-java/8.0.22/mysql-connector-java-8.0.22.jar' 
2022-05-28 18:16:58.435 DEBUG [acme.Launcher@main] Found classpath entry '/Users/miguel/.m2/repository/com/zaxxer/HikariCP/3.4.5/HikariCP-3.4.5.jar' 
2022-05-28 18:16:58.436 DEBUG [acme.Launcher@main] Found classpath entry '/Users/miguel/.m2/repository/org/springframework/boot/spring-boot-starter-test/2.4.2/spring-boot-starter-test-2.4.2.jar' 
2022-05-28 18:16:58.436 DEBUG [acme.Launcher@main] Found classpath entry '/Users/miguel/.m2/repository/org/springframework/boot/spring-boot-test/2.4.2/spring-boot-test-2.4.2.jar' 
2022-05-28 18:16:58.436 DEBUG [acme.Launcher@main] Found classpath entry '/Users/miguel/.m2/repository/org/springframework/boot/spring-boot-test-autoconfigure/2.4.2/spring-boot-test-autoconfigure-2.4.2.jar' 
2022-05-28 18:16:58.436 DEBUG [acme.Launcher@main] Found classpath entry '/Users/miguel/.m2/repository/com/jayway/jsonpath/json-path/2.4.0/json-path-2.4.0.jar' 
2022-05-28 18:16:58.436 DEBUG [acme.Launcher@main] Found classpath entry '/Users/miguel/.m2/repository/net/minidev/json-smart/2.3/json-smart-2.3.jar' 
2022-05-28 18:16:58.436 DEBUG [acme.Launcher@main] Found classpath entry '/Users/miguel/.m2/repository/net/minidev/accessors-smart/1.2/accessors-smart-1.2.jar' 
2022-05-28 18:16:58.436 DEBUG [acme.Launcher@main] Found classpath entry '/Users/miguel/.m2/repository/org/ow2/asm/asm/5.0.4/asm-5.0.4.jar' 
2022-05-28 18:16:58.436 DEBUG [acme.Launcher@main] Found classpath entry '/Users/miguel/.m2/repository/jakarta/xml/bind/jakarta.xml.bind-api/2.3.3/jakarta.xml.bind-api-2.3.3.jar' 
2022-05-28 18:16:58.436 DEBUG [acme.Launcher@main] Found classpath entry '/Users/miguel/.m2/repository/jakarta/activation/jakarta.activation-api/1.2.2/jakarta.activation-api-1.2.2.jar' 
2022-05-28 18:16:58.436 DEBUG [acme.Launcher@main] Found classpath entry '/Users/miguel/.m2/repository/org/assertj/assertj-core/3.18.1/assertj-core-3.18.1.jar' 
2022-05-28 18:16:58.436 DEBUG [acme.Launcher@main] Found classpath entry '/Users/miguel/.m2/repository/org/hamcrest/hamcrest/2.2/hamcrest-2.2.jar' 
2022-05-28 18:16:58.436 DEBUG [acme.Launcher@main] Found classpath entry '/Users/miguel/.m2/repository/org/junit/jupiter/junit-jupiter/5.7.0/junit-jupiter-5.7.0.jar' 
2022-05-28 18:16:58.436 DEBUG [acme.Launcher@main] Found classpath entry '/Users/miguel/.m2/repository/org/mockito/mockito-core/3.6.28/mockito-core-3.6.28.jar' 
2022-05-28 18:16:58.436 DEBUG [acme.Launcher@main] Found classpath entry '/Users/miguel/.m2/repository/net/bytebuddy/byte-buddy-agent/1.10.19/byte-buddy-agent-1.10.19.jar' 
2022-05-28 18:16:58.437 DEBUG [acme.Launcher@main] Found classpath entry '/Users/miguel/.m2/repository/org/objenesis/objenesis/3.1/objenesis-3.1.jar' 
2022-05-28 18:16:58.437 DEBUG [acme.Launcher@main] Found classpath entry '/Users/miguel/.m2/repository/org/mockito/mockito-junit-jupiter/3.6.28/mockito-junit-jupiter-3.6.28.jar' 
2022-05-28 18:16:58.437 DEBUG [acme.Launcher@main] Found classpath entry '/Users/miguel/.m2/repository/org/skyscreamer/jsonassert/1.5.0/jsonassert-1.5.0.jar' 
2022-05-28 18:16:58.437 DEBUG [acme.Launcher@main] Found classpath entry '/Users/miguel/.m2/repository/com/vaadin/external/google/android-json/0.0.20131108.vaadin1/android-json-0.0.20131108.vaadin1.jar' 
2022-05-28 18:16:58.437 DEBUG [acme.Launcher@main] Found classpath entry '/Users/miguel/.m2/repository/org/springframework/spring-test/5.3.3/spring-test-5.3.3.jar' 
2022-05-28 18:16:58.437 DEBUG [acme.Launcher@main] Found classpath entry '/Users/miguel/.m2/repository/org/xmlunit/xmlunit-core/2.7.0/xmlunit-core-2.7.0.jar' 
2022-05-28 18:16:58.437 DEBUG [acme.Launcher@main] Found classpath entry '/Users/miguel/.m2/repository/org/junit/jupiter/junit-jupiter-engine/5.7.0/junit-jupiter-engine-5.7.0.jar' 
2022-05-28 18:16:58.437 DEBUG [acme.Launcher@main] Found classpath entry '/Users/miguel/.m2/repository/org/apiguardian/apiguardian-api/1.1.0/apiguardian-api-1.1.0.jar' 
2022-05-28 18:16:58.437 DEBUG [acme.Launcher@main] Found classpath entry '/Users/miguel/.m2/repository/org/junit/platform/junit-platform-engine/1.7.0/junit-platform-engine-1.7.0.jar' 
2022-05-28 18:16:58.437 DEBUG [acme.Launcher@main] Found classpath entry '/Users/miguel/.m2/repository/org/junit/jupiter/junit-jupiter-api/5.7.0/junit-jupiter-api-5.7.0.jar' 
2022-05-28 18:16:58.437 DEBUG [acme.Launcher@main] Found classpath entry '/Users/miguel/.m2/repository/org/opentest4j/opentest4j/1.2.0/opentest4j-1.2.0.jar' 
2022-05-28 18:16:58.437 DEBUG [acme.Launcher@main] Found classpath entry '/Users/miguel/.m2/repository/org/junit/platform/junit-platform-commons/1.7.0/junit-platform-commons-1.7.0.jar' 
2022-05-28 18:16:58.437 DEBUG [acme.Launcher@main] Found classpath entry '/Users/miguel/.m2/repository/org/junit/jupiter/junit-jupiter-params/5.7.0/junit-jupiter-params-5.7.0.jar' 
2022-05-28 18:16:58.437 DEBUG [acme.Launcher@main] Found classpath entry '/Users/miguel/.m2/repository/org/junit/platform/junit-platform-launcher/1.7.0/junit-platform-launcher-1.7.0.jar' 
2022-05-28 18:16:58.438 DEBUG [acme.Launcher@main] Found classpath entry '/Users/miguel/.m2/repository/org/seleniumhq/selenium/selenium-java/3.141.59/selenium-java-3.141.59.jar' 
2022-05-28 18:16:58.438 DEBUG [acme.Launcher@main] Found classpath entry '/Users/miguel/.m2/repository/org/seleniumhq/selenium/selenium-api/3.141.59/selenium-api-3.141.59.jar' 
2022-05-28 18:16:58.438 DEBUG [acme.Launcher@main] Found classpath entry '/Users/miguel/.m2/repository/org/seleniumhq/selenium/selenium-chrome-driver/3.141.59/selenium-chrome-driver-3.141.59.jar' 
2022-05-28 18:16:58.438 DEBUG [acme.Launcher@main] Found classpath entry '/Users/miguel/.m2/repository/org/seleniumhq/selenium/selenium-edge-driver/3.141.59/selenium-edge-driver-3.141.59.jar' 
2022-05-28 18:16:58.438 DEBUG [acme.Launcher@main] Found classpath entry '/Users/miguel/.m2/repository/org/seleniumhq/selenium/selenium-firefox-driver/3.141.59/selenium-firefox-driver-3.141.59.jar' 
2022-05-28 18:16:58.438 DEBUG [acme.Launcher@main] Found classpath entry '/Users/miguel/.m2/repository/org/seleniumhq/selenium/selenium-ie-driver/3.141.59/selenium-ie-driver-3.141.59.jar' 
2022-05-28 18:16:58.438 DEBUG [acme.Launcher@main] Found classpath entry '/Users/miguel/.m2/repository/org/seleniumhq/selenium/selenium-opera-driver/3.141.59/selenium-opera-driver-3.141.59.jar' 
2022-05-28 18:16:58.438 DEBUG [acme.Launcher@main] Found classpath entry '/Users/miguel/.m2/repository/org/seleniumhq/selenium/selenium-remote-driver/3.141.59/selenium-remote-driver-3.141.59.jar' 
2022-05-28 18:16:58.438 DEBUG [acme.Launcher@main] Found classpath entry '/Users/miguel/.m2/repository/org/seleniumhq/selenium/selenium-safari-driver/3.141.59/selenium-safari-driver-3.141.59.jar' 
2022-05-28 18:16:58.438 DEBUG [acme.Launcher@main] Found classpath entry '/Users/miguel/.m2/repository/org/seleniumhq/selenium/selenium-support/3.141.59/selenium-support-3.141.59.jar' 
2022-05-28 18:16:58.438 DEBUG [acme.Launcher@main] Found classpath entry '/Users/miguel/.m2/repository/net/bytebuddy/byte-buddy/1.10.19/byte-buddy-1.10.19.jar' 
2022-05-28 18:16:58.438 DEBUG [acme.Launcher@main] Found classpath entry '/Users/miguel/.m2/repository/org/apache/commons/commons-exec/1.3/commons-exec-1.3.jar' 
2022-05-28 18:16:58.438 DEBUG [acme.Launcher@main] Found classpath entry '/Users/miguel/.m2/repository/com/google/guava/guava/25.0-jre/guava-25.0-jre.jar' 
2022-05-28 18:16:58.439 DEBUG [acme.Launcher@main] Found classpath entry '/Users/miguel/.m2/repository/com/google/code/findbugs/jsr305/1.3.9/jsr305-1.3.9.jar' 
2022-05-28 18:16:58.439 DEBUG [acme.Launcher@main] Found classpath entry '/Users/miguel/.m2/repository/org/checkerframework/checker-compat-qual/2.0.0/checker-compat-qual-2.0.0.jar' 
2022-05-28 18:16:58.439 DEBUG [acme.Launcher@main] Found classpath entry '/Users/miguel/.m2/repository/com/google/errorprone/error_prone_annotations/2.1.3/error_prone_annotations-2.1.3.jar' 
2022-05-28 18:16:58.439 DEBUG [acme.Launcher@main] Found classpath entry '/Users/miguel/.m2/repository/com/google/j2objc/j2objc-annotations/1.1/j2objc-annotations-1.1.jar' 
2022-05-28 18:16:58.439 DEBUG [acme.Launcher@main] Found classpath entry '/Users/miguel/.m2/repository/org/codehaus/mojo/animal-sniffer-annotations/1.14/animal-sniffer-annotations-1.14.jar' 
2022-05-28 18:16:58.439 DEBUG [acme.Launcher@main] Found classpath entry '/Users/miguel/.m2/repository/com/squareup/okhttp3/okhttp/3.14.9/okhttp-3.14.9.jar' 
2022-05-28 18:16:58.439 DEBUG [acme.Launcher@main] Found classpath entry '/Users/miguel/.m2/repository/com/squareup/okio/okio/1.14.0/okio-1.14.0.jar' 
2022-05-28 18:16:58.439 DEBUG [acme.Launcher@main] Found classpath entry '/Users/miguel/.m2/repository/org/apache/commons/commons-lang3/3.11/commons-lang3-3.11.jar' 
2022-05-28 18:16:58.439 DEBUG [acme.Launcher@main] Found classpath entry '/Users/miguel/.m2/repository/org/apache/commons/commons-text/1.8/commons-text-1.8.jar' 
2022-05-28 18:16:58.439 DEBUG [acme.Launcher@main] Found classpath entry '/Users/miguel/.m2/repository/commons-io/commons-io/2.6/commons-io-2.6.jar' 
2022-05-28 18:16:58.439 DEBUG [acme.Launcher@main] Found classpath entry '/Users/miguel/.m2/repository/commons-cli/commons-cli/1.4/commons-cli-1.4.jar' 
2022-05-28 18:16:58.439 DEBUG [acme.Launcher@main] Found classpath entry '/Users/miguel/.m2/repository/org/projectlombok/lombok/1.18.16/lombok-1.18.16.jar' 
2022-05-28 18:16:58.439 DEBUG [acme.Launcher@main] Found classpath entry '/Users/miguel/.m2/repository/com/opencsv/opencsv/5.4/opencsv-5.4.jar' 
2022-05-28 18:16:58.439 DEBUG [acme.Launcher@main] Found classpath entry '/Users/miguel/.m2/repository/commons-beanutils/commons-beanutils/1.9.4/commons-beanutils-1.9.4.jar' 
2022-05-28 18:16:58.440 DEBUG [acme.Launcher@main] Found classpath entry '/Users/miguel/.m2/repository/commons-logging/commons-logging/1.2/commons-logging-1.2.jar' 
2022-05-28 18:16:58.440 DEBUG [acme.Launcher@main] Found classpath entry '/Users/miguel/.m2/repository/commons-collections/commons-collections/3.2.2/commons-collections-3.2.2.jar' 
2022-05-28 18:16:58.440 DEBUG [acme.Launcher@main] Found classpath entry '/Users/miguel/.m2/repository/org/apache/commons/commons-collections4/4.4/commons-collections4-4.4.jar' 
2022-05-28 18:16:58.440 DEBUG [acme.Launcher@main] Found classpath entry '/Users/miguel/Downloads/Doc%20Locales/Miguelito/Universidad/3%c2%ba%20Curso/DP2/Workspace-22.7/Projects/Acme-Toolkits/libs/Spam.jar' 
2022-05-28 18:16:58.489 DEBUG [acme.Launcher@main] Found entity class 'acme.entities.Announcement 
2022-05-28 18:16:58.489 DEBUG [acme.Launcher@main] Found entity class 'acme.entities.Chimpum 
2022-05-28 18:16:58.489 DEBUG [acme.Launcher@main] Found entity class 'acme.entities.Chirp 
2022-05-28 18:16:58.489 DEBUG [acme.Launcher@main] Found entity class 'acme.entities.Item 
2022-05-28 18:16:58.489 DEBUG [acme.Launcher@main] Found entity class 'acme.entities.ItemQuantity 
2022-05-28 18:16:58.490 DEBUG [acme.Launcher@main] Found entity class 'acme.entities.MoneyExchangeCache 
2022-05-28 18:16:58.490 DEBUG [acme.Launcher@main] Found entity class 'acme.entities.Patronage 
2022-05-28 18:16:58.490 DEBUG [acme.Launcher@main] Found entity class 'acme.entities.PatronageReport 
2022-05-28 18:16:58.490 DEBUG [acme.Launcher@main] Found entity class 'acme.entities.SystemConfiguration 
2022-05-28 18:16:58.490 DEBUG [acme.Launcher@main] Found entity class 'acme.entities.Toolkit 
2022-05-28 18:16:58.490 DEBUG [acme.Launcher@main] Found entity class 'acme.roles.Inventor 
2022-05-28 18:16:58.490 DEBUG [acme.Launcher@main] Found entity class 'acme.roles.Patron 
2022-05-28 18:16:58.490 DEBUG [acme.Launcher@main] Found entity class 'acme.framework.entities.UserAccount 
2022-05-28 18:16:58.490 DEBUG [acme.Launcher@main] Found entity class 'acme.framework.roles.Administrator 
2022-05-28 18:16:58.491 DEBUG [acme.Launcher@main] Found entity class 'acme.framework.roles.Anonymous 
2022-05-28 18:16:58.491 DEBUG [acme.Launcher@main] Found entity class 'acme.framework.roles.Any 
2022-05-28 18:16:58.491 DEBUG [acme.Launcher@main] Found entity class 'acme.framework.roles.Authenticated 
2022-05-28 18:16:58.494 INFO  [acme.Launcher@main] Populating (sample data) 
2022-05-28 18:16:58.496 INFO  [acme.framework.components.database.DatabasePopulator@main] Reading entities from 'classpath:/WEB-INF/resources/initial-data' 
2022-05-28 18:16:58.503 DEBUG [acme.framework.components.database.Dataset@main] Reading dataset from '/Users/miguel/Downloads/Doc Locales/Miguelito/Universidad/3º Curso/DP2/Workspace-22.7/Projects/Acme-Toolkits/target/classes/WEB-INF/resources/initial-data/administrator.csv' 
2022-05-28 18:16:58.570 DEBUG [acme.framework.components.database.Dataset@main] Reading mapping '{key:user-account=user-account-administrator-01, key=administrator-01}' from '/Users/miguel/Downloads/Doc Locales/Miguelito/Universidad/3º Curso/DP2/Workspace-22.7/Projects/Acme-Toolkits/target/classes/WEB-INF/resources/initial-data/administrator.csv' 
2022-05-28 18:16:58.571 DEBUG [acme.framework.components.database.Dataset@main] Reading dataset from '/Users/miguel/Downloads/Doc Locales/Miguelito/Universidad/3º Curso/DP2/Workspace-22.7/Projects/Acme-Toolkits/target/classes/WEB-INF/resources/initial-data/anonymous.csv' 
2022-05-28 18:16:58.572 DEBUG [acme.framework.components.database.Dataset@main] Reading mapping '{key:user-account=user-account-anonymous-01, key=anonymous-01}' from '/Users/miguel/Downloads/Doc Locales/Miguelito/Universidad/3º Curso/DP2/Workspace-22.7/Projects/Acme-Toolkits/target/classes/WEB-INF/resources/initial-data/anonymous.csv' 
2022-05-28 18:16:58.573 DEBUG [acme.framework.components.database.Dataset@main] Reading dataset from '/Users/miguel/Downloads/Doc Locales/Miguelito/Universidad/3º Curso/DP2/Workspace-22.7/Projects/Acme-Toolkits/target/classes/WEB-INF/resources/initial-data/user-account.csv' 
2022-05-28 18:16:58.573 DEBUG [acme.framework.components.database.Dataset@main] Reading mapping '{password=HIDDEN-PASSWORD, identity=UserIdentity{name: 'John', surname: 'Doe', email: 'john.doe@acme.com'}, key=user-account-anonymous-01, enabled=false, username=anonymous}' from '/Users/miguel/Downloads/Doc Locales/Miguelito/Universidad/3º Curso/DP2/Workspace-22.7/Projects/Acme-Toolkits/target/classes/WEB-INF/resources/initial-data/user-account.csv' 
2022-05-28 18:16:58.573 DEBUG [acme.framework.components.database.Dataset@main] Reading mapping '{password=administrator, identity=UserIdentity{name: 'Administrator', surname: 'Acme', email: 'administrator@acme.com'}, key=user-account-administrator-01, enabled=true, username=administrator}' from '/Users/miguel/Downloads/Doc Locales/Miguelito/Universidad/3º Curso/DP2/Workspace-22.7/Projects/Acme-Toolkits/target/classes/WEB-INF/resources/initial-data/user-account.csv' 
2022-05-28 18:16:58.574 DEBUG [acme.framework.components.database.EntityWeb@main] Setting attributes of entities of class acme.framework.roles.Anonymous 
2022-05-28 18:16:58.574 DEBUG [acme.framework.components.database.EntityWeb@main] Setting attributes of entities of class acme.framework.roles.Administrator 
2022-05-28 18:16:58.574 DEBUG [acme.framework.components.database.EntityWeb@main] Setting attributes of entities of class acme.framework.entities.UserAccount 
2022-05-28 18:16:58.694 DEBUG [acme.framework.components.database.EntityWeb@main] Linking entities of class acme.framework.roles.Anonymous 
2022-05-28 18:16:58.697 DEBUG [acme.framework.components.database.EntityWeb@main] Linking entities of class acme.framework.roles.Administrator 
2022-05-28 18:16:58.699 DEBUG [acme.framework.components.database.EntityWeb@main] Linking entities of class acme.framework.entities.UserAccount 
2022-05-28 18:16:58.699 INFO  [acme.framework.components.database.DatabasePopulator@main] Reading entities from 'classpath:/WEB-INF/resources/sample-data' 
2022-05-28 18:16:58.700 DEBUG [acme.framework.components.database.Dataset@main] Reading dataset from '/Users/miguel/Downloads/Doc Locales/Miguelito/Universidad/3º Curso/DP2/Workspace-22.7/Projects/Acme-Toolkits/target/classes/WEB-INF/resources/sample-data/chimpum.csv' 
2022-05-28 18:16:58.701 DEBUG [acme.framework.components.database.Dataset@main] Reading mapping '{endDate=2022/07/24 00:00, creationMoment=2000/01/01 00:00, pattern=AA-BB-, description=Primer chimpum, title=chimp1, moreInfo= http://www.example.com, key=chimpum-01, startDate=2022/05/24 00:00, budget=EUR 0.1}' from '/Users/miguel/Downloads/Doc Locales/Miguelito/Universidad/3º Curso/DP2/Workspace-22.7/Projects/Acme-Toolkits/target/classes/WEB-INF/resources/sample-data/chimpum.csv' 
2022-05-28 18:16:58.701 DEBUG [acme.framework.components.database.Dataset@main] Reading mapping '{endDate=2022/07/24 00:00, creationMoment=2000/01/01 00:00, pattern=BC-DS-, description=Segundo chimpum, title=chimp2, moreInfo= http://www.example.com, key=chimpum-02, startDate=2022/05/24 00:00, budget=USD 10}' from '/Users/miguel/Downloads/Doc Locales/Miguelito/Universidad/3º Curso/DP2/Workspace-22.7/Projects/Acme-Toolkits/target/classes/WEB-INF/resources/sample-data/chimpum.csv' 
2022-05-28 18:16:58.701 DEBUG [acme.framework.components.database.Dataset@main] Reading mapping '{endDate=2022/07/24 00:00, creationMoment=2000/01/01 00:00, pattern=MR-SA-, description=Tercero chimpum, title=chimp3, moreInfo= http://www.example.com, key=chimpum-03, startDate=2022/05/24 00:00, budget=CAD 0.3}' from '/Users/miguel/Downloads/Doc Locales/Miguelito/Universidad/3º Curso/DP2/Workspace-22.7/Projects/Acme-Toolkits/target/classes/WEB-INF/resources/sample-data/chimpum.csv' 
2022-05-28 18:16:58.701 DEBUG [acme.framework.components.database.Dataset@main] Reading mapping '{endDate=2022/07/24 00:00, creationMoment=2000/01/01 00:00, pattern=AA-AA-, description=Cuarto chimpum, title=chimp4, moreInfo= http://www.example.com, key=chimpum-04, startDate=2022/05/24 00:00, budget=USD 0.1}' from '/Users/miguel/Downloads/Doc Locales/Miguelito/Universidad/3º Curso/DP2/Workspace-22.7/Projects/Acme-Toolkits/target/classes/WEB-INF/resources/sample-data/chimpum.csv' 
2022-05-28 18:16:58.702 DEBUG [acme.framework.components.database.Dataset@main] Reading mapping '{endDate=2022/07/24 00:00, creationMoment=2000/01/01 00:00, pattern=AR-DF-, description=Quinto chimpum, title=chimp5, moreInfo= http://www.example.com, key=chimpum-05, startDate=2022/05/24 00:00, budget=GBP 0.5}' from '/Users/miguel/Downloads/Doc Locales/Miguelito/Universidad/3º Curso/DP2/Workspace-22.7/Projects/Acme-Toolkits/target/classes/WEB-INF/resources/sample-data/chimpum.csv' 
2022-05-28 18:16:58.702 DEBUG [acme.framework.components.database.Dataset@main] Reading mapping '{endDate=2022/07/24 00:00, creationMoment=2000/01/01 00:00, pattern=DS-GF-, description=Sexto chimpum, title=chimp6, moreInfo= http://www.example.com, key=chimpum-06, startDate=2022/05/24 00:00, budget=EUR 0.1}' from '/Users/miguel/Downloads/Doc Locales/Miguelito/Universidad/3º Curso/DP2/Workspace-22.7/Projects/Acme-Toolkits/target/classes/WEB-INF/resources/sample-data/chimpum.csv' 
2022-05-28 18:16:58.702 DEBUG [acme.framework.components.database.Dataset@main] Reading mapping '{endDate=2022/07/24 00:00, creationMoment=2000/01/01 00:00, pattern=DD-DD-, description=Septimo chimpum, title=chimp7, moreInfo= http://www.example.com, key=chimpum-07, startDate=2022/05/24 00:00, budget=GBP 20}' from '/Users/miguel/Downloads/Doc Locales/Miguelito/Universidad/3º Curso/DP2/Workspace-22.7/Projects/Acme-Toolkits/target/classes/WEB-INF/resources/sample-data/chimpum.csv' 
2022-05-28 18:16:58.702 DEBUG [acme.framework.components.database.Dataset@main] Reading mapping '{endDate=2022/07/24 00:00, creationMoment=2000/01/01 00:00, pattern=DF-AS-, description=Octavo chimpum, title=chimp8, moreInfo= http://www.example.com, key=chimpum-08, startDate=2022/05/24 00:00, budget=USD 0.5}' from '/Users/miguel/Downloads/Doc Locales/Miguelito/Universidad/3º Curso/DP2/Workspace-22.7/Projects/Acme-Toolkits/target/classes/WEB-INF/resources/sample-data/chimpum.csv' 
2022-05-28 18:16:58.702 DEBUG [acme.framework.components.database.Dataset@main] Reading mapping '{endDate=2022/07/24 00:00, creationMoment=2000/01/01 00:00, pattern=SD-AA-, description=Noveno chimpum, title=chimp9, moreInfo= http://www.example.com, key=chimpum-09, startDate=2022/05/24 00:00, budget=CAD 10}' from '/Users/miguel/Downloads/Doc Locales/Miguelito/Universidad/3º Curso/DP2/Workspace-22.7/Projects/Acme-Toolkits/target/classes/WEB-INF/resources/sample-data/chimpum.csv' 
2022-05-28 18:16:58.702 DEBUG [acme.framework.components.database.Dataset@main] Reading dataset from '/Users/miguel/Downloads/Doc Locales/Miguelito/Universidad/3º Curso/DP2/Workspace-22.7/Projects/Acme-Toolkits/target/classes/WEB-INF/resources/sample-data/item-quantity.csv' 
2022-05-28 18:16:58.703 DEBUG [acme.framework.components.database.Dataset@main] Reading mapping '{quantity=1, key:toolkit=toolkit-01, key=item-quantity-01, key:item=item-01}' from '/Users/miguel/Downloads/Doc Locales/Miguelito/Universidad/3º Curso/DP2/Workspace-22.7/Projects/Acme-Toolkits/target/classes/WEB-INF/resources/sample-data/item-quantity.csv' 
2022-05-28 18:16:58.703 DEBUG [acme.framework.components.database.Dataset@main] Reading mapping '{quantity=1, key:toolkit=toolkit-02, key=item-quantity-02, key:item=item-02}' from '/Users/miguel/Downloads/Doc Locales/Miguelito/Universidad/3º Curso/DP2/Workspace-22.7/Projects/Acme-Toolkits/target/classes/WEB-INF/resources/sample-data/item-quantity.csv' 
2022-05-28 18:16:58.703 DEBUG [acme.framework.components.database.Dataset@main] Reading mapping '{quantity=2, key:toolkit=toolkit-03, key=item-quantity-03, key:item=item-20}' from '/Users/miguel/Downloads/Doc Locales/Miguelito/Universidad/3º Curso/DP2/Workspace-22.7/Projects/Acme-Toolkits/target/classes/WEB-INF/resources/sample-data/item-quantity.csv' 
2022-05-28 18:16:58.703 DEBUG [acme.framework.components.database.Dataset@main] Reading mapping '{quantity=1, key:toolkit=toolkit-04, key=item-quantity-04, key:item=item-02}' from '/Users/miguel/Downloads/Doc Locales/Miguelito/Universidad/3º Curso/DP2/Workspace-22.7/Projects/Acme-Toolkits/target/classes/WEB-INF/resources/sample-data/item-quantity.csv' 
2022-05-28 18:16:58.703 DEBUG [acme.framework.components.database.Dataset@main] Reading mapping '{quantity=12, key:toolkit=toolkit-05, key=item-quantity-05, key:item=item-03}' from '/Users/miguel/Downloads/Doc Locales/Miguelito/Universidad/3º Curso/DP2/Workspace-22.7/Projects/Acme-Toolkits/target/classes/WEB-INF/resources/sample-data/item-quantity.csv' 
2022-05-28 18:16:58.703 DEBUG [acme.framework.components.database.Dataset@main] Reading mapping '{quantity=1, key:toolkit=toolkit-06, key=item-quantity-06, key:item=item-04}' from '/Users/miguel/Downloads/Doc Locales/Miguelito/Universidad/3º Curso/DP2/Workspace-22.7/Projects/Acme-Toolkits/target/classes/WEB-INF/resources/sample-data/item-quantity.csv' 
2022-05-28 18:16:58.703 DEBUG [acme.framework.components.database.Dataset@main] Reading mapping '{quantity=1, key:toolkit=toolkit-07, key=item-quantity-07, key:item=item-05}' from '/Users/miguel/Downloads/Doc Locales/Miguelito/Universidad/3º Curso/DP2/Workspace-22.7/Projects/Acme-Toolkits/target/classes/WEB-INF/resources/sample-data/item-quantity.csv' 
2022-05-28 18:16:58.704 DEBUG [acme.framework.components.database.Dataset@main] Reading mapping '{quantity=1, key:toolkit=toolkit-08, key=item-quantity-08, key:item=item-06}' from '/Users/miguel/Downloads/Doc Locales/Miguelito/Universidad/3º Curso/DP2/Workspace-22.7/Projects/Acme-Toolkits/target/classes/WEB-INF/resources/sample-data/item-quantity.csv' 
2022-05-28 18:16:58.704 DEBUG [acme.framework.components.database.Dataset@main] Reading mapping '{quantity=1, key:toolkit=toolkit-05, key=item-quantity-09, key:item=item-07}' from '/Users/miguel/Downloads/Doc Locales/Miguelito/Universidad/3º Curso/DP2/Workspace-22.7/Projects/Acme-Toolkits/target/classes/WEB-INF/resources/sample-data/item-quantity.csv' 
2022-05-28 18:16:58.704 DEBUG [acme.framework.components.database.Dataset@main] Reading mapping '{quantity=4, key:toolkit=toolkit-06, key=item-quantity-10, key:item=item-08}' from '/Users/miguel/Downloads/Doc Locales/Miguelito/Universidad/3º Curso/DP2/Workspace-22.7/Projects/Acme-Toolkits/target/classes/WEB-INF/resources/sample-data/item-quantity.csv' 
2022-05-28 18:16:58.704 DEBUG [acme.framework.components.database.Dataset@main] Reading mapping '{quantity=1, key:toolkit=toolkit-07, key=item-quantity-11, key:item=item-09}' from '/Users/miguel/Downloads/Doc Locales/Miguelito/Universidad/3º Curso/DP2/Workspace-22.7/Projects/Acme-Toolkits/target/classes/WEB-INF/resources/sample-data/item-quantity.csv' 
2022-05-28 18:16:58.704 DEBUG [acme.framework.components.database.Dataset@main] Reading mapping '{quantity=7, key:toolkit=toolkit-08, key=item-quantity-12, key:item=item-10}' from '/Users/miguel/Downloads/Doc Locales/Miguelito/Universidad/3º Curso/DP2/Workspace-22.7/Projects/Acme-Toolkits/target/classes/WEB-INF/resources/sample-data/item-quantity.csv' 
2022-05-28 18:16:58.704 DEBUG [acme.framework.components.database.Dataset@main] Reading mapping '{quantity=77, key:toolkit=toolkit-01, key=item-quantity-13, key:item=item-12}' from '/Users/miguel/Downloads/Doc Locales/Miguelito/Universidad/3º Curso/DP2/Workspace-22.7/Projects/Acme-Toolkits/target/classes/WEB-INF/resources/sample-data/item-quantity.csv' 
2022-05-28 18:16:58.704 DEBUG [acme.framework.components.database.Dataset@main] Reading mapping '{quantity=777, key:toolkit=toolkit-01, key=item-quantity-14, key:item=item-19}' from '/Users/miguel/Downloads/Doc Locales/Miguelito/Universidad/3º Curso/DP2/Workspace-22.7/Projects/Acme-Toolkits/target/classes/WEB-INF/resources/sample-data/item-quantity.csv' 
2022-05-28 18:16:58.704 DEBUG [acme.framework.components.database.Dataset@main] Reading mapping '{quantity=1, key:toolkit=toolkit-02, key=item-quantity-15, key:item=item-20}' from '/Users/miguel/Downloads/Doc Locales/Miguelito/Universidad/3º Curso/DP2/Workspace-22.7/Projects/Acme-Toolkits/target/classes/WEB-INF/resources/sample-data/item-quantity.csv' 
2022-05-28 18:16:58.704 DEBUG [acme.framework.components.database.Dataset@main] Reading mapping '{quantity=12, key:toolkit=toolkit-08, key=item-quantity-16, key:item=item-17}' from '/Users/miguel/Downloads/Doc Locales/Miguelito/Universidad/3º Curso/DP2/Workspace-22.7/Projects/Acme-Toolkits/target/classes/WEB-INF/resources/sample-data/item-quantity.csv' 
2022-05-28 18:16:58.705 DEBUG [acme.framework.components.database.Dataset@main] Reading mapping '{quantity=1, key:toolkit=toolkit-09, key=item-quantity-17, key:item=item-05}' from '/Users/miguel/Downloads/Doc Locales/Miguelito/Universidad/3º Curso/DP2/Workspace-22.7/Projects/Acme-Toolkits/target/classes/WEB-INF/resources/sample-data/item-quantity.csv' 
2022-05-28 18:16:58.705 DEBUG [acme.framework.components.database.Dataset@main] Reading mapping '{quantity=1, key:toolkit=toolkit-10, key=item-quantity-18, key:item=item-16}' from '/Users/miguel/Downloads/Doc Locales/Miguelito/Universidad/3º Curso/DP2/Workspace-22.7/Projects/Acme-Toolkits/target/classes/WEB-INF/resources/sample-data/item-quantity.csv' 
2022-05-28 18:16:58.705 DEBUG [acme.framework.components.database.Dataset@main] Reading mapping '{quantity=1, key:toolkit=toolkit-11, key=item-quantity-19, key:item=item-14}' from '/Users/miguel/Downloads/Doc Locales/Miguelito/Universidad/3º Curso/DP2/Workspace-22.7/Projects/Acme-Toolkits/target/classes/WEB-INF/resources/sample-data/item-quantity.csv' 
2022-05-28 18:16:58.705 DEBUG [acme.framework.components.database.Dataset@main] Reading mapping '{quantity=69, key:toolkit=toolkit-12, key=item-quantity-20, key:item=item-08}' from '/Users/miguel/Downloads/Doc Locales/Miguelito/Universidad/3º Curso/DP2/Workspace-22.7/Projects/Acme-Toolkits/target/classes/WEB-INF/resources/sample-data/item-quantity.csv' 
2022-05-28 18:16:58.705 DEBUG [acme.framework.components.database.Dataset@main] Reading mapping '{quantity=1, key:toolkit=toolkit-13, key=item-quantity-21, key:item=item-15}' from '/Users/miguel/Downloads/Doc Locales/Miguelito/Universidad/3º Curso/DP2/Workspace-22.7/Projects/Acme-Toolkits/target/classes/WEB-INF/resources/sample-data/item-quantity.csv' 
2022-05-28 18:16:58.705 DEBUG [acme.framework.components.database.Dataset@main] Reading mapping '{quantity=1, key:toolkit=toolkit-14, key=item-quantity-22, key:item=item-11}' from '/Users/miguel/Downloads/Doc Locales/Miguelito/Universidad/3º Curso/DP2/Workspace-22.7/Projects/Acme-Toolkits/target/classes/WEB-INF/resources/sample-data/item-quantity.csv' 
2022-05-28 18:16:58.705 DEBUG [acme.framework.components.database.Dataset@main] Reading mapping '{quantity=1, key:toolkit=toolkit-15, key=item-quantity-23, key:item=item-12}' from '/Users/miguel/Downloads/Doc Locales/Miguelito/Universidad/3º Curso/DP2/Workspace-22.7/Projects/Acme-Toolkits/target/classes/WEB-INF/resources/sample-data/item-quantity.csv' 
2022-05-28 18:16:58.705 DEBUG [acme.framework.components.database.Dataset@main] Reading mapping '{quantity=45, key:toolkit=toolkit-16, key=item-quantity-24, key:item=item-13}' from '/Users/miguel/Downloads/Doc Locales/Miguelito/Universidad/3º Curso/DP2/Workspace-22.7/Projects/Acme-Toolkits/target/classes/WEB-INF/resources/sample-data/item-quantity.csv' 
2022-05-28 18:16:58.705 DEBUG [acme.framework.components.database.Dataset@main] Reading mapping '{quantity=2, key:toolkit=toolkit-17, key=item-quantity-25, key:item=item-20}' from '/Users/miguel/Downloads/Doc Locales/Miguelito/Universidad/3º Curso/DP2/Workspace-22.7/Projects/Acme-Toolkits/target/classes/WEB-INF/resources/sample-data/item-quantity.csv' 
2022-05-28 18:16:58.706 DEBUG [acme.framework.components.database.Dataset@main] Reading mapping '{quantity=145, key:toolkit=toolkit-17, key=item-quantity-26, key:item=item-17}' from '/Users/miguel/Downloads/Doc Locales/Miguelito/Universidad/3º Curso/DP2/Workspace-22.7/Projects/Acme-Toolkits/target/classes/WEB-INF/resources/sample-data/item-quantity.csv' 
2022-05-28 18:16:58.706 DEBUG [acme.framework.components.database.Dataset@main] Reading dataset from '/Users/miguel/Downloads/Doc Locales/Miguelito/Universidad/3º Curso/DP2/Workspace-22.7/Projects/Acme-Toolkits/target/classes/WEB-INF/resources/sample-data/inventor.csv' 
2022-05-28 18:16:58.706 DEBUG [acme.framework.components.database.Dataset@main] Reading mapping '{key:user-account=user-account-inventor-01, more-info=http://example.com/, statement=I am the patron number 1, company=Acme-Toolkits, key=inventor-01}' from '/Users/miguel/Downloads/Doc Locales/Miguelito/Universidad/3º Curso/DP2/Workspace-22.7/Projects/Acme-Toolkits/target/classes/WEB-INF/resources/sample-data/inventor.csv' 
2022-05-28 18:16:58.707 DEBUG [acme.framework.components.database.Dataset@main] Reading mapping '{key:user-account=user-account-inventor-02, more-info=http://example.com/, statement=I am the patron number 2, company=Acme-Toolkits, key=inventor-02}' from '/Users/miguel/Downloads/Doc Locales/Miguelito/Universidad/3º Curso/DP2/Workspace-22.7/Projects/Acme-Toolkits/target/classes/WEB-INF/resources/sample-data/inventor.csv' 
2022-05-28 18:16:58.707 DEBUG [acme.framework.components.database.Dataset@main] Reading mapping '{key:user-account=user-account-inventor-03, more-info=http://example.com/, statement=I am the patron number 3, company=!@#~€¬¿?%&/()=, key=inventor-03}' from '/Users/miguel/Downloads/Doc Locales/Miguelito/Universidad/3º Curso/DP2/Workspace-22.7/Projects/Acme-Toolkits/target/classes/WEB-INF/resources/sample-data/inventor.csv' 
2022-05-28 18:16:58.707 DEBUG [acme.framework.components.database.Dataset@main] Reading mapping '{key:user-account=user-account-inventor-04, more-info=http://example.com/, statement=1, company=1, key=inventor-04}' from '/Users/miguel/Downloads/Doc Locales/Miguelito/Universidad/3º Curso/DP2/Workspace-22.7/Projects/Acme-Toolkits/target/classes/WEB-INF/resources/sample-data/inventor.csv' 
2022-05-28 18:16:58.707 DEBUG [acme.framework.components.database.Dataset@main] Reading mapping '{key:user-account=user-account-inventor-05, more-info=http://example.com/, statement=12, company=Ac, key=inventor-05}' from '/Users/miguel/Downloads/Doc Locales/Miguelito/Universidad/3º Curso/DP2/Workspace-22.7/Projects/Acme-Toolkits/target/classes/WEB-INF/resources/sample-data/inventor.csv' 
2022-05-28 18:16:58.707 DEBUG [acme.framework.components.database.Dataset@main] Reading mapping '{key:user-account=user-account-inventor-06, more-info=http://example.com/, statement=1111111111111111111111111111111111111111111111111111111111111111111111111111111111111111111111111111111111111111111111111111111111111111111111111111111111111111111111111111111111111111111111111111111111111111111111111111111111111111111111111111111111111, company=Acme-Toolkitssssssssssssssssssssssssssssssssssssssssssssssssssssssssssssssssssssssssssssssssssssss, key=inventor-06}' from '/Users/miguel/Downloads/Doc Locales/Miguelito/Universidad/3º Curso/DP2/Workspace-22.7/Projects/Acme-Toolkits/target/classes/WEB-INF/resources/sample-data/inventor.csv' 
2022-05-28 18:16:58.707 DEBUG [acme.framework.components.database.Dataset@main] Reading mapping '{key:user-account=user-account-inventor-07, more-info=http://example.com/, statement=11111111111111111111111111111111111111111111111111111111111111111111111111111111111111111111111111111111111111111111111111111111111111111111111111111111111111111111111111111111111111111111111111111111111111111111111111111111111111111111111111111111111111, company=Acme-Toolkitsssssssssssssssssssssssssssssssssssssssssssssssssssssssssssssssssssssssssssssssssssssss, key=inventor-07}' from '/Users/miguel/Downloads/Doc Locales/Miguelito/Universidad/3º Curso/DP2/Workspace-22.7/Projects/Acme-Toolkits/target/classes/WEB-INF/resources/sample-data/inventor.csv' 
2022-05-28 18:16:58.708 DEBUG [acme.framework.components.database.Dataset@main] Reading dataset from '/Users/miguel/Downloads/Doc Locales/Miguelito/Universidad/3º Curso/DP2/Workspace-22.7/Projects/Acme-Toolkits/target/classes/WEB-INF/resources/sample-data/chirp.csv' 
2022-05-28 18:16:58.708 DEBUG [acme.framework.components.database.Dataset@main] Reading mapping '{author=carlos13, creation-moment=2022/03/15 19:35, title=Buenos dias familia, body=Hoy os traigo una nueva receta al canal, key=chirp-01, email=carlos13@gmail.com}' from '/Users/miguel/Downloads/Doc Locales/Miguelito/Universidad/3º Curso/DP2/Workspace-22.7/Projects/Acme-Toolkits/target/classes/WEB-INF/resources/sample-data/chirp.csv' 
2022-05-28 18:16:58.709 DEBUG [acme.framework.components.database.Dataset@main] Reading mapping '{author=carlos13, creation-moment=2022/03/15 00:00, title=Buenos dias familia, body=Hoy os traigo una nueva receta al canal, key=chirp-02, email=carlos13@gmail.com}' from '/Users/miguel/Downloads/Doc Locales/Miguelito/Universidad/3º Curso/DP2/Workspace-22.7/Projects/Acme-Toolkits/target/classes/WEB-INF/resources/sample-data/chirp.csv' 
2022-05-28 18:16:58.709 DEBUG [acme.framework.components.database.Dataset@main] Reading mapping '{author=carlos13, creation-moment=2022/03/15 12:00, title=Buenos dias familia, body=Hoy os traigo una nueva receta al canal, key=chirp-03, email=carlos13@gmail.com}' from '/Users/miguel/Downloads/Doc Locales/Miguelito/Universidad/3º Curso/DP2/Workspace-22.7/Projects/Acme-Toolkits/target/classes/WEB-INF/resources/sample-data/chirp.csv' 
2022-05-28 18:16:58.709 DEBUG [acme.framework.components.database.Dataset@main] Reading mapping '{author=carlos13, creation-moment=2022/03/15 23:59, title=Buenos dias familia, body=Hoy os traigo una nueva receta al canal, key=chirp-04, email=carlos13@gmail.com}' from '/Users/miguel/Downloads/Doc Locales/Miguelito/Universidad/3º Curso/DP2/Workspace-22.7/Projects/Acme-Toolkits/target/classes/WEB-INF/resources/sample-data/chirp.csv' 
2022-05-28 18:16:58.709 DEBUG [acme.framework.components.database.Dataset@main] Reading mapping '{author=carlos13, creation-moment=2022/01/01 00:00, title=Buenos dias familia, body=Hoy os traigo una nueva receta al canal, key=chirp-05, email=carlos13@gmail.com}' from '/Users/miguel/Downloads/Doc Locales/Miguelito/Universidad/3º Curso/DP2/Workspace-22.7/Projects/Acme-Toolkits/target/classes/WEB-INF/resources/sample-data/chirp.csv' 
2022-05-28 18:16:58.710 DEBUG [acme.framework.components.database.Dataset@main] Reading mapping '{author=carlos13, creation-moment=2021/12/31 23:59, title=Buenos dias familia, body=Hoy os traigo una nueva receta al canal, key=chirp-06, email=carlos13@gmail.com}' from '/Users/miguel/Downloads/Doc Locales/Miguelito/Universidad/3º Curso/DP2/Workspace-22.7/Projects/Acme-Toolkits/target/classes/WEB-INF/resources/sample-data/chirp.csv' 
2022-05-28 18:16:58.710 DEBUG [acme.framework.components.database.Dataset@main] Reading mapping '{author=carlos13, creation-moment=2021/12/31 00:00, title=Buenos dias familia, body=Hoy os traigo una nueva receta al canal, key=chirp-07, email=carlos13@gmail.com}' from '/Users/miguel/Downloads/Doc Locales/Miguelito/Universidad/3º Curso/DP2/Workspace-22.7/Projects/Acme-Toolkits/target/classes/WEB-INF/resources/sample-data/chirp.csv' 
2022-05-28 18:16:58.710 DEBUG [acme.framework.components.database.Dataset@main] Reading mapping '{author=carlos13, creation-moment=2022/05/20 19:35, title=B, body=Hoy os traigo una nueva receta al canal, key=chirp-08, email=carlos13@gmail.com}' from '/Users/miguel/Downloads/Doc Locales/Miguelito/Universidad/3º Curso/DP2/Workspace-22.7/Projects/Acme-Toolkits/target/classes/WEB-INF/resources/sample-data/chirp.csv' 
2022-05-28 18:16:58.710 DEBUG [acme.framework.components.database.Dataset@main] Reading mapping '{author=carlos13, creation-moment=2022/05/10 19:35, title=Bu, body=Hoy os traigo una nueva receta al canal, key=chirp-09, email=carlos13@gmail.com}' from '/Users/miguel/Downloads/Doc Locales/Miguelito/Universidad/3º Curso/DP2/Workspace-22.7/Projects/Acme-Toolkits/target/classes/WEB-INF/resources/sample-data/chirp.csv' 
2022-05-28 18:16:58.710 DEBUG [acme.framework.components.database.Dataset@main] Reading mapping '{author=carlos13, creation-moment=2022/05/15 19:59, title=Buenos días familiaaaaaaaaaaaaaaaaaaaaaaaaaaaaaaaaaaaaaaaaaaaaaaaaaaaaaaaaaaaaaaaaaaaaaaaaaaaaaaaaa, body=Hoy os traigo una nueva receta al canal, key=chirp-10, email=carlos13@gmail.com}' from '/Users/miguel/Downloads/Doc Locales/Miguelito/Universidad/3º Curso/DP2/Workspace-22.7/Projects/Acme-Toolkits/target/classes/WEB-INF/resources/sample-data/chirp.csv' 
2022-05-28 18:16:58.710 DEBUG [acme.framework.components.database.Dataset@main] Reading mapping '{author=carlos13, creation-moment=2022/03/15 19:35, title=Buenos días familiaaaaaaaaaaaaaaaaaaaaaaaaaaaaaaaaaaaaaaaaaaaaaaaaaaaaaaaaaaaaaaaaaaaaaaaaaaaaaaaaaa, body=Hoy os traigo una nueva receta al canal, key=chirp-11, email=carlos13@gmail.com}' from '/Users/miguel/Downloads/Doc Locales/Miguelito/Universidad/3º Curso/DP2/Workspace-22.7/Projects/Acme-Toolkits/target/classes/WEB-INF/resources/sample-data/chirp.csv' 
2022-05-28 18:16:58.711 DEBUG [acme.framework.components.database.Dataset@main] Reading mapping '{author=carlos13, creation-moment=2022/05/19 19:35, title=!@#~€¬¿?%&/()=, body=Hoy os traigo una nueva receta al canal, key=chirp-12, email=carlos13@gmail.com}' from '/Users/miguel/Downloads/Doc Locales/Miguelito/Universidad/3º Curso/DP2/Workspace-22.7/Projects/Acme-Toolkits/target/classes/WEB-INF/resources/sample-data/chirp.csv' 
2022-05-28 18:16:58.711 DEBUG [acme.framework.components.database.Dataset@main] Reading mapping '{author=<h2>carlos13</h2>, creation-moment=2022/03/15 19:35, title=<h1>Buenos días familia</h1>, body=<h3>Hoy os traigo una nueva receta al canal</h3>, key=chirp-13, email=carlos13@gmail.com}' from '/Users/miguel/Downloads/Doc Locales/Miguelito/Universidad/3º Curso/DP2/Workspace-22.7/Projects/Acme-Toolkits/target/classes/WEB-INF/resources/sample-data/chirp.csv' 
2022-05-28 18:16:58.718 DEBUG [acme.framework.components.database.Dataset@main] Reading mapping '{author=<script>alert("carlos13")</script>, creation-moment=2022/04/05 19:35, title=<script>alert("Buenos días familia")</script>, body=<script>alert("Hoy os traigo una nueva receta al canal")</script>, key=chirp-14, email=carlos13@gmail.com}' from '/Users/miguel/Downloads/Doc Locales/Miguelito/Universidad/3º Curso/DP2/Workspace-22.7/Projects/Acme-Toolkits/target/classes/WEB-INF/resources/sample-data/chirp.csv' 
2022-05-28 18:16:58.718 DEBUG [acme.framework.components.database.Dataset@main] Reading mapping '{author=carlos13, creation-moment=2022/03/15 19:35, title=Buenos días familia, body=Hoy os traigo una nueva receta al canal, key=chirp-15, email=hola$%#&/.hola@hola.hola}' from '/Users/miguel/Downloads/Doc Locales/Miguelito/Universidad/3º Curso/DP2/Workspace-22.7/Projects/Acme-Toolkits/target/classes/WEB-INF/resources/sample-data/chirp.csv' 
2022-05-28 18:16:58.718 DEBUG [acme.framework.components.database.Dataset@main] Reading mapping '{author=carlos13, creation-moment=2022/03/15 19:35, title=Buenos días familia, body=Hoy os traigo una nueva receta al canal, key=chirp-16, email=null}' from '/Users/miguel/Downloads/Doc Locales/Miguelito/Universidad/3º Curso/DP2/Workspace-22.7/Projects/Acme-Toolkits/target/classes/WEB-INF/resources/sample-data/chirp.csv' 
2022-05-28 18:16:58.718 DEBUG [acme.framework.components.database.Dataset@main] Reading mapping '{author=carlos13, creation-moment=2022/03/15 19:35, title=Buenos días familia, body=Hoy os traigo una nueva receta al canal, key=chirp-17, email=not1cias-A3@hotmail.com}' from '/Users/miguel/Downloads/Doc Locales/Miguelito/Universidad/3º Curso/DP2/Workspace-22.7/Projects/Acme-Toolkits/target/classes/WEB-INF/resources/sample-data/chirp.csv' 
2022-05-28 18:16:58.719 DEBUG [acme.framework.components.database.Dataset@main] Reading mapping '{author=carlos13, creation-moment=2022/03/15 19:35, title=Buenos días familia, body=Hoy os traigo una nueva receta al canal, key=chirp-18, email=elkanka~3@outlook.es}' from '/Users/miguel/Downloads/Doc Locales/Miguelito/Universidad/3º Curso/DP2/Workspace-22.7/Projects/Acme-Toolkits/target/classes/WEB-INF/resources/sample-data/chirp.csv' 
2022-05-28 18:16:58.719 DEBUG [acme.framework.components.database.Dataset@main] Reading dataset from '/Users/miguel/Downloads/Doc Locales/Miguelito/Universidad/3º Curso/DP2/Workspace-22.7/Projects/Acme-Toolkits/target/classes/WEB-INF/resources/sample-data/item.csv' 
2022-05-28 18:16:58.723 ERROR [acme.Launcher@main] acme.framework.components.database.Dataset.readDataset(Dataset.java:178): /Users/miguel/Downloads/Doc Locales/Miguelito/Universidad/3º Curso/DP2/Workspace-22.7/Projects/Acme-Toolkits/target/classes/WEB-INF/resources/sample-data/item.csv: Error on record number 2: The number of data elements is not the same as the number of header elements. Expected 12, found 11. 
2022-05-28 18:16:58.723 INFO  [acme.Launcher@main] The application log provides additional debugging messages! 
2022-05-28 18:16:59.754 INFO  [acme.framework.configuration.ShutdownConfiguration@main] The system is shutting down... 
2022-05-28 18:16:59.771 DEBUG [acme.Launcher@main] Exit code = 0 
